{"C:\\Users\\Alunos\\Desktop\\Back-End-TS\\src\\config\\db.ts": {"path":"C:\\Users\\Alunos\\Desktop\\Back-End-TS\\src\\config\\db.ts","statementMap":{"0":{"start":{"line":1,"column":0},"end":{"line":1,"column":32}},"1":{"start":{"line":2,"column":0},"end":{"line":2,"column":66}},"2":{"start":{"line":7,"column":0},"end":{"line":7,"column":47}},"3":{"start":{"line":8,"column":0},"end":{"line":8,"column":35}},"4":{"start":{"line":12,"column":25},"end":{"line":36,"column":1}},"5":{"start":{"line":13,"column":2},"end":{"line":35,"column":3}},"6":{"start":{"line":14,"column":4},"end":{"line":16,"column":5}},"7":{"start":{"line":15,"column":6},"end":{"line":15,"column":74}},"8":{"start":{"line":19,"column":17},"end":{"line":19,"column":62}},"9":{"start":{"line":21,"column":4},"end":{"line":21,"column":100}},"10":{"start":{"line":23,"column":4},"end":{"line":25,"column":7}},"11":{"start":{"line":24,"column":6},"end":{"line":24,"column":76}},"12":{"start":{"line":27,"column":4},"end":{"line":29,"column":7}},"13":{"start":{"line":28,"column":6},"end":{"line":28,"column":49}},"14":{"start":{"line":31,"column":16},"end":{"line":31,"column":30}},"15":{"start":{"line":32,"column":4},"end":{"line":32,"column":45}},"16":{"start":{"line":34,"column":4},"end":{"line":34,"column":20}},"17":{"start":{"line":12,"column":13},"end":{"line":12,"column":25}}},"fnMap":{"0":{"name":"(anonymous_1)","decl":{"start":{"line":12,"column":25},"end":{"line":12,"column":30}},"loc":{"start":{"line":12,"column":51},"end":{"line":36,"column":1}}},"1":{"name":"(anonymous_2)","decl":{"start":{"line":23,"column":36},"end":{"line":23,"column":37}},"loc":{"start":{"line":23,"column":44},"end":{"line":25,"column":5}}},"2":{"name":"(anonymous_3)","decl":{"start":{"line":27,"column":43},"end":{"line":27,"column":46}},"loc":{"start":{"line":27,"column":48},"end":{"line":29,"column":5}}}},"branchMap":{"0":{"loc":{"start":{"line":14,"column":4},"end":{"line":16,"column":5}},"type":"if","locations":[{"start":{"line":14,"column":4},"end":{"line":16,"column":5}},{"start":{},"end":{}}]}},"s":{"0":2,"1":2,"2":2,"3":2,"4":2,"5":1,"6":1,"7":1,"8":0,"9":0,"10":0,"11":0,"12":0,"13":0,"14":1,"15":1,"16":1,"17":2},"f":{"0":1,"1":0,"2":0},"b":{"0":[1,0]}}
,"C:\\Users\\Alunos\\Desktop\\Back-End-TS\\src\\config\\mail.ts": {"path":"C:\\Users\\Alunos\\Desktop\\Back-End-TS\\src\\config\\mail.ts","statementMap":{"0":{"start":{"line":8,"column":0},"end":{"line":8,"column":16}},"1":{"start":{"line":17,"column":0},"end":{"line":17,"column":16}},"2":{"start":{"line":1,"column":0},"end":{"line":1,"column":53}},"3":{"start":{"line":3,"column":17},"end":{"line":3,"column":38}},"4":{"start":{"line":4,"column":17},"end":{"line":4,"column":51}},"5":{"start":{"line":5,"column":17},"end":{"line":5,"column":38}},"6":{"start":{"line":6,"column":17},"end":{"line":6,"column":38}},"7":{"start":{"line":9,"column":2},"end":{"line":9,"column":58}},"8":{"start":{"line":18,"column":2},"end":{"line":20,"column":3}},"9":{"start":{"line":19,"column":4},"end":{"line":19,"column":21}},"10":{"start":{"line":21,"column":2},"end":{"line":24,"column":3}},"11":{"start":{"line":22,"column":4},"end":{"line":22,"column":21}},"12":{"start":{"line":23,"column":4},"end":{"line":23,"column":16}},"13":{"start":{"line":25,"column":2},"end":{"line":33,"column":5}},"14":{"start":{"line":34,"column":2},"end":{"line":34,"column":19}}},"fnMap":{"0":{"name":"hasSmtpConfig","decl":{"start":{"line":8,"column":16},"end":{"line":8,"column":29}},"loc":{"start":{"line":8,"column":29},"end":{"line":10,"column":1}}},"1":{"name":"getSmtpTransporter","decl":{"start":{"line":17,"column":16},"end":{"line":17,"column":34}},"loc":{"start":{"line":17,"column":34},"end":{"line":35,"column":1}}}},"branchMap":{"0":{"loc":{"start":{"line":4,"column":24},"end":{"line":4,"column":50}},"type":"binary-expr","locations":[{"start":{"line":4,"column":24},"end":{"line":4,"column":45}},{"start":{"line":4,"column":49},"end":{"line":4,"column":50}}]},"1":{"loc":{"start":{"line":9,"column":12},"end":{"line":9,"column":56}},"type":"binary-expr","locations":[{"start":{"line":9,"column":12},"end":{"line":9,"column":20}},{"start":{"line":9,"column":24},"end":{"line":9,"column":32}},{"start":{"line":9,"column":36},"end":{"line":9,"column":44}},{"start":{"line":9,"column":48},"end":{"line":9,"column":56}}]},"2":{"loc":{"start":{"line":18,"column":2},"end":{"line":20,"column":3}},"type":"if","locations":[{"start":{"line":18,"column":2},"end":{"line":20,"column":3}},{"start":{},"end":{}}]},"3":{"loc":{"start":{"line":21,"column":2},"end":{"line":24,"column":3}},"type":"if","locations":[{"start":{"line":21,"column":2},"end":{"line":24,"column":3}},{"start":{},"end":{}}]}},"s":{"0":2,"1":2,"2":2,"3":2,"4":2,"5":2,"6":2,"7":3,"8":2,"9":0,"10":2,"11":0,"12":0,"13":2,"14":2},"f":{"0":3,"1":2},"b":{"0":[2,0],"1":[3,3,3,3],"2":[0,2],"3":[0,2]}}
,"C:\\Users\\Alunos\\Desktop\\Back-End-TS\\src\\config\\publicUrls.ts": {"path":"C:\\Users\\Alunos\\Desktop\\Back-End-TS\\src\\config\\publicUrls.ts","statementMap":{"0":{"start":{"line":5,"column":0},"end":{"line":5,"column":16}},"1":{"start":{"line":12,"column":0},"end":{"line":12,"column":16}},"2":{"start":{"line":6,"column":14},"end":{"line":6,"column":102}},"3":{"start":{"line":7,"column":2},"end":{"line":7,"column":22}},"4":{"start":{"line":7,"column":11},"end":{"line":7,"column":22}},"5":{"start":{"line":8,"column":15},"end":{"line":8,"column":41}},"6":{"start":{"line":9,"column":2},"end":{"line":9,"column":36}},"7":{"start":{"line":13,"column":2},"end":{"line":13,"column":90}}},"fnMap":{"0":{"name":"getPublicApiBaseUrl","decl":{"start":{"line":5,"column":16},"end":{"line":5,"column":35}},"loc":{"start":{"line":5,"column":35},"end":{"line":10,"column":1}}},"1":{"name":"getFrontendBaseUrl","decl":{"start":{"line":12,"column":16},"end":{"line":12,"column":34}},"loc":{"start":{"line":12,"column":34},"end":{"line":14,"column":1}}}},"branchMap":{"0":{"loc":{"start":{"line":6,"column":15},"end":{"line":6,"column":74}},"type":"binary-expr","locations":[{"start":{"line":6,"column":15},"end":{"line":6,"column":41}},{"start":{"line":6,"column":45},"end":{"line":6,"column":68}},{"start":{"line":6,"column":72},"end":{"line":6,"column":74}}]},"1":{"loc":{"start":{"line":7,"column":2},"end":{"line":7,"column":22}},"type":"if","locations":[{"start":{"line":7,"column":2},"end":{"line":7,"column":22}},{"start":{},"end":{}}]},"2":{"loc":{"start":{"line":8,"column":15},"end":{"line":8,"column":41}},"type":"binary-expr","locations":[{"start":{"line":8,"column":15},"end":{"line":8,"column":31}},{"start":{"line":8,"column":35},"end":{"line":8,"column":41}}]},"3":{"loc":{"start":{"line":13,"column":10},"end":{"line":13,"column":61}},"type":"binary-expr","locations":[{"start":{"line":13,"column":10},"end":{"line":13,"column":34}},{"start":{"line":13,"column":38},"end":{"line":13,"column":61}}]}},"s":{"0":3,"1":3,"2":0,"3":0,"4":0,"5":0,"6":0,"7":2},"f":{"0":0,"1":2},"b":{"0":[0,0,0],"1":[0,0],"2":[0,0],"3":[2,1]}}
,"C:\\Users\\Alunos\\Desktop\\Back-End-TS\\src\\config\\resend.ts": {"path":"C:\\Users\\Alunos\\Desktop\\Back-End-TS\\src\\config\\resend.ts","statementMap":{"0":{"start":{"line":7,"column":0},"end":{"line":7,"column":16}},"1":{"start":{"line":12,"column":0},"end":{"line":12,"column":16}},"2":{"start":{"line":18,"column":0},"end":{"line":18,"column":16}},"3":{"start":{"line":1,"column":0},"end":{"line":1,"column":32}},"4":{"start":{"line":8,"column":12},"end":{"line":8,"column":49}},"5":{"start":{"line":9,"column":2},"end":{"line":9,"column":19}},"6":{"start":{"line":13,"column":2},"end":{"line":13,"column":72}},"7":{"start":{"line":19,"column":14},"end":{"line":19,"column":48}},"8":{"start":{"line":20,"column":2},"end":{"line":22,"column":3}},"9":{"start":{"line":21,"column":4},"end":{"line":21,"column":16}},"10":{"start":{"line":23,"column":2},"end":{"line":25,"column":3}},"11":{"start":{"line":24,"column":4},"end":{"line":24,"column":29}},"12":{"start":{"line":26,"column":2},"end":{"line":26,"column":16}}},"fnMap":{"0":{"name":"getResendFromEmail","decl":{"start":{"line":7,"column":16},"end":{"line":7,"column":34}},"loc":{"start":{"line":7,"column":34},"end":{"line":10,"column":1}}},"1":{"name":"hasResendConfig","decl":{"start":{"line":12,"column":16},"end":{"line":12,"column":31}},"loc":{"start":{"line":12,"column":31},"end":{"line":14,"column":1}}},"2":{"name":"getResend","decl":{"start":{"line":18,"column":16},"end":{"line":18,"column":25}},"loc":{"start":{"line":18,"column":25},"end":{"line":27,"column":1}}}},"branchMap":{"0":{"loc":{"start":{"line":9,"column":9},"end":{"line":9,"column":18}},"type":"binary-expr","locations":[{"start":{"line":9,"column":9},"end":{"line":9,"column":10}},{"start":{"line":9,"column":14},"end":{"line":9,"column":18}}]},"1":{"loc":{"start":{"line":13,"column":12},"end":{"line":13,"column":70}},"type":"binary-expr","locations":[{"start":{"line":13,"column":12},"end":{"line":13,"column":46}},{"start":{"line":13,"column":50},"end":{"line":13,"column":70}}]},"2":{"loc":{"start":{"line":20,"column":2},"end":{"line":22,"column":3}},"type":"if","locations":[{"start":{"line":20,"column":2},"end":{"line":22,"column":3}},{"start":{},"end":{}}]},"3":{"loc":{"start":{"line":23,"column":2},"end":{"line":25,"column":3}},"type":"if","locations":[{"start":{"line":23,"column":2},"end":{"line":25,"column":3}},{"start":{},"end":{}}]}},"s":{"0":2,"1":2,"2":2,"3":2,"4":0,"5":0,"6":2,"7":2,"8":2,"9":0,"10":2,"11":1,"12":2},"f":{"0":0,"1":2,"2":2},"b":{"0":[0,0],"1":[2,0],"2":[0,2],"3":[1,1]}}
,"C:\\Users\\Alunos\\Desktop\\Back-End-TS\\src\\controllers\\authController.ts": {"path":"C:\\Users\\Alunos\\Desktop\\Back-End-TS\\src\\controllers\\authController.ts","statementMap":{"0":{"start":{"line":2,"column":0},"end":{"line":2,"column":34}},"1":{"start":{"line":3,"column":0},"end":{"line":3,"column":31}},"2":{"start":{"line":4,"column":0},"end":{"line":4,"column":30}},"3":{"start":{"line":5,"column":0},"end":{"line":5,"column":66}},"4":{"start":{"line":7,"column":25},"end":{"line":69,"column":1}},"5":{"start":{"line":8,"column":27},"end":{"line":8,"column":35}},"6":{"start":{"line":10,"column":2},"end":{"line":12,"column":3}},"7":{"start":{"line":11,"column":4},"end":{"line":11,"column":80}},"8":{"start":{"line":14,"column":2},"end":{"line":68,"column":3}},"9":{"start":{"line":15,"column":17},"end":{"line":15,"column":63}},"10":{"start":{"line":16,"column":4},"end":{"line":18,"column":5}},"11":{"start":{"line":17,"column":6},"end":{"line":17,"column":72}},"12":{"start":{"line":20,"column":24},"end":{"line":20,"column":64}},"13":{"start":{"line":21,"column":4},"end":{"line":23,"column":5}},"14":{"start":{"line":22,"column":6},"end":{"line":22,"column":72}},"15":{"start":{"line":26,"column":4},"end":{"line":31,"column":5}},"16":{"start":{"line":27,"column":6},"end":{"line":30,"column":9}},"17":{"start":{"line":34,"column":20},"end":{"line":39,"column":6}},"18":{"start":{"line":41,"column":18},"end":{"line":44,"column":null}},"19":{"start":{"line":47,"column":4},"end":{"line":52,"column":7}},"20":{"start":{"line":54,"column":4},"end":{"line":54,"column":83}},"21":{"start":{"line":55,"column":4},"end":{"line":63,"column":7}},"22":{"start":{"line":66,"column":4},"end":{"line":66,"column":49}},"23":{"start":{"line":67,"column":4},"end":{"line":67,"column":73}},"24":{"start":{"line":7,"column":13},"end":{"line":7,"column":25}}},"fnMap":{"0":{"name":"(anonymous_1)","decl":{"start":{"line":7,"column":25},"end":{"line":7,"column":30}},"loc":{"start":{"line":7,"column":82},"end":{"line":69,"column":1}}}},"branchMap":{"0":{"loc":{"start":{"line":10,"column":2},"end":{"line":12,"column":3}},"type":"if","locations":[{"start":{"line":10,"column":2},"end":{"line":12,"column":3}},{"start":{},"end":{}}]},"1":{"loc":{"start":{"line":10,"column":6},"end":{"line":10,"column":22}},"type":"binary-expr","locations":[{"start":{"line":10,"column":6},"end":{"line":10,"column":12}},{"start":{"line":10,"column":16},"end":{"line":10,"column":22}}]},"2":{"loc":{"start":{"line":16,"column":4},"end":{"line":18,"column":5}},"type":"if","locations":[{"start":{"line":16,"column":4},"end":{"line":18,"column":5}},{"start":{},"end":{}}]},"3":{"loc":{"start":{"line":21,"column":4},"end":{"line":23,"column":5}},"type":"if","locations":[{"start":{"line":21,"column":4},"end":{"line":23,"column":5}},{"start":{},"end":{}}]},"4":{"loc":{"start":{"line":26,"column":4},"end":{"line":31,"column":5}},"type":"if","locations":[{"start":{"line":26,"column":4},"end":{"line":31,"column":5}},{"start":{},"end":{}}]}},"s":{"0":2,"1":2,"2":2,"3":2,"4":2,"5":6,"6":6,"7":1,"8":5,"9":5,"10":5,"11":2,"12":3,"13":3,"14":1,"15":2,"16":0,"17":2,"18":2,"19":2,"20":2,"21":2,"22":0,"23":0,"24":2},"f":{"0":6},"b":{"0":[1,5],"1":[6,5],"2":[2,3],"3":[1,2],"4":[0,2]}}
,"C:\\Users\\Alunos\\Desktop\\Back-End-TS\\src\\controllers\\faseController.ts": {"path":"C:\\Users\\Alunos\\Desktop\\Back-End-TS\\src\\controllers\\faseController.ts","statementMap":{"0":{"start":{"line":2,"column":0},"end":{"line":2,"column":32}},"1":{"start":{"line":3,"column":0},"end":{"line":3,"column":45}},"2":{"start":{"line":4,"column":0},"end":{"line":4,"column":38}},"3":{"start":{"line":5,"column":0},"end":{"line":5,"column":36}},"4":{"start":{"line":6,"column":0},"end":{"line":6,"column":44}},"5":{"start":{"line":13,"column":25},"end":{"line":37,"column":1}},"6":{"start":{"line":14,"column":2},"end":{"line":36,"column":3}},"7":{"start":{"line":15,"column":97},"end":{"line":15,"column":105}},"8":{"start":{"line":16,"column":4},"end":{"line":16,"column":86}},"9":{"start":{"line":16,"column":19},"end":{"line":16,"column":86}},"10":{"start":{"line":17,"column":19},"end":{"line":17,"column":50}},"11":{"start":{"line":18,"column":4},"end":{"line":18,"column":83}},"12":{"start":{"line":18,"column":17},"end":{"line":18,"column":83}},"13":{"start":{"line":19,"column":4},"end":{"line":21,"column":5}},"14":{"start":{"line":20,"column":8},"end":{"line":20,"column":99}},"15":{"start":{"line":22,"column":4},"end":{"line":27,"column":5}},"16":{"start":{"line":23,"column":6},"end":{"line":23,"column":118}},"17":{"start":{"line":23,"column":53},"end":{"line":23,"column":118}},"18":{"start":{"line":24,"column":20},"end":{"line":24,"column":49}},"19":{"start":{"line":25,"column":6},"end":{"line":25,"column":83}},"20":{"start":{"line":25,"column":18},"end":{"line":25,"column":83}},"21":{"start":{"line":26,"column":6},"end":{"line":26,"column":140}},"22":{"start":{"line":26,"column":61},"end":{"line":26,"column":140}},"23":{"start":{"line":28,"column":4},"end":{"line":28,"column":93}},"24":{"start":{"line":28,"column":29},"end":{"line":28,"column":93}},"25":{"start":{"line":29,"column":21},"end":{"line":29,"column":158}},"26":{"start":{"line":30,"column":25},"end":{"line":30,"column":107}},"27":{"start":{"line":31,"column":4},"end":{"line":31,"column":46}},"28":{"start":{"line":33,"column":16},"end":{"line":33,"column":30}},"29":{"start":{"line":34,"column":4},"end":{"line":34,"column":46}},"30":{"start":{"line":35,"column":4},"end":{"line":35,"column":87}},"31":{"start":{"line":13,"column":13},"end":{"line":13,"column":25}},"32":{"start":{"line":38,"column":27},"end":{"line":50,"column":1}},"33":{"start":{"line":39,"column":2},"end":{"line":49,"column":3}},"34":{"start":{"line":40,"column":25},"end":{"line":40,"column":34}},"35":{"start":{"line":41,"column":41},"end":{"line":41,"column":43}},"36":{"start":{"line":42,"column":4},"end":{"line":42,"column":76}},"37":{"start":{"line":42,"column":50},"end":{"line":42,"column":76}},"38":{"start":{"line":43,"column":18},"end":{"line":43,"column":123}},"39":{"start":{"line":44,"column":4},"end":{"line":44,"column":27}},"40":{"start":{"line":46,"column":16},"end":{"line":46,"column":30}},"41":{"start":{"line":47,"column":4},"end":{"line":47,"column":48}},"42":{"start":{"line":48,"column":4},"end":{"line":48,"column":89}},"43":{"start":{"line":38,"column":13},"end":{"line":38,"column":27}},"44":{"start":{"line":51,"column":31},"end":{"line":62,"column":1}},"45":{"start":{"line":52,"column":2},"end":{"line":61,"column":3}},"46":{"start":{"line":53,"column":19},"end":{"line":53,"column":29}},"47":{"start":{"line":54,"column":17},"end":{"line":54,"column":89}},"48":{"start":{"line":55,"column":4},"end":{"line":55,"column":79}},"49":{"start":{"line":55,"column":15},"end":{"line":55,"column":79}},"50":{"start":{"line":56,"column":4},"end":{"line":56,"column":26}},"51":{"start":{"line":58,"column":16},"end":{"line":58,"column":30}},"52":{"start":{"line":59,"column":4},"end":{"line":59,"column":47}},"53":{"start":{"line":60,"column":4},"end":{"line":60,"column":88}},"54":{"start":{"line":51,"column":13},"end":{"line":51,"column":31}},"55":{"start":{"line":63,"column":36},"end":{"line":75,"column":1}},"56":{"start":{"line":64,"column":2},"end":{"line":74,"column":3}},"57":{"start":{"line":65,"column":25},"end":{"line":65,"column":35}},"58":{"start":{"line":66,"column":19},"end":{"line":66,"column":50}},"59":{"start":{"line":67,"column":4},"end":{"line":67,"column":83}},"60":{"start":{"line":67,"column":17},"end":{"line":67,"column":83}},"61":{"start":{"line":68,"column":18},"end":{"line":68,"column":115}},"62":{"start":{"line":69,"column":4},"end":{"line":69,"column":27}},"63":{"start":{"line":71,"column":16},"end":{"line":71,"column":30}},"64":{"start":{"line":72,"column":4},"end":{"line":72,"column":58}},"65":{"start":{"line":73,"column":4},"end":{"line":73,"column":99}},"66":{"start":{"line":63,"column":13},"end":{"line":63,"column":36}},"67":{"start":{"line":76,"column":29},"end":{"line":101,"column":1}},"68":{"start":{"line":77,"column":2},"end":{"line":100,"column":3}},"69":{"start":{"line":78,"column":19},"end":{"line":78,"column":32}},"70":{"start":{"line":79,"column":24},"end":{"line":79,"column":45}},"71":{"start":{"line":80,"column":19},"end":{"line":80,"column":29}},"72":{"start":{"line":81,"column":72},"end":{"line":81,"column":80}},"73":{"start":{"line":82,"column":22},"end":{"line":82,"column":45}},"74":{"start":{"line":83,"column":4},"end":{"line":83,"column":84}},"75":{"start":{"line":83,"column":20},"end":{"line":83,"column":84}},"76":{"start":{"line":84,"column":4},"end":{"line":87,"column":5}},"77":{"start":{"line":85,"column":21},"end":{"line":85,"column":62}},"78":{"start":{"line":86,"column":6},"end":{"line":86,"column":129}},"79":{"start":{"line":86,"column":70},"end":{"line":86,"column":129}},"80":{"start":{"line":88,"column":4},"end":{"line":92,"column":5}},"81":{"start":{"line":89,"column":21},"end":{"line":89,"column":52}},"82":{"start":{"line":90,"column":6},"end":{"line":90,"column":90}},"83":{"start":{"line":90,"column":19},"end":{"line":90,"column":90}},"84":{"start":{"line":91,"column":6},"end":{"line":91,"column":171}},"85":{"start":{"line":91,"column":94},"end":{"line":91,"column":171}},"86":{"start":{"line":93,"column":27},"end":{"line":93,"column":205}},"87":{"start":{"line":94,"column":4},"end":{"line":94,"column":104}},"88":{"start":{"line":94,"column":25},"end":{"line":94,"column":104}},"89":{"start":{"line":95,"column":4},"end":{"line":95,"column":36}},"90":{"start":{"line":97,"column":16},"end":{"line":97,"column":30}},"91":{"start":{"line":98,"column":4},"end":{"line":98,"column":50}},"92":{"start":{"line":99,"column":4},"end":{"line":99,"column":91}},"93":{"start":{"line":76,"column":13},"end":{"line":76,"column":29}},"94":{"start":{"line":102,"column":27},"end":{"line":122,"column":1}},"95":{"start":{"line":103,"column":2},"end":{"line":121,"column":3}},"96":{"start":{"line":104,"column":19},"end":{"line":104,"column":32}},"97":{"start":{"line":105,"column":24},"end":{"line":105,"column":45}},"98":{"start":{"line":106,"column":19},"end":{"line":106,"column":29}},"99":{"start":{"line":107,"column":17},"end":{"line":107,"column":40}},"100":{"start":{"line":108,"column":4},"end":{"line":108,"column":79}},"101":{"start":{"line":108,"column":15},"end":{"line":108,"column":79}},"102":{"start":{"line":109,"column":4},"end":{"line":112,"column":5}},"103":{"start":{"line":110,"column":21},"end":{"line":110,"column":57}},"104":{"start":{"line":111,"column":6},"end":{"line":111,"column":129}},"105":{"start":{"line":111,"column":70},"end":{"line":111,"column":129}},"106":{"start":{"line":113,"column":21},"end":{"line":113,"column":53}},"107":{"start":{"line":114,"column":4},"end":{"line":114,"column":96}},"108":{"start":{"line":114,"column":19},"end":{"line":114,"column":96}},"109":{"start":{"line":115,"column":4},"end":{"line":115,"column":47}},"110":{"start":{"line":116,"column":4},"end":{"line":116,"column":62}},"111":{"start":{"line":118,"column":16},"end":{"line":118,"column":30}},"112":{"start":{"line":119,"column":4},"end":{"line":119,"column":48}},"113":{"start":{"line":120,"column":4},"end":{"line":120,"column":89}},"114":{"start":{"line":102,"column":13},"end":{"line":102,"column":27}},"115":{"start":{"line":123,"column":35},"end":{"line":138,"column":1}},"116":{"start":{"line":124,"column":2},"end":{"line":137,"column":3}},"117":{"start":{"line":125,"column":20},"end":{"line":125,"column":38}},"118":{"start":{"line":126,"column":4},"end":{"line":128,"column":5}},"119":{"start":{"line":127,"column":6},"end":{"line":127,"column":71}},"120":{"start":{"line":129,"column":18},"end":{"line":129,"column":47}},"121":{"start":{"line":130,"column":4},"end":{"line":130,"column":81}},"122":{"start":{"line":130,"column":16},"end":{"line":130,"column":81}},"123":{"start":{"line":131,"column":18},"end":{"line":131,"column":114}},"124":{"start":{"line":132,"column":4},"end":{"line":132,"column":27}},"125":{"start":{"line":134,"column":16},"end":{"line":134,"column":30}},"126":{"start":{"line":135,"column":4},"end":{"line":135,"column":57}},"127":{"start":{"line":136,"column":4},"end":{"line":136,"column":98}},"128":{"start":{"line":123,"column":13},"end":{"line":123,"column":35}},"129":{"start":{"line":139,"column":28},"end":{"line":168,"column":1}},"130":{"start":{"line":140,"column":2},"end":{"line":167,"column":3}},"131":{"start":{"line":141,"column":19},"end":{"line":141,"column":32}},"132":{"start":{"line":142,"column":32},"end":{"line":142,"column":40}},"133":{"start":{"line":143,"column":4},"end":{"line":143,"column":82}},"134":{"start":{"line":143,"column":17},"end":{"line":143,"column":82}},"135":{"start":{"line":144,"column":4},"end":{"line":144,"column":114}},"136":{"start":{"line":144,"column":50},"end":{"line":144,"column":114}},"137":{"start":{"line":145,"column":17},"end":{"line":145,"column":44}},"138":{"start":{"line":146,"column":4},"end":{"line":146,"column":79}},"139":{"start":{"line":146,"column":15},"end":{"line":146,"column":79}},"140":{"start":{"line":147,"column":20},"end":{"line":147,"column":63}},"141":{"start":{"line":148,"column":27},"end":{"line":148,"column":54}},"142":{"start":{"line":149,"column":23},"end":{"line":149,"column":66}},"143":{"start":{"line":150,"column":31},"end":{"line":150,"column":103}},"144":{"start":{"line":151,"column":20},"end":{"line":151,"column":64}},"145":{"start":{"line":152,"column":4},"end":{"line":161,"column":5}},"146":{"start":{"line":153,"column":6},"end":{"line":153,"column":171}},"147":{"start":{"line":155,"column":6},"end":{"line":155,"column":39}},"148":{"start":{"line":156,"column":6},"end":{"line":156,"column":48}},"149":{"start":{"line":157,"column":6},"end":{"line":157,"column":56}},"150":{"start":{"line":158,"column":6},"end":{"line":158,"column":34}},"151":{"start":{"line":159,"column":6},"end":{"line":159,"column":33}},"152":{"start":{"line":160,"column":6},"end":{"line":160,"column":29}},"153":{"start":{"line":162,"column":4},"end":{"line":162,"column":75}},"154":{"start":{"line":164,"column":16},"end":{"line":164,"column":30}},"155":{"start":{"line":165,"column":4},"end":{"line":165,"column":49}},"156":{"start":{"line":166,"column":4},"end":{"line":166,"column":90}},"157":{"start":{"line":139,"column":13},"end":{"line":139,"column":28}}},"fnMap":{"0":{"name":"(anonymous_1)","decl":{"start":{"line":13,"column":25},"end":{"line":13,"column":30}},"loc":{"start":{"line":13,"column":86},"end":{"line":37,"column":1}}},"1":{"name":"(anonymous_2)","decl":{"start":{"line":38,"column":27},"end":{"line":38,"column":32}},"loc":{"start":{"line":38,"column":88},"end":{"line":50,"column":1}}},"2":{"name":"(anonymous_3)","decl":{"start":{"line":51,"column":31},"end":{"line":51,"column":36}},"loc":{"start":{"line":51,"column":92},"end":{"line":62,"column":1}}},"3":{"name":"(anonymous_4)","decl":{"start":{"line":63,"column":36},"end":{"line":63,"column":41}},"loc":{"start":{"line":63,"column":97},"end":{"line":75,"column":1}}},"4":{"name":"(anonymous_5)","decl":{"start":{"line":76,"column":29},"end":{"line":76,"column":34}},"loc":{"start":{"line":76,"column":90},"end":{"line":101,"column":1}}},"5":{"name":"(anonymous_6)","decl":{"start":{"line":102,"column":27},"end":{"line":102,"column":32}},"loc":{"start":{"line":102,"column":88},"end":{"line":122,"column":1}}},"6":{"name":"(anonymous_7)","decl":{"start":{"line":123,"column":35},"end":{"line":123,"column":40}},"loc":{"start":{"line":123,"column":96},"end":{"line":138,"column":1}}},"7":{"name":"(anonymous_8)","decl":{"start":{"line":139,"column":28},"end":{"line":139,"column":33}},"loc":{"start":{"line":139,"column":89},"end":{"line":168,"column":1}}}},"branchMap":{"0":{"loc":{"start":{"line":16,"column":4},"end":{"line":16,"column":86}},"type":"if","locations":[{"start":{"line":16,"column":4},"end":{"line":16,"column":86}},{"start":{},"end":{}}]},"1":{"loc":{"start":{"line":18,"column":4},"end":{"line":18,"column":83}},"type":"if","locations":[{"start":{"line":18,"column":4},"end":{"line":18,"column":83}},{"start":{},"end":{}}]},"2":{"loc":{"start":{"line":19,"column":4},"end":{"line":21,"column":5}},"type":"if","locations":[{"start":{"line":19,"column":4},"end":{"line":21,"column":5}},{"start":{},"end":{}}]},"3":{"loc":{"start":{"line":19,"column":8},"end":{"line":19,"column":107}},"type":"binary-expr","locations":[{"start":{"line":19,"column":8},"end":{"line":19,"column":62}},{"start":{"line":19,"column":66},"end":{"line":19,"column":107}}]},"4":{"loc":{"start":{"line":22,"column":4},"end":{"line":27,"column":5}},"type":"if","locations":[{"start":{"line":22,"column":4},"end":{"line":27,"column":5}},{"start":{},"end":{}}]},"5":{"loc":{"start":{"line":23,"column":6},"end":{"line":23,"column":118}},"type":"if","locations":[{"start":{"line":23,"column":6},"end":{"line":23,"column":118}},{"start":{},"end":{}}]},"6":{"loc":{"start":{"line":25,"column":6},"end":{"line":25,"column":83}},"type":"if","locations":[{"start":{"line":25,"column":6},"end":{"line":25,"column":83}},{"start":{},"end":{}}]},"7":{"loc":{"start":{"line":26,"column":6},"end":{"line":26,"column":140}},"type":"if","locations":[{"start":{"line":26,"column":6},"end":{"line":26,"column":140}},{"start":{},"end":{}}]},"8":{"loc":{"start":{"line":28,"column":4},"end":{"line":28,"column":93}},"type":"if","locations":[{"start":{"line":28,"column":4},"end":{"line":28,"column":93}},{"start":{},"end":{}}]},"9":{"loc":{"start":{"line":29,"column":60},"end":{"line":29,"column":75}},"type":"binary-expr","locations":[{"start":{"line":29,"column":60},"end":{"line":29,"column":67}},{"start":{"line":29,"column":71},"end":{"line":29,"column":75}}]},"10":{"loc":{"start":{"line":29,"column":106},"end":{"line":29,"column":120}},"type":"binary-expr","locations":[{"start":{"line":29,"column":106},"end":{"line":29,"column":114}},{"start":{"line":29,"column":118},"end":{"line":29,"column":120}}]},"11":{"loc":{"start":{"line":29,"column":140},"end":{"line":29,"column":155}},"type":"binary-expr","locations":[{"start":{"line":29,"column":140},"end":{"line":29,"column":149}},{"start":{"line":29,"column":153},"end":{"line":29,"column":155}}]},"12":{"loc":{"start":{"line":42,"column":4},"end":{"line":42,"column":76}},"type":"if","locations":[{"start":{"line":42,"column":4},"end":{"line":42,"column":76}},{"start":{},"end":{}}]},"13":{"loc":{"start":{"line":42,"column":8},"end":{"line":42,"column":48}},"type":"binary-expr","locations":[{"start":{"line":42,"column":8},"end":{"line":42,"column":16}},{"start":{"line":42,"column":20},"end":{"line":42,"column":48}}]},"14":{"loc":{"start":{"line":55,"column":4},"end":{"line":55,"column":79}},"type":"if","locations":[{"start":{"line":55,"column":4},"end":{"line":55,"column":79}},{"start":{},"end":{}}]},"15":{"loc":{"start":{"line":67,"column":4},"end":{"line":67,"column":83}},"type":"if","locations":[{"start":{"line":67,"column":4},"end":{"line":67,"column":83}},{"start":{},"end":{}}]},"16":{"loc":{"start":{"line":83,"column":4},"end":{"line":83,"column":84}},"type":"if","locations":[{"start":{"line":83,"column":4},"end":{"line":83,"column":84}},{"start":{},"end":{}}]},"17":{"loc":{"start":{"line":84,"column":4},"end":{"line":87,"column":5}},"type":"if","locations":[{"start":{"line":84,"column":4},"end":{"line":87,"column":5}},{"start":{},"end":{}}]},"18":{"loc":{"start":{"line":86,"column":6},"end":{"line":86,"column":129}},"type":"if","locations":[{"start":{"line":86,"column":6},"end":{"line":86,"column":129}},{"start":{},"end":{}}]},"19":{"loc":{"start":{"line":86,"column":10},"end":{"line":86,"column":68}},"type":"binary-expr","locations":[{"start":{"line":86,"column":10},"end":{"line":86,"column":17}},{"start":{"line":86,"column":21},"end":{"line":86,"column":68}}]},"20":{"loc":{"start":{"line":88,"column":4},"end":{"line":92,"column":5}},"type":"if","locations":[{"start":{"line":88,"column":4},"end":{"line":92,"column":5}},{"start":{},"end":{}}]},"21":{"loc":{"start":{"line":90,"column":6},"end":{"line":90,"column":90}},"type":"if","locations":[{"start":{"line":90,"column":6},"end":{"line":90,"column":90}},{"start":{},"end":{}}]},"22":{"loc":{"start":{"line":91,"column":6},"end":{"line":91,"column":171}},"type":"if","locations":[{"start":{"line":91,"column":6},"end":{"line":91,"column":171}},{"start":{},"end":{}}]},"23":{"loc":{"start":{"line":91,"column":10},"end":{"line":91,"column":92}},"type":"binary-expr","locations":[{"start":{"line":91,"column":10},"end":{"line":91,"column":41}},{"start":{"line":91,"column":45},"end":{"line":91,"column":92}}]},"24":{"loc":{"start":{"line":94,"column":4},"end":{"line":94,"column":104}},"type":"if","locations":[{"start":{"line":94,"column":4},"end":{"line":94,"column":104}},{"start":{},"end":{}}]},"25":{"loc":{"start":{"line":108,"column":4},"end":{"line":108,"column":79}},"type":"if","locations":[{"start":{"line":108,"column":4},"end":{"line":108,"column":79}},{"start":{},"end":{}}]},"26":{"loc":{"start":{"line":109,"column":4},"end":{"line":112,"column":5}},"type":"if","locations":[{"start":{"line":109,"column":4},"end":{"line":112,"column":5}},{"start":{},"end":{}}]},"27":{"loc":{"start":{"line":111,"column":6},"end":{"line":111,"column":129}},"type":"if","locations":[{"start":{"line":111,"column":6},"end":{"line":111,"column":129}},{"start":{},"end":{}}]},"28":{"loc":{"start":{"line":111,"column":10},"end":{"line":111,"column":68}},"type":"binary-expr","locations":[{"start":{"line":111,"column":10},"end":{"line":111,"column":17}},{"start":{"line":111,"column":21},"end":{"line":111,"column":68}}]},"29":{"loc":{"start":{"line":114,"column":4},"end":{"line":114,"column":96}},"type":"if","locations":[{"start":{"line":114,"column":4},"end":{"line":114,"column":96}},{"start":{},"end":{}}]},"30":{"loc":{"start":{"line":126,"column":4},"end":{"line":128,"column":5}},"type":"if","locations":[{"start":{"line":126,"column":4},"end":{"line":128,"column":5}},{"start":{},"end":{}}]},"31":{"loc":{"start":{"line":126,"column":8},"end":{"line":126,"column":80}},"type":"binary-expr","locations":[{"start":{"line":126,"column":8},"end":{"line":126,"column":35}},{"start":{"line":126,"column":39},"end":{"line":126,"column":80}}]},"32":{"loc":{"start":{"line":130,"column":4},"end":{"line":130,"column":81}},"type":"if","locations":[{"start":{"line":130,"column":4},"end":{"line":130,"column":81}},{"start":{},"end":{}}]},"33":{"loc":{"start":{"line":143,"column":4},"end":{"line":143,"column":82}},"type":"if","locations":[{"start":{"line":143,"column":4},"end":{"line":143,"column":82}},{"start":{},"end":{}}]},"34":{"loc":{"start":{"line":144,"column":4},"end":{"line":144,"column":114}},"type":"if","locations":[{"start":{"line":144,"column":4},"end":{"line":144,"column":114}},{"start":{},"end":{}}]},"35":{"loc":{"start":{"line":146,"column":4},"end":{"line":146,"column":79}},"type":"if","locations":[{"start":{"line":146,"column":4},"end":{"line":146,"column":79}},{"start":{},"end":{}}]},"36":{"loc":{"start":{"line":148,"column":27},"end":{"line":148,"column":54}},"type":"binary-expr","locations":[{"start":{"line":148,"column":27},"end":{"line":148,"column":49}},{"start":{"line":148,"column":53},"end":{"line":148,"column":54}}]},"37":{"loc":{"start":{"line":149,"column":23},"end":{"line":149,"column":66}},"type":"cond-expr","locations":[{"start":{"line":149,"column":47},"end":{"line":149,"column":62}},{"start":{"line":149,"column":65},"end":{"line":149,"column":66}}]},"38":{"loc":{"start":{"line":150,"column":31},"end":{"line":150,"column":103}},"type":"cond-expr","locations":[{"start":{"line":150,"column":52},"end":{"line":150,"column":99}},{"start":{"line":150,"column":102},"end":{"line":150,"column":103}}]},"39":{"loc":{"start":{"line":152,"column":4},"end":{"line":161,"column":5}},"type":"if","locations":[{"start":{"line":152,"column":4},"end":{"line":161,"column":5}},{"start":{"line":154,"column":11},"end":{"line":161,"column":5}}]}},"s":{"0":2,"1":2,"2":2,"3":2,"4":2,"5":2,"6":3,"7":3,"8":3,"9":1,"10":2,"11":2,"12":1,"13":1,"14":0,"15":1,"16":1,"17":0,"18":1,"19":1,"20":0,"21":1,"22":0,"23":1,"24":0,"25":1,"26":1,"27":1,"28":0,"29":0,"30":0,"31":2,"32":2,"33":1,"34":1,"35":1,"36":1,"37":0,"38":1,"39":1,"40":0,"41":0,"42":0,"43":2,"44":2,"45":2,"46":2,"47":2,"48":2,"49":1,"50":1,"51":0,"52":0,"53":0,"54":2,"55":2,"56":1,"57":1,"58":1,"59":1,"60":1,"61":0,"62":0,"63":0,"64":0,"65":0,"66":2,"67":2,"68":2,"69":2,"70":2,"71":2,"72":2,"73":2,"74":2,"75":1,"76":1,"77":1,"78":1,"79":1,"80":0,"81":0,"82":0,"83":0,"84":0,"85":0,"86":0,"87":0,"88":0,"89":0,"90":0,"91":0,"92":0,"93":2,"94":2,"95":2,"96":2,"97":2,"98":2,"99":2,"100":2,"101":1,"102":1,"103":1,"104":1,"105":0,"106":1,"107":1,"108":0,"109":1,"110":1,"111":0,"112":0,"113":0,"114":2,"115":2,"116":2,"117":2,"118":2,"119":1,"120":1,"121":1,"122":1,"123":0,"124":0,"125":0,"126":0,"127":0,"128":2,"129":2,"130":2,"131":2,"132":2,"133":2,"134":1,"135":1,"136":1,"137":0,"138":0,"139":0,"140":0,"141":0,"142":0,"143":0,"144":0,"145":0,"146":0,"147":0,"148":0,"149":0,"150":0,"151":0,"152":0,"153":0,"154":0,"155":0,"156":0,"157":2},"f":{"0":3,"1":1,"2":2,"3":1,"4":2,"5":2,"6":2,"7":2},"b":{"0":[1,2],"1":[1,1],"2":[0,1],"3":[1,0],"4":[1,0],"5":[0,1],"6":[0,1],"7":[0,1],"8":[0,1],"9":[1,0],"10":[1,1],"11":[1,1],"12":[0,1],"13":[1,0],"14":[1,1],"15":[1,0],"16":[1,1],"17":[1,0],"18":[1,0],"19":[1,1],"20":[0,0],"21":[0,0],"22":[0,0],"23":[0,0],"24":[0,0],"25":[1,1],"26":[1,0],"27":[0,1],"28":[1,1],"29":[0,1],"30":[1,1],"31":[2,2],"32":[1,0],"33":[1,1],"34":[1,0],"35":[0,0],"36":[0,0],"37":[0,0],"38":[0,0],"39":[0,0]}}
,"C:\\Users\\Alunos\\Desktop\\Back-End-TS\\src\\controllers\\feedbackController.ts": {"path":"C:\\Users\\Alunos\\Desktop\\Back-End-TS\\src\\controllers\\feedbackController.ts","statementMap":{"0":{"start":{"line":2,"column":0},"end":{"line":2,"column":57}},"1":{"start":{"line":8,"column":29},"end":{"line":23,"column":1}},"2":{"start":{"line":9,"column":2},"end":{"line":22,"column":3}},"3":{"start":{"line":10,"column":62},"end":{"line":10,"column":70}},"4":{"start":{"line":11,"column":19},"end":{"line":11,"column":40}},"5":{"start":{"line":12,"column":4},"end":{"line":12,"column":107}},"6":{"start":{"line":12,"column":29},"end":{"line":12,"column":107}},"7":{"start":{"line":13,"column":46},"end":{"line":13,"column":95}},"8":{"start":{"line":14,"column":4},"end":{"line":14,"column":108}},"9":{"start":{"line":14,"column":38},"end":{"line":14,"column":108}},"10":{"start":{"line":15,"column":4},"end":{"line":15,"column":115}},"11":{"start":{"line":15,"column":40},"end":{"line":15,"column":115}},"12":{"start":{"line":16,"column":21},"end":{"line":16,"column":124}},"13":{"start":{"line":17,"column":4},"end":{"line":17,"column":213}},"14":{"start":{"line":19,"column":16},"end":{"line":19,"column":30}},"15":{"start":{"line":20,"column":4},"end":{"line":20,"column":50}},"16":{"start":{"line":21,"column":4},"end":{"line":21,"column":92}},"17":{"start":{"line":8,"column":13},"end":{"line":8,"column":29}},"18":{"start":{"line":24,"column":31},"end":{"line":34,"column":1}},"19":{"start":{"line":25,"column":2},"end":{"line":33,"column":3}},"20":{"start":{"line":26,"column":4},"end":{"line":26,"column":154}},"21":{"start":{"line":26,"column":51},"end":{"line":26,"column":154}},"22":{"start":{"line":27,"column":22},"end":{"line":27,"column":167}},"23":{"start":{"line":28,"column":4},"end":{"line":28,"column":47}},"24":{"start":{"line":30,"column":16},"end":{"line":30,"column":30}},"25":{"start":{"line":31,"column":4},"end":{"line":31,"column":52}},"26":{"start":{"line":32,"column":4},"end":{"line":32,"column":93}},"27":{"start":{"line":24,"column":13},"end":{"line":24,"column":31}}},"fnMap":{"0":{"name":"(anonymous_1)","decl":{"start":{"line":8,"column":29},"end":{"line":8,"column":34}},"loc":{"start":{"line":8,"column":90},"end":{"line":23,"column":1}}},"1":{"name":"(anonymous_2)","decl":{"start":{"line":24,"column":31},"end":{"line":24,"column":36}},"loc":{"start":{"line":24,"column":92},"end":{"line":34,"column":1}}}},"branchMap":{"0":{"loc":{"start":{"line":11,"column":19},"end":{"line":11,"column":40}},"type":"binary-expr","locations":[{"start":{"line":11,"column":19},"end":{"line":11,"column":32}},{"start":{"line":11,"column":36},"end":{"line":11,"column":40}}]},"1":{"loc":{"start":{"line":12,"column":4},"end":{"line":12,"column":107}},"type":"if","locations":[{"start":{"line":12,"column":4},"end":{"line":12,"column":107}},{"start":{},"end":{}}]},"2":{"loc":{"start":{"line":12,"column":8},"end":{"line":12,"column":27}},"type":"binary-expr","locations":[{"start":{"line":12,"column":8},"end":{"line":12,"column":13}},{"start":{"line":12,"column":17},"end":{"line":12,"column":27}}]},"3":{"loc":{"start":{"line":14,"column":4},"end":{"line":14,"column":108}},"type":"if","locations":[{"start":{"line":14,"column":4},"end":{"line":14,"column":108}},{"start":{},"end":{}}]},"4":{"loc":{"start":{"line":15,"column":4},"end":{"line":15,"column":115}},"type":"if","locations":[{"start":{"line":15,"column":4},"end":{"line":15,"column":115}},{"start":{},"end":{}}]},"5":{"loc":{"start":{"line":15,"column":8},"end":{"line":15,"column":38}},"type":"binary-expr","locations":[{"start":{"line":15,"column":8},"end":{"line":15,"column":21}},{"start":{"line":15,"column":25},"end":{"line":15,"column":38}}]},"6":{"loc":{"start":{"line":16,"column":89},"end":{"line":16,"column":103}},"type":"binary-expr","locations":[{"start":{"line":16,"column":89},"end":{"line":16,"column":97}},{"start":{"line":16,"column":101},"end":{"line":16,"column":103}}]},"7":{"loc":{"start":{"line":26,"column":4},"end":{"line":26,"column":154}},"type":"if","locations":[{"start":{"line":26,"column":4},"end":{"line":26,"column":154}},{"start":{},"end":{}}]}},"s":{"0":2,"1":2,"2":3,"3":3,"4":3,"5":3,"6":0,"7":3,"8":3,"9":1,"10":2,"11":0,"12":2,"13":2,"14":0,"15":0,"16":0,"17":2,"18":2,"19":2,"20":2,"21":1,"22":1,"23":1,"24":0,"25":0,"26":0,"27":2},"f":{"0":3,"1":2},"b":{"0":[3,2],"1":[0,3],"2":[3,3],"3":[1,2],"4":[0,2],"5":[2,2],"6":[2,2],"7":[1,1]}}
,"C:\\Users\\Alunos\\Desktop\\Back-End-TS\\src\\controllers\\geminiController.ts": {"path":"C:\\Users\\Alunos\\Desktop\\Back-End-TS\\src\\controllers\\geminiController.ts","statementMap":{"0":{"start":{"line":8,"column":2},"end":{"line":43,"column":4}},"1":{"start":{"line":9,"column":20},"end":{"line":9,"column":52}},"2":{"start":{"line":10,"column":4},"end":{"line":15,"column":5}},"3":{"start":{"line":11,"column":6},"end":{"line":14,"column":9}},"4":{"start":{"line":17,"column":4},"end":{"line":42,"column":5}},"5":{"start":{"line":18,"column":16},"end":{"line":26,"column":8}},"6":{"start":{"line":27,"column":19},"end":{"line":27,"column":33}},"7":{"start":{"line":29,"column":6},"end":{"line":33,"column":7}},"8":{"start":{"line":30,"column":8},"end":{"line":30,"column":46}},"9":{"start":{"line":32,"column":8},"end":{"line":32,"column":115}},"10":{"start":{"line":34,"column":6},"end":{"line":36,"column":7}},"11":{"start":{"line":35,"column":8},"end":{"line":35,"column":94}},"12":{"start":{"line":37,"column":6},"end":{"line":37,"column":28}},"13":{"start":{"line":39,"column":18},"end":{"line":39,"column":32}},"14":{"start":{"line":40,"column":6},"end":{"line":40,"column":42}},"15":{"start":{"line":41,"column":6},"end":{"line":41,"column":98}},"16":{"start":{"line":46,"column":0},"end":{"line":46,"column":34}}},"fnMap":{"0":{"name":"(anonymous_0)","decl":{"start":{"line":7,"column":0},"end":{"line":7,"column":6}},"loc":{"start":{"line":7,"column":0},"end":{"line":44,"column":1}}},"1":{"name":"(anonymous_1)","decl":{"start":{"line":8,"column":15},"end":{"line":8,"column":20}},"loc":{"start":{"line":8,"column":73},"end":{"line":43,"column":3}}}},"branchMap":{"0":{"loc":{"start":{"line":10,"column":4},"end":{"line":15,"column":5}},"type":"if","locations":[{"start":{"line":10,"column":4},"end":{"line":15,"column":5}},{"start":{},"end":{}}]},"1":{"loc":{"start":{"line":23,"column":14},"end":{"line":23,"column":109}},"type":"cond-expr","locations":[{"start":{"line":23,"column":45},"end":{"line":23,"column":104}},{"start":{"line":23,"column":107},"end":{"line":23,"column":109}}]},"2":{"loc":{"start":{"line":30,"column":15},"end":{"line":30,"column":45}},"type":"cond-expr","locations":[{"start":{"line":30,"column":22},"end":{"line":30,"column":38}},{"start":{"line":30,"column":41},"end":{"line":30,"column":45}}]},"3":{"loc":{"start":{"line":34,"column":6},"end":{"line":36,"column":7}},"type":"if","locations":[{"start":{"line":34,"column":6},"end":{"line":36,"column":7}},{"start":{},"end":{}}]}},"s":{"0":1,"1":0,"2":0,"3":0,"4":0,"5":0,"6":0,"7":0,"8":0,"9":0,"10":0,"11":0,"12":0,"13":0,"14":0,"15":0,"16":1},"f":{"0":1,"1":0},"b":{"0":[0,0],"1":[0,0],"2":[0,0],"3":[0,0]}}
,"C:\\Users\\Alunos\\Desktop\\Back-End-TS\\src\\controllers\\homeController.ts": {"path":"C:\\Users\\Alunos\\Desktop\\Back-End-TS\\src\\controllers\\homeController.ts","statementMap":{"0":{"start":{"line":2,"column":0},"end":{"line":2,"column":51}},"1":{"start":{"line":4,"column":0},"end":{"line":4,"column":55}},"2":{"start":{"line":10,"column":27},"end":{"line":23,"column":1}},"3":{"start":{"line":11,"column":2},"end":{"line":22,"column":3}},"4":{"start":{"line":12,"column":19},"end":{"line":12,"column":32}},"5":{"start":{"line":13,"column":17},"end":{"line":13,"column":26}},"6":{"start":{"line":14,"column":33},"end":{"line":14,"column":117}},"7":{"start":{"line":15,"column":33},"end":{"line":15,"column":119}},"8":{"start":{"line":16,"column":39},"end":{"line":16,"column":126}},"9":{"start":{"line":17,"column":4},"end":{"line":17,"column":214}},"10":{"start":{"line":19,"column":16},"end":{"line":19,"column":30}},"11":{"start":{"line":20,"column":4},"end":{"line":20,"column":55}},"12":{"start":{"line":21,"column":4},"end":{"line":21,"column":99}},"13":{"start":{"line":10,"column":13},"end":{"line":10,"column":27}}},"fnMap":{"0":{"name":"(anonymous_1)","decl":{"start":{"line":10,"column":27},"end":{"line":10,"column":32}},"loc":{"start":{"line":10,"column":88},"end":{"line":23,"column":1}}}},"branchMap":{},"s":{"0":3,"1":3,"2":3,"3":4,"4":4,"5":3,"6":3,"7":2,"8":2,"9":2,"10":2,"11":2,"12":2,"13":3},"f":{"0":4},"b":{}}
,"C:\\Users\\Alunos\\Desktop\\Back-End-TS\\src\\controllers\\licaoSalvaController.ts": {"path":"C:\\Users\\Alunos\\Desktop\\Back-End-TS\\src\\controllers\\licaoSalvaController.ts","statementMap":{"0":{"start":{"line":2,"column":0},"end":{"line":2,"column":46}},"1":{"start":{"line":3,"column":0},"end":{"line":3,"column":38}},"2":{"start":{"line":10,"column":28},"end":{"line":27,"column":1}},"3":{"start":{"line":11,"column":2},"end":{"line":26,"column":3}},"4":{"start":{"line":12,"column":19},"end":{"line":12,"column":32}},"5":{"start":{"line":13,"column":47},"end":{"line":13,"column":55}},"6":{"start":{"line":14,"column":4},"end":{"line":14,"column":86}},"7":{"start":{"line":14,"column":19},"end":{"line":14,"column":86}},"8":{"start":{"line":15,"column":19},"end":{"line":15,"column":50}},"9":{"start":{"line":16,"column":4},"end":{"line":16,"column":83}},"10":{"start":{"line":16,"column":17},"end":{"line":16,"column":83}},"11":{"start":{"line":17,"column":20},"end":{"line":17,"column":83}},"12":{"start":{"line":18,"column":4},"end":{"line":18,"column":82}},"13":{"start":{"line":18,"column":17},"end":{"line":18,"column":82}},"14":{"start":{"line":19,"column":23},"end":{"line":19,"column":85}},"15":{"start":{"line":20,"column":4},"end":{"line":20,"column":85}},"16":{"start":{"line":22,"column":16},"end":{"line":22,"column":50}},"17":{"start":{"line":23,"column":4},"end":{"line":23,"column":93}},"18":{"start":{"line":23,"column":28},"end":{"line":23,"column":93}},"19":{"start":{"line":24,"column":4},"end":{"line":24,"column":49}},"20":{"start":{"line":25,"column":4},"end":{"line":25,"column":90}},"21":{"start":{"line":10,"column":13},"end":{"line":10,"column":28}},"22":{"start":{"line":28,"column":34},"end":{"line":40,"column":1}},"23":{"start":{"line":29,"column":2},"end":{"line":39,"column":3}},"24":{"start":{"line":30,"column":19},"end":{"line":30,"column":32}},"25":{"start":{"line":31,"column":25},"end":{"line":31,"column":35}},"26":{"start":{"line":32,"column":23},"end":{"line":32,"column":95}},"27":{"start":{"line":33,"column":4},"end":{"line":33,"column":89}},"28":{"start":{"line":33,"column":21},"end":{"line":33,"column":89}},"29":{"start":{"line":34,"column":4},"end":{"line":34,"column":75}},"30":{"start":{"line":36,"column":16},"end":{"line":36,"column":30}},"31":{"start":{"line":37,"column":4},"end":{"line":37,"column":56}},"32":{"start":{"line":38,"column":4},"end":{"line":38,"column":97}},"33":{"start":{"line":28,"column":13},"end":{"line":28,"column":34}},"34":{"start":{"line":41,"column":35},"end":{"line":52,"column":1}},"35":{"start":{"line":42,"column":2},"end":{"line":51,"column":3}},"36":{"start":{"line":43,"column":19},"end":{"line":43,"column":32}},"37":{"start":{"line":44,"column":25},"end":{"line":44,"column":239}},"38":{"start":{"line":45,"column":20},"end":{"line":45,"column":77}},"39":{"start":{"line":45,"column":43},"end":{"line":45,"column":52}},"40":{"start":{"line":45,"column":66},"end":{"line":45,"column":76}},"41":{"start":{"line":46,"column":4},"end":{"line":46,"column":29}},"42":{"start":{"line":48,"column":16},"end":{"line":48,"column":30}},"43":{"start":{"line":49,"column":4},"end":{"line":49,"column":57}},"44":{"start":{"line":50,"column":4},"end":{"line":50,"column":98}},"45":{"start":{"line":41,"column":13},"end":{"line":41,"column":35}},"46":{"start":{"line":53,"column":32},"end":{"line":64,"column":1}},"47":{"start":{"line":54,"column":2},"end":{"line":63,"column":3}},"48":{"start":{"line":55,"column":19},"end":{"line":55,"column":32}},"49":{"start":{"line":56,"column":25},"end":{"line":56,"column":35}},"50":{"start":{"line":57,"column":23},"end":{"line":57,"column":86}},"51":{"start":{"line":58,"column":4},"end":{"line":58,"column":45}},"52":{"start":{"line":60,"column":16},"end":{"line":60,"column":30}},"53":{"start":{"line":61,"column":4},"end":{"line":61,"column":66}},"54":{"start":{"line":62,"column":4},"end":{"line":62,"column":86}},"55":{"start":{"line":53,"column":13},"end":{"line":53,"column":32}}},"fnMap":{"0":{"name":"(anonymous_1)","decl":{"start":{"line":10,"column":28},"end":{"line":10,"column":33}},"loc":{"start":{"line":10,"column":89},"end":{"line":27,"column":1}}},"1":{"name":"(anonymous_2)","decl":{"start":{"line":28,"column":34},"end":{"line":28,"column":39}},"loc":{"start":{"line":28,"column":95},"end":{"line":40,"column":1}}},"2":{"name":"(anonymous_3)","decl":{"start":{"line":41,"column":35},"end":{"line":41,"column":40}},"loc":{"start":{"line":41,"column":96},"end":{"line":52,"column":1}}},"3":{"name":"(anonymous_4)","decl":{"start":{"line":45,"column":37},"end":{"line":45,"column":39}},"loc":{"start":{"line":45,"column":43},"end":{"line":45,"column":52}}},"4":{"name":"(anonymous_5)","decl":{"start":{"line":45,"column":61},"end":{"line":45,"column":62}},"loc":{"start":{"line":45,"column":66},"end":{"line":45,"column":76}}},"5":{"name":"(anonymous_6)","decl":{"start":{"line":53,"column":32},"end":{"line":53,"column":37}},"loc":{"start":{"line":53,"column":93},"end":{"line":64,"column":1}}}},"branchMap":{"0":{"loc":{"start":{"line":14,"column":4},"end":{"line":14,"column":86}},"type":"if","locations":[{"start":{"line":14,"column":4},"end":{"line":14,"column":86}},{"start":{},"end":{}}]},"1":{"loc":{"start":{"line":16,"column":4},"end":{"line":16,"column":83}},"type":"if","locations":[{"start":{"line":16,"column":4},"end":{"line":16,"column":83}},{"start":{},"end":{}}]},"2":{"loc":{"start":{"line":18,"column":4},"end":{"line":18,"column":82}},"type":"if","locations":[{"start":{"line":18,"column":4},"end":{"line":18,"column":82}},{"start":{},"end":{}}]},"3":{"loc":{"start":{"line":23,"column":4},"end":{"line":23,"column":93}},"type":"if","locations":[{"start":{"line":23,"column":4},"end":{"line":23,"column":93}},{"start":{},"end":{}}]},"4":{"loc":{"start":{"line":33,"column":4},"end":{"line":33,"column":89}},"type":"if","locations":[{"start":{"line":33,"column":4},"end":{"line":33,"column":89}},{"start":{},"end":{}}]}},"s":{"0":2,"1":2,"2":2,"3":3,"4":3,"5":3,"6":3,"7":1,"8":2,"9":2,"10":0,"11":2,"12":2,"13":1,"14":1,"15":1,"16":0,"17":0,"18":0,"19":0,"20":0,"21":2,"22":2,"23":1,"24":1,"25":1,"26":1,"27":1,"28":1,"29":0,"30":0,"31":0,"32":0,"33":2,"34":2,"35":1,"36":1,"37":1,"38":1,"39":1,"40":1,"41":1,"42":0,"43":0,"44":0,"45":2,"46":2,"47":1,"48":1,"49":1,"50":1,"51":1,"52":0,"53":0,"54":0,"55":2},"f":{"0":3,"1":1,"2":1,"3":1,"4":1,"5":1},"b":{"0":[1,2],"1":[0,2],"2":[1,1],"3":[0,0],"4":[1,0]}}
,"C:\\Users\\Alunos\\Desktop\\Back-End-TS\\src\\controllers\\perguntaController.ts": {"path":"C:\\Users\\Alunos\\Desktop\\Back-End-TS\\src\\controllers\\perguntaController.ts","statementMap":{"0":{"start":{"line":2,"column":0},"end":{"line":2,"column":49}},"1":{"start":{"line":3,"column":0},"end":{"line":3,"column":38}},"2":{"start":{"line":10,"column":38},"end":{"line":22,"column":1}},"3":{"start":{"line":11,"column":2},"end":{"line":21,"column":3}},"4":{"start":{"line":12,"column":23},"end":{"line":12,"column":33}},"5":{"start":{"line":13,"column":4},"end":{"line":13,"column":86}},"6":{"start":{"line":13,"column":17},"end":{"line":13,"column":86}},"7":{"start":{"line":14,"column":17},"end":{"line":14,"column":44}},"8":{"start":{"line":15,"column":4},"end":{"line":15,"column":79}},"9":{"start":{"line":15,"column":15},"end":{"line":15,"column":79}},"10":{"start":{"line":16,"column":4},"end":{"line":16,"column":54}},"11":{"start":{"line":18,"column":16},"end":{"line":18,"column":30}},"12":{"start":{"line":19,"column":4},"end":{"line":19,"column":52}},"13":{"start":{"line":20,"column":4},"end":{"line":20,"column":93}},"14":{"start":{"line":10,"column":13},"end":{"line":10,"column":38}},"15":{"start":{"line":23,"column":29},"end":{"line":44,"column":1}},"16":{"start":{"line":24,"column":2},"end":{"line":43,"column":3}},"17":{"start":{"line":25,"column":19},"end":{"line":25,"column":32}},"18":{"start":{"line":26,"column":97},"end":{"line":26,"column":105}},"19":{"start":{"line":27,"column":4},"end":{"line":27,"column":192}},"20":{"start":{"line":27,"column":81},"end":{"line":27,"column":192}},"21":{"start":{"line":28,"column":4},"end":{"line":28,"column":164}},"22":{"start":{"line":28,"column":65},"end":{"line":28,"column":164}},"23":{"start":{"line":29,"column":4},"end":{"line":29,"column":198}},"24":{"start":{"line":29,"column":87},"end":{"line":29,"column":198}},"25":{"start":{"line":30,"column":17},"end":{"line":30,"column":44}},"26":{"start":{"line":31,"column":4},"end":{"line":31,"column":79}},"27":{"start":{"line":31,"column":15},"end":{"line":31,"column":79}},"28":{"start":{"line":32,"column":19},"end":{"line":32,"column":55}},"29":{"start":{"line":33,"column":4},"end":{"line":33,"column":93}},"30":{"start":{"line":33,"column":17},"end":{"line":33,"column":93}},"31":{"start":{"line":34,"column":4},"end":{"line":34,"column":161}},"32":{"start":{"line":34,"column":102},"end":{"line":34,"column":161}},"33":{"start":{"line":35,"column":36},"end":{"line":35,"column":105}},"34":{"start":{"line":36,"column":4},"end":{"line":36,"column":38}},"35":{"start":{"line":37,"column":4},"end":{"line":37,"column":22}},"36":{"start":{"line":38,"column":4},"end":{"line":38,"column":100}},"37":{"start":{"line":40,"column":16},"end":{"line":40,"column":30}},"38":{"start":{"line":41,"column":4},"end":{"line":41,"column":50}},"39":{"start":{"line":42,"column":4},"end":{"line":42,"column":91}},"40":{"start":{"line":23,"column":13},"end":{"line":23,"column":29}},"41":{"start":{"line":45,"column":33},"end":{"line":77,"column":1}},"42":{"start":{"line":46,"column":2},"end":{"line":76,"column":3}},"43":{"start":{"line":47,"column":19},"end":{"line":47,"column":32}},"44":{"start":{"line":48,"column":38},"end":{"line":48,"column":48}},"45":{"start":{"line":49,"column":77},"end":{"line":49,"column":85}},"46":{"start":{"line":50,"column":17},"end":{"line":50,"column":44}},"47":{"start":{"line":51,"column":4},"end":{"line":51,"column":79}},"48":{"start":{"line":51,"column":15},"end":{"line":51,"column":79}},"49":{"start":{"line":52,"column":19},"end":{"line":52,"column":55}},"50":{"start":{"line":53,"column":4},"end":{"line":53,"column":93}},"51":{"start":{"line":53,"column":17},"end":{"line":53,"column":93}},"52":{"start":{"line":54,"column":4},"end":{"line":54,"column":161}},"53":{"start":{"line":54,"column":102},"end":{"line":54,"column":161}},"54":{"start":{"line":55,"column":4},"end":{"line":57,"column":5}},"55":{"start":{"line":56,"column":8},"end":{"line":56,"column":88}},"56":{"start":{"line":58,"column":18},"end":{"line":58,"column":45}},"57":{"start":{"line":59,"column":4},"end":{"line":59,"column":156}},"58":{"start":{"line":59,"column":88},"end":{"line":59,"column":156}},"59":{"start":{"line":60,"column":4},"end":{"line":60,"column":77}},"60":{"start":{"line":60,"column":33},"end":{"line":60,"column":77}},"61":{"start":{"line":61,"column":4},"end":{"line":64,"column":5}},"62":{"start":{"line":62,"column":6},"end":{"line":62,"column":166}},"63":{"start":{"line":62,"column":67},"end":{"line":62,"column":166}},"64":{"start":{"line":63,"column":6},"end":{"line":63,"column":56}},"65":{"start":{"line":65,"column":4},"end":{"line":69,"column":5}},"66":{"start":{"line":66,"column":23},"end":{"line":66,"column":73}},"67":{"start":{"line":67,"column":6},"end":{"line":67,"column":171}},"68":{"start":{"line":67,"column":85},"end":{"line":67,"column":171}},"69":{"start":{"line":68,"column":6},"end":{"line":68,"column":70}},"70":{"start":{"line":70,"column":4},"end":{"line":70,"column":22}},"71":{"start":{"line":71,"column":4},"end":{"line":71,"column":113}},"72":{"start":{"line":73,"column":16},"end":{"line":73,"column":30}},"73":{"start":{"line":74,"column":4},"end":{"line":74,"column":54}},"74":{"start":{"line":75,"column":4},"end":{"line":75,"column":95}},"75":{"start":{"line":45,"column":13},"end":{"line":45,"column":33}},"76":{"start":{"line":78,"column":31},"end":{"line":100,"column":1}},"77":{"start":{"line":79,"column":2},"end":{"line":99,"column":3}},"78":{"start":{"line":80,"column":19},"end":{"line":80,"column":32}},"79":{"start":{"line":81,"column":38},"end":{"line":81,"column":48}},"80":{"start":{"line":82,"column":17},"end":{"line":82,"column":44}},"81":{"start":{"line":83,"column":4},"end":{"line":83,"column":79}},"82":{"start":{"line":83,"column":15},"end":{"line":83,"column":79}},"83":{"start":{"line":84,"column":19},"end":{"line":84,"column":55}},"84":{"start":{"line":85,"column":4},"end":{"line":85,"column":93}},"85":{"start":{"line":85,"column":17},"end":{"line":85,"column":93}},"86":{"start":{"line":86,"column":4},"end":{"line":86,"column":161}},"87":{"start":{"line":86,"column":102},"end":{"line":86,"column":161}},"88":{"start":{"line":87,"column":4},"end":{"line":89,"column":5}},"89":{"start":{"line":88,"column":8},"end":{"line":88,"column":88}},"90":{"start":{"line":90,"column":18},"end":{"line":90,"column":45}},"91":{"start":{"line":91,"column":4},"end":{"line":91,"column":156}},"92":{"start":{"line":91,"column":88},"end":{"line":91,"column":156}},"93":{"start":{"line":92,"column":4},"end":{"line":92,"column":36}},"94":{"start":{"line":93,"column":4},"end":{"line":93,"column":22}},"95":{"start":{"line":94,"column":4},"end":{"line":94,"column":78}},"96":{"start":{"line":96,"column":16},"end":{"line":96,"column":30}},"97":{"start":{"line":97,"column":4},"end":{"line":97,"column":52}},"98":{"start":{"line":98,"column":4},"end":{"line":98,"column":93}},"99":{"start":{"line":78,"column":13},"end":{"line":78,"column":31}}},"fnMap":{"0":{"name":"(anonymous_1)","decl":{"start":{"line":10,"column":38},"end":{"line":10,"column":43}},"loc":{"start":{"line":10,"column":99},"end":{"line":22,"column":1}}},"1":{"name":"(anonymous_2)","decl":{"start":{"line":23,"column":29},"end":{"line":23,"column":34}},"loc":{"start":{"line":23,"column":90},"end":{"line":44,"column":1}}},"2":{"name":"(anonymous_3)","decl":{"start":{"line":45,"column":33},"end":{"line":45,"column":38}},"loc":{"start":{"line":45,"column":94},"end":{"line":77,"column":1}}},"3":{"name":"(anonymous_4)","decl":{"start":{"line":78,"column":31},"end":{"line":78,"column":36}},"loc":{"start":{"line":78,"column":92},"end":{"line":100,"column":1}}}},"branchMap":{"0":{"loc":{"start":{"line":13,"column":4},"end":{"line":13,"column":86}},"type":"if","locations":[{"start":{"line":13,"column":4},"end":{"line":13,"column":86}},{"start":{},"end":{}}]},"1":{"loc":{"start":{"line":15,"column":4},"end":{"line":15,"column":79}},"type":"if","locations":[{"start":{"line":15,"column":4},"end":{"line":15,"column":79}},{"start":{},"end":{}}]},"2":{"loc":{"start":{"line":16,"column":32},"end":{"line":16,"column":52}},"type":"binary-expr","locations":[{"start":{"line":16,"column":32},"end":{"line":16,"column":46}},{"start":{"line":16,"column":50},"end":{"line":16,"column":52}}]},"3":{"loc":{"start":{"line":27,"column":4},"end":{"line":27,"column":192}},"type":"if","locations":[{"start":{"line":27,"column":4},"end":{"line":27,"column":192}},{"start":{},"end":{}}]},"4":{"loc":{"start":{"line":27,"column":8},"end":{"line":27,"column":79}},"type":"binary-expr","locations":[{"start":{"line":27,"column":8},"end":{"line":27,"column":15}},{"start":{"line":27,"column":19},"end":{"line":27,"column":29}},{"start":{"line":27,"column":33},"end":{"line":27,"column":46}},{"start":{"line":27,"column":50},"end":{"line":27,"column":79}}]},"5":{"loc":{"start":{"line":28,"column":4},"end":{"line":28,"column":164}},"type":"if","locations":[{"start":{"line":28,"column":4},"end":{"line":28,"column":164}},{"start":{},"end":{}}]},"6":{"loc":{"start":{"line":28,"column":8},"end":{"line":28,"column":63}},"type":"binary-expr","locations":[{"start":{"line":28,"column":8},"end":{"line":28,"column":36}},{"start":{"line":28,"column":40},"end":{"line":28,"column":63}}]},"7":{"loc":{"start":{"line":29,"column":4},"end":{"line":29,"column":198}},"type":"if","locations":[{"start":{"line":29,"column":4},"end":{"line":29,"column":198}},{"start":{},"end":{}}]},"8":{"loc":{"start":{"line":29,"column":8},"end":{"line":29,"column":85}},"type":"binary-expr","locations":[{"start":{"line":29,"column":8},"end":{"line":29,"column":35}},{"start":{"line":29,"column":39},"end":{"line":29,"column":85}}]},"9":{"loc":{"start":{"line":31,"column":4},"end":{"line":31,"column":79}},"type":"if","locations":[{"start":{"line":31,"column":4},"end":{"line":31,"column":79}},{"start":{},"end":{}}]},"10":{"loc":{"start":{"line":33,"column":4},"end":{"line":33,"column":93}},"type":"if","locations":[{"start":{"line":33,"column":4},"end":{"line":33,"column":93}},{"start":{},"end":{}}]},"11":{"loc":{"start":{"line":34,"column":4},"end":{"line":34,"column":161}},"type":"if","locations":[{"start":{"line":34,"column":4},"end":{"line":34,"column":161}},{"start":{},"end":{}}]},"12":{"loc":{"start":{"line":34,"column":8},"end":{"line":34,"column":100}},"type":"binary-expr","locations":[{"start":{"line":34,"column":8},"end":{"line":34,"column":55}},{"start":{"line":34,"column":59},"end":{"line":34,"column":100}}]},"13":{"loc":{"start":{"line":51,"column":4},"end":{"line":51,"column":79}},"type":"if","locations":[{"start":{"line":51,"column":4},"end":{"line":51,"column":79}},{"start":{},"end":{}}]},"14":{"loc":{"start":{"line":53,"column":4},"end":{"line":53,"column":93}},"type":"if","locations":[{"start":{"line":53,"column":4},"end":{"line":53,"column":93}},{"start":{},"end":{}}]},"15":{"loc":{"start":{"line":54,"column":4},"end":{"line":54,"column":161}},"type":"if","locations":[{"start":{"line":54,"column":4},"end":{"line":54,"column":161}},{"start":{},"end":{}}]},"16":{"loc":{"start":{"line":54,"column":8},"end":{"line":54,"column":100}},"type":"binary-expr","locations":[{"start":{"line":54,"column":8},"end":{"line":54,"column":55}},{"start":{"line":54,"column":59},"end":{"line":54,"column":100}}]},"17":{"loc":{"start":{"line":55,"column":4},"end":{"line":57,"column":5}},"type":"if","locations":[{"start":{"line":55,"column":4},"end":{"line":57,"column":5}},{"start":{},"end":{}}]},"18":{"loc":{"start":{"line":59,"column":4},"end":{"line":59,"column":156}},"type":"if","locations":[{"start":{"line":59,"column":4},"end":{"line":59,"column":156}},{"start":{},"end":{}}]},"19":{"loc":{"start":{"line":59,"column":8},"end":{"line":59,"column":86}},"type":"binary-expr","locations":[{"start":{"line":59,"column":8},"end":{"line":59,"column":20}},{"start":{"line":59,"column":24},"end":{"line":59,"column":39}},{"start":{"line":59,"column":43},"end":{"line":59,"column":52}},{"start":{"line":59,"column":56},"end":{"line":59,"column":86}}]},"20":{"loc":{"start":{"line":60,"column":4},"end":{"line":60,"column":77}},"type":"if","locations":[{"start":{"line":60,"column":4},"end":{"line":60,"column":77}},{"start":{},"end":{}}]},"21":{"loc":{"start":{"line":61,"column":4},"end":{"line":64,"column":5}},"type":"if","locations":[{"start":{"line":61,"column":4},"end":{"line":64,"column":5}},{"start":{},"end":{}}]},"22":{"loc":{"start":{"line":62,"column":6},"end":{"line":62,"column":166}},"type":"if","locations":[{"start":{"line":62,"column":6},"end":{"line":62,"column":166}},{"start":{},"end":{}}]},"23":{"loc":{"start":{"line":62,"column":10},"end":{"line":62,"column":65}},"type":"binary-expr","locations":[{"start":{"line":62,"column":10},"end":{"line":62,"column":38}},{"start":{"line":62,"column":42},"end":{"line":62,"column":65}}]},"24":{"loc":{"start":{"line":65,"column":4},"end":{"line":69,"column":5}},"type":"if","locations":[{"start":{"line":65,"column":4},"end":{"line":69,"column":5}},{"start":{},"end":{}}]},"25":{"loc":{"start":{"line":66,"column":23},"end":{"line":66,"column":73}},"type":"binary-expr","locations":[{"start":{"line":66,"column":23},"end":{"line":66,"column":35}},{"start":{"line":66,"column":39},"end":{"line":66,"column":73}}]},"26":{"loc":{"start":{"line":67,"column":6},"end":{"line":67,"column":171}},"type":"if","locations":[{"start":{"line":67,"column":6},"end":{"line":67,"column":171}},{"start":{},"end":{}}]},"27":{"loc":{"start":{"line":67,"column":10},"end":{"line":67,"column":83}},"type":"binary-expr","locations":[{"start":{"line":67,"column":10},"end":{"line":67,"column":37}},{"start":{"line":67,"column":41},"end":{"line":67,"column":83}}]},"28":{"loc":{"start":{"line":83,"column":4},"end":{"line":83,"column":79}},"type":"if","locations":[{"start":{"line":83,"column":4},"end":{"line":83,"column":79}},{"start":{},"end":{}}]},"29":{"loc":{"start":{"line":85,"column":4},"end":{"line":85,"column":93}},"type":"if","locations":[{"start":{"line":85,"column":4},"end":{"line":85,"column":93}},{"start":{},"end":{}}]},"30":{"loc":{"start":{"line":86,"column":4},"end":{"line":86,"column":161}},"type":"if","locations":[{"start":{"line":86,"column":4},"end":{"line":86,"column":161}},{"start":{},"end":{}}]},"31":{"loc":{"start":{"line":86,"column":8},"end":{"line":86,"column":100}},"type":"binary-expr","locations":[{"start":{"line":86,"column":8},"end":{"line":86,"column":55}},{"start":{"line":86,"column":59},"end":{"line":86,"column":100}}]},"32":{"loc":{"start":{"line":87,"column":4},"end":{"line":89,"column":5}},"type":"if","locations":[{"start":{"line":87,"column":4},"end":{"line":89,"column":5}},{"start":{},"end":{}}]},"33":{"loc":{"start":{"line":91,"column":4},"end":{"line":91,"column":156}},"type":"if","locations":[{"start":{"line":91,"column":4},"end":{"line":91,"column":156}},{"start":{},"end":{}}]},"34":{"loc":{"start":{"line":91,"column":8},"end":{"line":91,"column":86}},"type":"binary-expr","locations":[{"start":{"line":91,"column":8},"end":{"line":91,"column":20}},{"start":{"line":91,"column":24},"end":{"line":91,"column":39}},{"start":{"line":91,"column":43},"end":{"line":91,"column":52}},{"start":{"line":91,"column":56},"end":{"line":91,"column":86}}]}},"s":{"0":2,"1":2,"2":2,"3":2,"4":2,"5":2,"6":1,"7":1,"8":1,"9":0,"10":1,"11":0,"12":0,"13":0,"14":2,"15":2,"16":4,"17":4,"18":4,"19":4,"20":2,"21":2,"22":0,"23":2,"24":0,"25":2,"26":2,"27":1,"28":1,"29":1,"30":0,"31":1,"32":1,"33":0,"34":0,"35":0,"36":0,"37":0,"38":0,"39":0,"40":2,"41":2,"42":3,"43":3,"44":3,"45":3,"46":3,"47":3,"48":1,"49":2,"50":2,"51":1,"52":1,"53":0,"54":1,"55":0,"56":1,"57":1,"58":0,"59":1,"60":1,"61":1,"62":1,"63":0,"64":1,"65":1,"66":1,"67":1,"68":0,"69":1,"70":1,"71":1,"72":0,"73":0,"74":0,"75":2,"76":2,"77":3,"78":3,"79":3,"80":3,"81":3,"82":1,"83":2,"84":2,"85":1,"86":1,"87":0,"88":1,"89":0,"90":1,"91":1,"92":0,"93":1,"94":1,"95":1,"96":0,"97":0,"98":0,"99":2},"f":{"0":2,"1":4,"2":3,"3":3},"b":{"0":[1,1],"1":[0,1],"2":[1,0],"3":[2,2],"4":[4,3,2,2],"5":[0,2],"6":[2,2],"7":[0,2],"8":[2,2],"9":[1,1],"10":[0,1],"11":[1,0],"12":[1,1],"13":[1,2],"14":[1,1],"15":[0,1],"16":[1,0],"17":[0,1],"18":[0,1],"19":[1,1,1,1],"20":[1,0],"21":[1,0],"22":[0,1],"23":[1,1],"24":[1,0],"25":[1,0],"26":[0,1],"27":[1,1],"28":[1,2],"29":[1,1],"30":[0,1],"31":[1,0],"32":[0,1],"33":[0,1],"34":[1,1,1,1]}}
,"C:\\Users\\Alunos\\Desktop\\Back-End-TS\\src\\controllers\\progressoController.ts": {"path":"C:\\Users\\Alunos\\Desktop\\Back-End-TS\\src\\controllers\\progressoController.ts","statementMap":{"0":{"start":{"line":2,"column":0},"end":{"line":2,"column":44}},"1":{"start":{"line":3,"column":0},"end":{"line":3,"column":45}},"2":{"start":{"line":4,"column":0},"end":{"line":4,"column":34}},"3":{"start":{"line":43,"column":26},"end":{"line":43,"column":82}},"4":{"start":{"line":45,"column":26},"end":{"line":47,"column":1}},"5":{"start":{"line":46,"column":2},"end":{"line":46,"column":54}},"6":{"start":{"line":45,"column":13},"end":{"line":45,"column":26}},"7":{"start":{"line":49,"column":27},"end":{"line":69,"column":1}},"8":{"start":{"line":50,"column":2},"end":{"line":68,"column":3}},"9":{"start":{"line":51,"column":23},"end":{"line":51,"column":44}},"10":{"start":{"line":52,"column":22},"end":{"line":52,"column":64}},"11":{"start":{"line":52,"column":39},"end":{"line":52,"column":57}},"12":{"start":{"line":53,"column":33},"end":{"line":53,"column":119}},"13":{"start":{"line":54,"column":4},"end":{"line":54,"column":122}},"14":{"start":{"line":54,"column":16},"end":{"line":54,"column":122}},"15":{"start":{"line":55,"column":4},"end":{"line":55,"column":115}},"16":{"start":{"line":55,"column":79},"end":{"line":55,"column":115}},"17":{"start":{"line":56,"column":21},"end":{"line":56,"column":76}},"18":{"start":{"line":57,"column":4},"end":{"line":57,"column":28}},"19":{"start":{"line":58,"column":4},"end":{"line":61,"column":5}},"20":{"start":{"line":59,"column":6},"end":{"line":59,"column":83}},"21":{"start":{"line":60,"column":6},"end":{"line":60,"column":18}},"22":{"start":{"line":62,"column":4},"end":{"line":62,"column":46}},"23":{"start":{"line":64,"column":16},"end":{"line":64,"column":30}},"24":{"start":{"line":65,"column":4},"end":{"line":66,"column":83}},"25":{"start":{"line":65,"column":75},"end":{"line":65,"column":160}},"26":{"start":{"line":66,"column":9},"end":{"line":66,"column":83}},"27":{"start":{"line":67,"column":4},"end":{"line":67,"column":16}},"28":{"start":{"line":71,"column":31},"end":{"line":103,"column":1}},"29":{"start":{"line":72,"column":2},"end":{"line":102,"column":3}},"30":{"start":{"line":73,"column":19},"end":{"line":73,"column":32}},"31":{"start":{"line":74,"column":68},"end":{"line":74,"column":76}},"32":{"start":{"line":75,"column":4},"end":{"line":75,"column":159}},"33":{"start":{"line":75,"column":63},"end":{"line":75,"column":159}},"34":{"start":{"line":76,"column":17},"end":{"line":76,"column":44}},"35":{"start":{"line":77,"column":4},"end":{"line":77,"column":79}},"36":{"start":{"line":77,"column":15},"end":{"line":77,"column":79}},"37":{"start":{"line":78,"column":31},"end":{"line":78,"column":77}},"38":{"start":{"line":79,"column":20},"end":{"line":79,"column":50}},"39":{"start":{"line":80,"column":20},"end":{"line":80,"column":63}},"40":{"start":{"line":81,"column":4},"end":{"line":81,"column":139}},"41":{"start":{"line":81,"column":42},"end":{"line":81,"column":139}},"42":{"start":{"line":82,"column":4},"end":{"line":93,"column":5}},"43":{"start":{"line":83,"column":6},"end":{"line":83,"column":38}},"44":{"start":{"line":84,"column":6},"end":{"line":84,"column":48}},"45":{"start":{"line":85,"column":6},"end":{"line":85,"column":56}},"46":{"start":{"line":86,"column":6},"end":{"line":86,"column":34}},"47":{"start":{"line":87,"column":6},"end":{"line":87,"column":33}},"48":{"start":{"line":88,"column":6},"end":{"line":88,"column":88}},"49":{"start":{"line":89,"column":6},"end":{"line":89,"column":91}},"50":{"start":{"line":89,"column":88},"end":{"line":89,"column":89}},"51":{"start":{"line":90,"column":6},"end":{"line":90,"column":29}},"52":{"start":{"line":92,"column":6},"end":{"line":92,"column":276}},"53":{"start":{"line":92,"column":270},"end":{"line":92,"column":271}},"54":{"start":{"line":94,"column":23},"end":{"line":94,"column":56}},"55":{"start":{"line":95,"column":22},"end":{"line":95,"column":130}},"56":{"start":{"line":96,"column":20},"end":{"line":96,"column":87}},"57":{"start":{"line":97,"column":4},"end":{"line":97,"column":290}},"58":{"start":{"line":99,"column":16},"end":{"line":99,"column":30}},"59":{"start":{"line":100,"column":4},"end":{"line":100,"column":52}},"60":{"start":{"line":101,"column":4},"end":{"line":101,"column":93}},"61":{"start":{"line":71,"column":13},"end":{"line":71,"column":31}},"62":{"start":{"line":104,"column":30},"end":{"line":132,"column":1}},"63":{"start":{"line":105,"column":4},"end":{"line":131,"column":5}},"64":{"start":{"line":106,"column":23},"end":{"line":106,"column":36}},"65":{"start":{"line":107,"column":52},"end":{"line":107,"column":60}},"66":{"start":{"line":108,"column":8},"end":{"line":108,"column":185}},"67":{"start":{"line":108,"column":91},"end":{"line":108,"column":185}},"68":{"start":{"line":109,"column":21},"end":{"line":109,"column":48}},"69":{"start":{"line":110,"column":8},"end":{"line":110,"column":83}},"70":{"start":{"line":110,"column":19},"end":{"line":110,"column":83}},"71":{"start":{"line":111,"column":24},"end":{"line":111,"column":67}},"72":{"start":{"line":112,"column":8},"end":{"line":114,"column":9}},"73":{"start":{"line":113,"column":12},"end":{"line":113,"column":252}},"74":{"start":{"line":115,"column":8},"end":{"line":125,"column":9}},"75":{"start":{"line":116,"column":12},"end":{"line":116,"column":65}},"76":{"start":{"line":117,"column":12},"end":{"line":117,"column":63}},"77":{"start":{"line":118,"column":33},"end":{"line":118,"column":34}},"78":{"start":{"line":119,"column":12},"end":{"line":121,"column":15}},"79":{"start":{"line":120,"column":16},"end":{"line":120,"column":110}},"80":{"start":{"line":120,"column":93},"end":{"line":120,"column":110}},"81":{"start":{"line":122,"column":12},"end":{"line":122,"column":49}},"82":{"start":{"line":123,"column":12},"end":{"line":123,"column":102}},"83":{"start":{"line":124,"column":12},"end":{"line":124,"column":35}},"84":{"start":{"line":126,"column":8},"end":{"line":126,"column":78}},"85":{"start":{"line":128,"column":20},"end":{"line":128,"column":34}},"86":{"start":{"line":129,"column":8},"end":{"line":129,"column":55}},"87":{"start":{"line":130,"column":8},"end":{"line":130,"column":96}},"88":{"start":{"line":104,"column":13},"end":{"line":104,"column":30}},"89":{"start":{"line":133,"column":34},"end":{"line":145,"column":1}},"90":{"start":{"line":134,"column":4},"end":{"line":144,"column":5}},"91":{"start":{"line":135,"column":23},"end":{"line":135,"column":36}},"92":{"start":{"line":136,"column":27},"end":{"line":136,"column":37}},"93":{"start":{"line":137,"column":26},"end":{"line":137,"column":69}},"94":{"start":{"line":138,"column":8},"end":{"line":138,"column":127}},"95":{"start":{"line":138,"column":24},"end":{"line":138,"column":127}},"96":{"start":{"line":139,"column":8},"end":{"line":139,"column":192}},"97":{"start":{"line":141,"column":20},"end":{"line":141,"column":34}},"98":{"start":{"line":142,"column":8},"end":{"line":142,"column":59}},"99":{"start":{"line":143,"column":8},"end":{"line":143,"column":100}},"100":{"start":{"line":133,"column":13},"end":{"line":133,"column":34}},"101":{"start":{"line":146,"column":36},"end":{"line":162,"column":1}},"102":{"start":{"line":147,"column":4},"end":{"line":161,"column":5}},"103":{"start":{"line":148,"column":23},"end":{"line":148,"column":36}},"104":{"start":{"line":149,"column":29},"end":{"line":149,"column":39}},"105":{"start":{"line":150,"column":8},"end":{"line":150,"column":90}},"106":{"start":{"line":150,"column":23},"end":{"line":150,"column":90}},"107":{"start":{"line":151,"column":27},"end":{"line":151,"column":96}},"108":{"start":{"line":152,"column":29},"end":{"line":155,"column":41}},"109":{"start":{"line":153,"column":12},"end":{"line":153,"column":66}},"110":{"start":{"line":154,"column":12},"end":{"line":154,"column":23}},"111":{"start":{"line":156,"column":8},"end":{"line":156,"column":53}},"112":{"start":{"line":158,"column":20},"end":{"line":158,"column":34}},"113":{"start":{"line":159,"column":8},"end":{"line":159,"column":65}},"114":{"start":{"line":160,"column":8},"end":{"line":160,"column":106}},"115":{"start":{"line":146,"column":13},"end":{"line":146,"column":36}},"116":{"start":{"line":163,"column":33},"end":{"line":177,"column":1}},"117":{"start":{"line":164,"column":4},"end":{"line":176,"column":5}},"118":{"start":{"line":165,"column":23},"end":{"line":165,"column":36}},"119":{"start":{"line":166,"column":24},"end":{"line":166,"column":91}},"120":{"start":{"line":167,"column":8},"end":{"line":167,"column":89}},"121":{"start":{"line":167,"column":22},"end":{"line":167,"column":89}},"122":{"start":{"line":168,"column":27},"end":{"line":168,"column":60}},"123":{"start":{"line":169,"column":24},"end":{"line":169,"column":123}},"124":{"start":{"line":170,"column":8},"end":{"line":170,"column":108}},"125":{"start":{"line":170,"column":24},"end":{"line":170,"column":108}},"126":{"start":{"line":171,"column":8},"end":{"line":171,"column":245}},"127":{"start":{"line":173,"column":20},"end":{"line":173,"column":34}},"128":{"start":{"line":174,"column":8},"end":{"line":174,"column":62}},"129":{"start":{"line":175,"column":8},"end":{"line":175,"column":103}},"130":{"start":{"line":163,"column":13},"end":{"line":163,"column":33}}},"fnMap":{"0":{"name":"(anonymous_1)","decl":{"start":{"line":45,"column":26},"end":{"line":45,"column":27}},"loc":{"start":{"line":45,"column":65},"end":{"line":47,"column":1}}},"1":{"name":"(anonymous_2)","decl":{"start":{"line":49,"column":27},"end":{"line":49,"column":32}},"loc":{"start":{"line":49,"column":148},"end":{"line":69,"column":1}}},"2":{"name":"(anonymous_3)","decl":{"start":{"line":52,"column":33},"end":{"line":52,"column":36}},"loc":{"start":{"line":52,"column":39},"end":{"line":52,"column":57}}},"3":{"name":"(anonymous_4)","decl":{"start":{"line":71,"column":31},"end":{"line":71,"column":36}},"loc":{"start":{"line":71,"column":92},"end":{"line":103,"column":1}}},"4":{"name":"(anonymous_5)","decl":{"start":{"line":89,"column":78},"end":{"line":89,"column":79}},"loc":{"start":{"line":89,"column":88},"end":{"line":89,"column":89}}},"5":{"name":"(anonymous_6)","decl":{"start":{"line":92,"column":260},"end":{"line":92,"column":261}},"loc":{"start":{"line":92,"column":270},"end":{"line":92,"column":271}}},"6":{"name":"(anonymous_7)","decl":{"start":{"line":104,"column":30},"end":{"line":104,"column":35}},"loc":{"start":{"line":104,"column":91},"end":{"line":132,"column":1}}},"7":{"name":"(anonymous_8)","decl":{"start":{"line":119,"column":35},"end":{"line":119,"column":36}},"loc":{"start":{"line":119,"column":55},"end":{"line":121,"column":13}}},"8":{"name":"(anonymous_9)","decl":{"start":{"line":133,"column":34},"end":{"line":133,"column":39}},"loc":{"start":{"line":133,"column":95},"end":{"line":145,"column":1}}},"9":{"name":"(anonymous_10)","decl":{"start":{"line":146,"column":36},"end":{"line":146,"column":41}},"loc":{"start":{"line":146,"column":97},"end":{"line":162,"column":1}}},"10":{"name":"(anonymous_11)","decl":{"start":{"line":152,"column":47},"end":{"line":152,"column":48}},"loc":{"start":{"line":152,"column":61},"end":{"line":155,"column":9}}},"11":{"name":"(anonymous_12)","decl":{"start":{"line":163,"column":33},"end":{"line":163,"column":38}},"loc":{"start":{"line":163,"column":94},"end":{"line":177,"column":1}}}},"branchMap":{"0":{"loc":{"start":{"line":43,"column":26},"end":{"line":43,"column":82}},"type":"binary-expr","locations":[{"start":{"line":43,"column":26},"end":{"line":43,"column":55}},{"start":{"line":43,"column":59},"end":{"line":43,"column":82}}]},"1":{"loc":{"start":{"line":49,"column":52},"end":{"line":49,"column":66}},"type":"default-arg","locations":[{"start":{"line":49,"column":61},"end":{"line":49,"column":66}}]},"2":{"loc":{"start":{"line":49,"column":68},"end":{"line":49,"column":88}},"type":"default-arg","locations":[{"start":{"line":49,"column":84},"end":{"line":49,"column":88}}]},"3":{"loc":{"start":{"line":49,"column":90},"end":{"line":49,"column":117}},"type":"default-arg","locations":[{"start":{"line":49,"column":113},"end":{"line":49,"column":117}}]},"4":{"loc":{"start":{"line":54,"column":4},"end":{"line":54,"column":122}},"type":"if","locations":[{"start":{"line":54,"column":4},"end":{"line":54,"column":122}},{"start":{},"end":{}}]},"5":{"loc":{"start":{"line":54,"column":65},"end":{"line":54,"column":120}},"type":"cond-expr","locations":[{"start":{"line":54,"column":95},"end":{"line":54,"column":100}},{"start":{"line":54,"column":103},"end":{"line":54,"column":120}}]},"6":{"loc":{"start":{"line":55,"column":4},"end":{"line":55,"column":115}},"type":"if","locations":[{"start":{"line":55,"column":4},"end":{"line":55,"column":115}},{"start":{},"end":{}}]},"7":{"loc":{"start":{"line":55,"column":8},"end":{"line":55,"column":77}},"type":"binary-expr","locations":[{"start":{"line":55,"column":8},"end":{"line":55,"column":12}},{"start":{"line":55,"column":17},"end":{"line":55,"column":34}},{"start":{"line":55,"column":38},"end":{"line":55,"column":54}},{"start":{"line":55,"column":58},"end":{"line":55,"column":76}}]},"8":{"loc":{"start":{
[...]
,"C:\\Users\\Alunos\\Desktop\\Back-End-TS\\src\\services\\ragTrilhaContext.ts": {"path":"C:\\Users\\Alunos\\Desktop\\Back-End-TS\\src\\services\\ragTrilhaContext.ts","statementMap":{"0":{"start":{"line":34,"column":0},"end":{"line":34,"column":7}},"1":{"start":{"line":2,"column":0},"end":{"line":2,"column":38}},"2":{"start":{"line":3,"column":0},"end":{"line":3,"column":34}},"3":{"start":{"line":5,"column":20},"end":{"line":5,"column":83}},"4":{"start":{"line":5,"column":43},"end":{"line":5,"column":83}},"5":{"start":{"line":14,"column":27},"end":{"line":14,"column":29}},"6":{"start":{"line":15,"column":2},"end":{"line":15,"column":56}},"7":{"start":{"line":15,"column":23},"end":{"line":15,"column":56}},"8":{"start":{"line":16,"column":2},"end":{"line":16,"column":59}},"9":{"start":{"line":16,"column":16},"end":{"line":16,"column":59}},"10":{"start":{"line":17,"column":2},"end":{"line":17,"column":60}},"11":{"start":{"line":17,"column":19},"end":{"line":17,"column":60}},"12":{"start":{"line":18,"column":2},"end":{"line":18,"column":147}},"13":{"start":{"line":18,"column":39},"end":{"line":18,"column":147}},"14":{"start":{"line":19,"column":2},"end":{"line":26,"column":3}},"15":{"start":{"line":20,"column":4},"end":{"line":20,"column":53}},"16":{"start":{"line":21,"column":4},"end":{"line":25,"column":7}},"17":{"start":{"line":22,"column":6},"end":{"line":22,"column":48}},"18":{"start":{"line":23,"column":6},"end":{"line":23,"column":70}},"19":{"start":{"line":24,"column":6},"end":{"line":24,"column":56}},"20":{"start":{"line":27,"column":2},"end":{"line":27,"column":27}},"21":{"start":{"line":38,"column":24},"end":{"line":38,"column":48}},"22":{"start":{"line":39,"column":25},"end":{"line":39,"column":50}},"23":{"start":{"line":41,"column":22},"end":{"line":41,"column":36}},"24":{"start":{"line":42,"column":2},"end":{"line":42,"column":30}},"25":{"start":{"line":42,"column":20},"end":{"line":42,"column":30}},"26":{"start":{"line":44,"column":24},"end":{"line":44,"column":78}},"27":{"start":{"line":45,"column":16},"end":{"line":49,"column":11}},"28":{"start":{"line":51,"column":2},"end":{"line":57,"column":3}},"29":{"start":{"line":52,"column":4},"end":{"line":56,"column":14}},"30":{"start":{"line":59,"column":27},"end":{"line":59,"column":29}},"31":{"start":{"line":60,"column":2},"end":{"line":73,"column":3}},"32":{"start":{"line":61,"column":15},"end":{"line":61,"column":47}},"33":{"start":{"line":62,"column":18},"end":{"line":66,"column":13}},"34":{"start":{"line":68,"column":19},"end":{"line":68,"column":116}},"35":{"start":{"line":69,"column":4},"end":{"line":69,"column":62}},"36":{"start":{"line":69,"column":21},"end":{"line":69,"column":62}},"37":{"start":{"line":71,"column":21},"end":{"line":71,"column":66}},"38":{"start":{"line":72,"column":4},"end":{"line":72,"column":53}},"39":{"start":{"line":75,"column":2},"end":{"line":77,"column":3}},"40":{"start":{"line":76,"column":4},"end":{"line":76,"column":114}},"41":{"start":{"line":79,"column":2},"end":{"line":83,"column":15}}},"fnMap":{"0":{"name":"(anonymous_1)","decl":{"start":{"line":5,"column":20},"end":{"line":5,"column":21}},"loc":{"start":{"line":5,"column":43},"end":{"line":5,"column":83}}},"1":{"name":"formatarFaseResumo","decl":{"start":{"line":7,"column":9},"end":{"line":7,"column":27}},"loc":{"start":{"line":13,"column":1},"end":{"line":28,"column":1}}},"2":{"name":"(anonymous_3)","decl":{"start":{"line":21,"column":36},"end":{"line":21,"column":37}},"loc":{"start":{"line":21,"column":45},"end":{"line":25,"column":5}}},"3":{"name":"buscarContextoRagTrilha","decl":{"start":{"line":34,"column":22},"end":{"line":34,"column":45}},"loc":{"start":{"line":36,"column":60},"end":{"line":84,"column":1}}}},"branchMap":{"0":{"loc":{"start":{"line":15,"column":2},"end":{"line":15,"column":56}},"type":"if","locations":[{"start":{"line":15,"column":2},"end":{"line":15,"column":56}},{"start":{},"end":{}}]},"1":{"loc":{"start":{"line":16,"column":2},"end":{"line":16,"column":59}},"type":"if","locations":[{"start":{"line":16,"column":2},"end":{"line":16,"column":59}},{"start":{},"end":{}}]},"2":{"loc":{"start":{"line":17,"column":2},"end":{"line":17,"column":60}},"type":"if","locations":[{"start":{"line":17,"column":2},"end":{"line":17,"column":60}},{"start":{},"end":{}}]},"3":{"loc":{"start":{"line":18,"column":2},"end":{"line":18,"column":147}},"type":"if","locations":[{"start":{"line":18,"column":2},"end":{"line":18,"column":147}},{"start":{},"end":{}}]},"4":{"loc":{"start":{"line":18,"column":6},"end":{"line":18,"column":37}},"type":"binary-expr","locations":[{"start":{"line":18,"column":6},"end":{"line":18,"column":16}},{"start":{"line":18,"column":20},"end":{"line":18,"column":37}}]},"5":{"loc":{"start":{"line":18,"column":107},"end":{"line":18,"column":143}},"type":"cond-expr","locations":[{"start":{"line":18,"column":133},"end":{"line":18,"column":138}},{"start":{"line":18,"column":141},"end":{"line":18,"column":143}}]},"6":{"loc":{"start":{"line":19,"column":2},"end":{"line":26,"column":3}},"type":"if","locations":[{"start":{"line":19,"column":2},"end":{"line":26,"column":3}},{"start":{},"end":{}}]},"7":{"loc":{"start":{"line":38,"column":24},"end":{"line":38,"column":48}},"type":"binary-expr","locations":[{"start":{"line":38,"column":24},"end":{"line":38,"column":43}},{"start":{"line":38,"column":47},"end":{"line":38,"column":48}}]},"8":{"loc":{"start":{"line":39,"column":25},"end":{"line":39,"column":50}},"type":"binary-expr","locations":[{"start":{"line":39,"column":25},"end":{"line":39,"column":45}},{"start":{"line":39,"column":49},"end":{"line":39,"column":50}}]},"9":{"loc":{"start":{"line":42,"column":2},"end":{"line":42,"column":30}},"type":"if","locations":[{"start":{"line":42,"column":2},"end":{"line":42,"column":30}},{"start":{},"end":{}}]},"10":{"loc":{"start":{"line":51,"column":2},"end":{"line":57,"column":3}},"type":"if","locations":[{"start":{"line":51,"column":2},"end":{"line":57,"column":3}},{"start":{},"end":{}}]},"11":{"loc":{"start":{"line":69,"column":4},"end":{"line":69,"column":62}},"type":"if","locations":[{"start":{"line":69,"column":4},"end":{"line":69,"column":62}},{"start":{},"end":{}}]},"12":{"loc":{"start":{"line":75,"column":2},"end":{"line":77,"column":3}},"type":"if","locations":[{"start":{"line":75,"column":2},"end":{"line":77,"column":3}},{"start":{},"end":{}}]}},"s":{"0":1,"1":1,"2":1,"3":1,"4":0,"5":0,"6":0,"7":0,"8":0,"9":0,"10":0,"11":0,"12":0,"13":0,"14":0,"15":0,"16":0,"17":0,"18":0,"19":0,"20":0,"21":0,"22":0,"23":0,"24":0,"25":0,"26":0,"27":0,"28":0,"29":0,"30":0,"31":0,"32":0,"33":0,"34":0,"35":0,"36":0,"37":0,"38":0,"39":0,"40":0,"41":0},"f":{"0":0,"1":0,"2":0,"3":0},"b":{"0":[0,0],"1":[0,0],"2":[0,0],"3":[0,0],"4":[0,0],"5":[0,0],"6":[0,0],"7":[0,0],"8":[0,0],"9":[0,0],"10":[0,0],"11":[0,0],"12":[0,0]}}
,"C:\\Users\\Alunos\\Desktop\\Back-End-TS\\src\\services\\twoFactorBackupCodes.ts": {"path":"C:\\Users\\Alunos\\Desktop\\Back-End-TS\\src\\services\\twoFactorBackupCodes.ts","statementMap":{"0":{"start":{"line":10,"column":0},"end":{"line":10,"column":16}},"1":{"start":{"line":18,"column":0},"end":{"line":18,"column":16}},"2":{"start":{"line":22,"column":0},"end":{"line":22,"column":16}},"3":{"start":{"line":27,"column":0},"end":{"line":27,"column":7}},"4":{"start":{"line":39,"column":0},"end":{"line":39,"column":7}},"5":{"start":{"line":1,"column":0},"end":{"line":1,"column":28}},"6":{"start":{"line":2,"column":0},"end":{"line":2,"column":30}},"7":{"start":{"line":5,"column":13},"end":{"line":5,"column":36}},"8":{"start":{"line":11,"column":26},"end":{"line":11,"column":28}},"9":{"start":{"line":12,"column":2},"end":{"line":14,"column":3}},"10":{"start":{"line":12,"column":15},"end":{"line":12,"column":16}},"11":{"start":{"line":13,"column":4},"end":{"line":13,"column":54}},"12":{"start":{"line":15,"column":2},"end":{"line":15,"column":15}},"13":{"start":{"line":19,"column":2},"end":{"line":19,"column":58}},"14":{"start":{"line":23,"column":21},"end":{"line":23,"column":51}},"15":{"start":{"line":24,"column":2},"end":{"line":24,"column":56}},"16":{"start":{"line":28,"column":24},"end":{"line":28,"column":26}},"17":{"start":{"line":29,"column":2},"end":{"line":32,"column":3}},"18":{"start":{"line":30,"column":18},"end":{"line":30,"column":45}},"19":{"start":{"line":31,"column":4},"end":{"line":31,"column":43}},"20":{"start":{"line":33,"column":2},"end":{"line":33,"column":13}},"21":{"start":{"line":43,"column":21},"end":{"line":43,"column":52}},"22":{"start":{"line":45,"column":2},"end":{"line":47,"column":3}},"23":{"start":{"line":46,"column":4},"end":{"line":46,"column":16}},"24":{"start":{"line":48,"column":2},"end":{"line":53,"column":3}},"25":{"start":{"line":48,"column":15},"end":{"line":48,"column":16}},"26":{"start":{"line":49,"column":15},"end":{"line":49,"column":63}},"27":{"start":{"line":50,"column":4},"end":{"line":52,"column":5}},"28":{"start":{"line":51,"column":6},"end":{"line":51,"column":51}},"29":{"start":{"line":51,"column":42},"end":{"line":51,"column":49}},"30":{"start":{"line":54,"column":2},"end":{"line":54,"column":14}}},"fnMap":{"0":{"name":"generatePlainBackupCodes","decl":{"start":{"line":10,"column":16},"end":{"line":10,"column":40}},"loc":{"start":{"line":10,"column":66},"end":{"line":16,"column":1}}},"1":{"name":"normalizeBackupCodeInput","decl":{"start":{"line":18,"column":16},"end":{"line":18,"column":40}},"loc":{"start":{"line":18,"column":54},"end":{"line":20,"column":1}}},"2":{"name":"formatBackupCodeForUser","decl":{"start":{"line":22,"column":16},"end":{"line":22,"column":39}},"loc":{"start":{"line":22,"column":52},"end":{"line":25,"column":1}}},"3":{"name":"hashBackupCodes","decl":{"start":{"line":27,"column":22},"end":{"line":27,"column":37}},"loc":{"start":{"line":27,"column":53},"end":{"line":34,"column":1}}},"4":{"name":"tryConsumeBackupCode","decl":{"start":{"line":39,"column":22},"end":{"line":39,"column":42}},"loc":{"start":{"line":41,"column":15},"end":{"line":55,"column":1}}},"5":{"name":"(anonymous_6)","decl":{"start":{"line":51,"column":32},"end":{"line":51,"column":33}},"loc":{"start":{"line":51,"column":42},"end":{"line":51,"column":49}}}},"branchMap":{"0":{"loc":{"start":{"line":10,"column":41},"end":{"line":10,"column":66}},"type":"default-arg","locations":[{"start":{"line":10,"column":49},"end":{"line":10,"column":66}}]},"1":{"loc":{"start":{"line":24,"column":9},"end":{"line":24,"column":55}},"type":"binary-expr","locations":[{"start":{"line":24,"column":9},"end":{"line":24,"column":47}},{"start":{"line":24,"column":51},"end":{"line":24,"column":55}}]},"2":{"loc":{"start":{"line":45,"column":2},"end":{"line":47,"column":3}},"type":"if","locations":[{"start":{"line":45,"column":2},"end":{"line":47,"column":3}},{"start":{},"end":{}}]},"3":{"loc":{"start":{"line":45,"column":6},"end":{"line":45,"column":52}},"type":"binary-expr","locations":[{"start":{"line":45,"column":6},"end":{"line":45,"column":28}},{"start":{"line":45,"column":32},"end":{"line":45,"column":52}}]},"4":{"loc":{"start":{"line":50,"column":4},"end":{"line":52,"column":5}},"type":"if","locations":[{"start":{"line":50,"column":4},"end":{"line":52,"column":5}},{"start":{},"end":{}}]}},"s":{"0":2,"1":2,"2":2,"3":2,"4":2,"5":2,"6":2,"7":2,"8":2,"9":2,"10":2,"11":5,"12":2,"13":7,"14":2,"15":2,"16":1,"17":1,"18":2,"19":2,"20":1,"21":2,"22":2,"23":0,"24":2,"25":2,"26":2,"27":2,"28":1,"29":2,"30":1},"f":{"0":2,"1":7,"2":2,"3":1,"4":2,"5":2},"b":{"0":[0],"1":[2,0],"2":[0,2],"3":[2,2],"4":[1,1]}}
,"C:\\Users\\Alunos\\Desktop\\Back-End-TS\\src\\services\\twoFactorservice.ts": {"path":"C:\\Users\\Alunos\\Desktop\\Back-End-TS\\src\\services\\twoFactorservice.ts","statementMap":{"0":{"start":{"line":1,"column":0},"end":{"line":1,"column":34}},"1":{"start":{"line":3,"column":17},"end":{"line":4,"column":69}},"2":{"start":{"line":4,"column":2},"end":{"line":4,"column":69}},"3":{"start":{"line":6,"column":30},"end":{"line":13,"column":1}},"4":{"start":{"line":7,"column":17},"end":{"line":7,"column":27}},"5":{"start":{"line":8,"column":2},"end":{"line":12,"column":5}},"6":{"start":{"line":6,"column":13},"end":{"line":6,"column":30}},"7":{"start":{"line":15,"column":27},"end":{"line":22,"column":1}},"8":{"start":{"line":16,"column":2},"end":{"line":21,"column":5}},"9":{"start":{"line":15,"column":13},"end":{"line":15,"column":27}}},"fnMap":{"0":{"name":"(anonymous_1)","decl":{"start":{"line":3,"column":17},"end":{"line":3,"column":20}},"loc":{"start":{"line":4,"column":2},"end":{"line":4,"column":69}}},"1":{"name":"(anonymous_2)","decl":{"start":{"line":6,"column":30},"end":{"line":6,"column":31}},"loc":{"start":{"line":6,"column":48},"end":{"line":13,"column":1}}},"2":{"name":"(anonymous_3)","decl":{"start":{"line":15,"column":27},"end":{"line":15,"column":28}},"loc":{"start":{"line":15,"column":61},"end":{"line":22,"column":1}}}},"branchMap":{"0":{"loc":{"start":{"line":4,"column":2},"end":{"line":4,"column":69}},"type":"binary-expr","locations":[{"start":{"line":4,"column":2},"end":{"line":4,"column":31}},{"start":{"line":4,"column":35},"end":{"line":4,"column":55}},{"start":{"line":4,"column":59},"end":{"line":4,"column":69}}]}},"s":{"0":1,"1":1,"2":0,"3":1,"4":0,"5":0,"6":1,"7":1,"8":0,"9":1},"f":{"0":0,"1":0,"2":0},"b":{"0":[0,0,0]}}
,"C:\\Users\\Alunos\\Desktop\\Back-End-TS\\src\\services\\userService.ts": {"path":"C:\\Users\\Alunos\\Desktop\\Back-End-TS\\src\\services\\userService.ts","statementMap":{"0":{"start":{"line":4,"column":0},"end":{"line":4,"column":7}},"1":{"start":{"line":8,"column":0},"end":{"line":8,"column":7}},"2":{"start":{"line":17,"column":0},"end":{"line":17,"column":7}},"3":{"start":{"line":1,"column":0},"end":{"line":1,"column":45}},"4":{"start":{"line":2,"column":0},"end":{"line":2,"column":30}},"5":{"start":{"line":5,"column":2},"end":{"line":5,"column":44}},"6":{"start":{"line":9,"column":2},"end":{"line":11,"column":3}},"7":{"start":{"line":10,"column":4},"end":{"line":10,"column":63}},"8":{"start":{"line":12,"column":29},"end":{"line":12,"column":63}},"9":{"start":{"line":13,"column":15},"end":{"line":13,"column":64}},"10":{"start":{"line":14,"column":2},"end":{"line":14,"column":27}},"11":{"start":{"line":18,"column":15},"end":{"line":18,"column":44}},"12":{"start":{"line":19,"column":2},"end":{"line":21,"column":3}},"13":{"start":{"line":20,"column":4},"end":{"line":20,"column":16}},"14":{"start":{"line":23,"column":23},"end":{"line":23,"column":62}},"15":{"start":{"line":24,"column":2},"end":{"line":26,"column":3}},"16":{"start":{"line":25,"column":4},"end":{"line":25,"column":16}},"17":{"start":{"line":28,"column":2},"end":{"line":28,"column":14}}},"fnMap":{"0":{"name":"listarUsuarios","decl":{"start":{"line":4,"column":22},"end":{"line":4,"column":36}},"loc":{"start":{"line":4,"column":36},"end":{"line":6,"column":1}}},"1":{"name":"criarUsuario","decl":{"start":{"line":8,"column":22},"end":{"line":8,"column":34}},"loc":{"start":{"line":8,"column":56},"end":{"line":15,"column":1}}},"2":{"name":"loginUsuario","decl":{"start":{"line":17,"column":22},"end":{"line":17,"column":34}},"loc":{"start":{"line":17,"column":63},"end":{"line":29,"column":1}}}},"branchMap":{"0":{"loc":{"start":{"line":9,"column":2},"end":{"line":11,"column":3}},"type":"if","locations":[{"start":{"line":9,"column":2},"end":{"line":11,"column":3}},{"start":{},"end":{}}]},"1":{"loc":{"start":{"line":19,"column":2},"end":{"line":21,"column":3}},"type":"if","locations":[{"start":{"line":19,"column":2},"end":{"line":21,"column":3}},{"start":{},"end":{}}]},"2":{"loc":{"start":{"line":24,"column":2},"end":{"line":26,"column":3}},"type":"if","locations":[{"start":{"line":24,"column":2},"end":{"line":26,"column":3}},{"start":{},"end":{}}]}},"s":{"0":4,"1":4,"2":4,"3":4,"4":4,"5":1,"6":1,"7":1,"8":0,"9":0,"10":0,"11":2,"12":2,"13":1,"14":1,"15":1,"16":1,"17":0},"f":{"0":1,"1":1,"2":2},"b":{"0":[1,0],"1":[1,1],"2":[1,0]}}
,"C:\\Users\\Alunos\\Desktop\\Back-End-TS\\src\\utils\\tokenHelper.ts": {"path":"C:\\Users\\Alunos\\Desktop\\Back-End-TS\\src\\utils\\tokenHelper.ts","statementMap":{"0":{"start":{"line":1,"column":0},"end":{"line":1,"column":36}},"1":{"start":{"line":13,"column":26},"end":{"line":22,"column":1}},"2":{"start":{"line":14,"column":17},"end":{"line":14,"column":39}},"3":{"start":{"line":16,"column":2},"end":{"line":19,"column":3}},"4":{"start":{"line":17,"column":4},"end":{"line":17,"column":89}},"5":{"start":{"line":18,"column":4},"end":{"line":18,"column":67}},"6":{"start":{"line":21,"column":2},"end":{"line":21,"column":56}},"7":{"start":{"line":13,"column":13},"end":{"line":13,"column":26}}},"fnMap":{"0":{"name":"(anonymous_9)","decl":{"start":{"line":13,"column":26},"end":{"line":13,"column":27}},"loc":{"start":{"line":13,"column":60},"end":{"line":22,"column":1}}}},"branchMap":{"0":{"loc":{"start":{"line":16,"column":2},"end":{"line":19,"column":3}},"type":"if","locations":[{"start":{"line":16,"column":2},"end":{"line":19,"column":3}},{"start":{},"end":{}}]}},"s":{"0":1,"1":1,"2":6,"3":6,"4":1,"5":1,"6":5,"7":1},"f":{"0":6},"b":{"0":[1,5]}}
,"C:\\Users\\Alunos\\Desktop\\Back-End-TS\\src\\utils\\twoFactorPendingToken.ts": {"path":"C:\\Users\\Alunos\\Desktop\\Back-End-TS\\src\\utils\\twoFactorPendingToken.ts","statementMap":{"0":{"start":{"line":12,"column":0},"end":{"line":12,"column":16}},"1":{"start":{"line":1,"column":0},"end":{"line":1,"column":36}},"2":{"start":{"line":4,"column":13},"end":{"line":4,"column":49}},"3":{"start":{"line":8,"column":14},"end":{"line":8,"column":60}},"4":{"start":{"line":9,"column":2},"end":{"line":9,"column":75}},"5":{"start":{"line":13,"column":17},"end":{"line":13,"column":39}},"6":{"start":{"line":14,"column":2},"end":{"line":16,"column":3}},"7":{"start":{"line":15,"column":4},"end":{"line":15,"column":53}},"8":{"start":{"line":17,"column":2},"end":{"line":19,"column":5}}},"fnMap":{"0":{"name":"pendingTokenExpires","decl":{"start":{"line":7,"column":9},"end":{"line":7,"column":28}},"loc":{"start":{"line":7,"column":28},"end":{"line":10,"column":1}}},"1":{"name":"signTwoFactorPendingToken","decl":{"start":{"line":12,"column":16},"end":{"line":12,"column":41}},"loc":{"start":{"line":12,"column":56},"end":{"line":20,"column":1}}}},"branchMap":{"0":{"loc":{"start":{"line":9,"column":10},"end":{"line":9,"column":45}},"type":"cond-expr","locations":[{"start":{"line":9,"column":34},"end":{"line":9,"column":37}},{"start":{"line":9,"column":40},"end":{"line":9,"column":45}}]},"1":{"loc":{"start":{"line":9,"column":10},"end":{"line":9,"column":31}},"type":"binary-expr","locations":[{"start":{"line":9,"column":10},"end":{"line":9,"column":13}},{"start":{"line":9,"column":17},"end":{"line":9,"column":31}}]},"2":{"loc":{"start":{"line":14,"column":2},"end":{"line":16,"column":3}},"type":"if","locations":[{"start":{"line":14,"column":2},"end":{"line":16,"column":3}},{"start":{},"end":{}}]}},"s":{"0":2,"1":2,"2":2,"3":0,"4":0,"5":0,"6":0,"7":0,"8":0},"f":{"0":0,"1":0},"b":{"0":[0,0],"1":[0,0],"2":[0,0]}}
}
