TN:
SF:src\config\db.ts
FN:11,(anonymous_1)
FN:23,(anonymous_2)
FN:27,(anonymous_3)
FNF:3
FNH:0
FNDA:0,(anonymous_1)
FNDA:0,(anonymous_2)
FNDA:0,(anonymous_3)
DA:1,1
DA:6,1
DA:7,1
DA:11,1
DA:12,0
DA:13,0
DA:14,0
DA:18,0
DA:20,0
DA:21,0
DA:23,0
DA:24,0
DA:27,0
DA:28,0
DA:32,0
DA:33,0
DA:35,0
LF:17
LH:4
BRDA:13,0,0,0
BRDA:13,0,1,0
BRF:2
BRH:0
end_of_record
TN:
SF:src\config\mail.ts
FNF:0
FNH:0
DA:1,1
DA:5,1
DA:6,1
DA:7,1
DA:8,1
DA:11,1
DA:12,1
DA:31,1
LF:8
LH:8
BRDA:6,0,0,1
BRDA:6,0,1,1
BRDA:11,1,0,1
BRDA:11,1,1,0
BRDA:11,2,0,1
BRDA:11,2,1,0
BRDA:11,2,2,0
BRDA:11,2,3,0
BRDA:36,3,0,0
BRDA:36,3,1,1
BRDA:36,4,0,1
BRDA:36,4,1,0
BRF:12
BRH:6
end_of_record
TN:
SF:src\config\resend.ts
FNF:0
FNH:0
DA:1,0
DA:3,0
DA:5,0
DA:6,0
DA:13,0
LF:5
LH:0
BRDA:5,0,0,0
BRDA:5,0,1,0
BRF:2
BRH:0
end_of_record
TN:
SF:src\controllers\authController.ts
FN:6,(anonymous_1)
FNF:1
FNH:1
FNDA:2,(anonymous_1)
DA:2,2
DA:3,2
DA:4,2
DA:6,2
DA:7,2
DA:9,2
DA:10,0
DA:13,2
DA:14,2
DA:15,2
DA:16,1
DA:19,1
DA:20,1
DA:21,0
DA:25,1
DA:26,0
DA:33,1
DA:40,1
DA:46,1
DA:53,1
DA:64,0
DA:65,0
LF:22
LH:17
BRDA:9,0,0,0
BRDA:9,0,1,2
BRDA:9,1,0,2
BRDA:9,1,1,2
BRDA:15,2,0,1
BRDA:15,2,1,1
BRDA:20,3,0,0
BRDA:20,3,1,1
BRDA:25,4,0,0
BRDA:25,4,1,1
BRF:10
BRH:7
end_of_record
TN:
SF:src\controllers\faseController.ts
FN:13,(anonymous_1)
FN:38,(anonymous_2)
FN:51,(anonymous_3)
FN:63,(anonymous_4)
FN:76,(anonymous_5)
FN:102,(anonymous_6)
FN:123,(anonymous_7)
FN:139,(anonymous_8)
FNF:8
FNH:8
FNDA:3,(anonymous_1)
FNDA:1,(anonymous_2)
FNDA:2,(anonymous_3)
FNDA:1,(anonymous_4)
FNDA:2,(anonymous_5)
FNDA:2,(anonymous_6)
FNDA:2,(anonymous_7)
FNDA:2,(anonymous_8)
DA:2,2
DA:3,2
DA:4,2
DA:5,2
DA:6,2
DA:13,2
DA:14,3
DA:15,3
DA:16,3
DA:17,2
DA:18,2
DA:19,1
DA:20,0
DA:22,1
DA:23,1
DA:24,1
DA:25,1
DA:26,1
DA:28,1
DA:29,1
DA:30,1
DA:31,1
DA:33,0
DA:34,0
DA:35,0
DA:38,2
DA:39,1
DA:40,1
DA:41,1
DA:42,1
DA:43,1
DA:44,1
DA:46,0
DA:47,0
DA:48,0
DA:51,2
DA:52,2
DA:53,2
DA:54,2
DA:55,2
DA:56,1
DA:58,0
DA:59,0
DA:60,0
DA:63,2
DA:64,1
DA:65,1
DA:66,1
DA:67,1
DA:68,0
DA:69,0
DA:71,0
DA:72,0
DA:73,0
DA:76,2
DA:77,2
DA:78,2
DA:79,2
DA:80,2
DA:81,2
DA:82,2
DA:83,2
DA:84,1
DA:85,1
DA:86,1
DA:88,0
DA:89,0
DA:90,0
DA:91,0
DA:93,0
DA:94,0
DA:95,0
DA:97,0
DA:98,0
DA:99,0
DA:102,2
DA:103,2
DA:104,2
DA:105,2
DA:106,2
DA:107,2
DA:108,2
DA:109,1
DA:110,1
DA:111,1
DA:113,1
DA:114,1
DA:115,1
DA:116,1
DA:118,0
DA:119,0
DA:120,0
DA:123,2
DA:124,2
DA:125,2
DA:126,2
DA:127,1
DA:129,1
DA:130,1
DA:131,0
DA:132,0
DA:134,0
DA:135,0
DA:136,0
DA:139,2
DA:140,2
DA:141,2
DA:142,2
DA:143,2
DA:144,1
DA:145,0
DA:146,0
DA:147,0
DA:148,0
DA:149,0
DA:150,0
DA:151,0
DA:152,0
DA:153,0
DA:155,0
DA:156,0
DA:157,0
DA:158,0
DA:159,0
DA:160,0
DA:162,0
DA:164,0
DA:165,0
DA:166,0
LF:129
LH:77
BRDA:16,0,0,1
BRDA:16,0,1,2
BRDA:18,1,0,1
BRDA:18,1,1,1
BRDA:19,2,0,0
BRDA:19,2,1,1
BRDA:19,3,0,1
BRDA:19,3,1,0
BRDA:22,4,0,1
BRDA:22,4,1,0
BRDA:23,5,0,0
BRDA:23,5,1,1
BRDA:25,6,0,0
BRDA:25,6,1,1
BRDA:26,7,0,0
BRDA:26,7,1,1
BRDA:28,8,0,0
BRDA:28,8,1,1
BRDA:29,9,0,1
BRDA:29,9,1,0
BRDA:29,10,0,1
BRDA:29,10,1,1
BRDA:29,11,0,1
BRDA:29,11,1,1
BRDA:42,12,0,0
BRDA:42,12,1,1
BRDA:42,13,0,1
BRDA:42,13,1,0
BRDA:55,14,0,1
BRDA:55,14,1,1
BRDA:67,15,0,1
BRDA:67,15,1,0
BRDA:83,16,0,1
BRDA:83,16,1,1
BRDA:84,17,0,1
BRDA:84,17,1,0
BRDA:86,18,0,1
BRDA:86,18,1,0
BRDA:86,19,0,1
BRDA:86,19,1,1
BRDA:88,20,0,0
BRDA:88,20,1,0
BRDA:90,21,0,0
BRDA:90,21,1,0
BRDA:91,22,0,0
BRDA:91,22,1,0
BRDA:91,23,0,0
BRDA:91,23,1,0
BRDA:94,24,0,0
BRDA:94,24,1,0
BRDA:108,25,0,1
BRDA:108,25,1,1
BRDA:109,26,0,1
BRDA:109,26,1,0
BRDA:111,27,0,0
BRDA:111,27,1,1
BRDA:111,28,0,1
BRDA:111,28,1,1
BRDA:114,29,0,0
BRDA:114,29,1,1
BRDA:126,30,0,1
BRDA:126,30,1,1
BRDA:126,31,0,2
BRDA:126,31,1,2
BRDA:130,32,0,1
BRDA:130,32,1,0
BRDA:143,33,0,1
BRDA:143,33,1,1
BRDA:144,34,0,1
BRDA:144,34,1,0
BRDA:146,35,0,0
BRDA:146,35,1,0
BRDA:148,36,0,0
BRDA:148,36,1,0
BRDA:149,37,0,0
BRDA:149,37,1,0
BRDA:150,38,0,0
BRDA:150,38,1,0
BRDA:152,39,0,0
BRDA:152,39,1,0
BRF:80
BRH:42
end_of_record
TN:
SF:src\controllers\feedbackController.ts
FN:8,(anonymous_1)
FN:24,(anonymous_2)
FNF:2
FNH:2
FNDA:3,(anonymous_1)
FNDA:2,(anonymous_2)
DA:2,2
DA:8,2
DA:9,3
DA:10,3
DA:11,3
DA:12,3
DA:13,3
DA:14,3
DA:15,2
DA:16,2
DA:17,2
DA:19,0
DA:20,0
DA:21,0
DA:24,2
DA:25,2
DA:26,2
DA:27,1
DA:28,1
DA:30,0
DA:31,0
DA:32,0
LF:22
LH:16
BRDA:11,0,0,3
BRDA:11,0,1,2
BRDA:12,1,0,0
BRDA:12,1,1,3
BRDA:12,2,0,3
BRDA:12,2,1,3
BRDA:14,3,0,1
BRDA:14,3,1,2
BRDA:15,4,0,0
BRDA:15,4,1,2
BRDA:15,5,0,2
BRDA:15,5,1,2
BRDA:16,6,0,2
BRDA:16,6,1,2
BRDA:26,7,0,1
BRDA:26,7,1,1
BRF:16
BRH:14
end_of_record
TN:
SF:src\controllers\homeController.ts
FN:9,(anonymous_1)
FNF:1
FNH:1
FNDA:2,(anonymous_1)
DA:2,3
DA:9,3
DA:10,2
DA:11,2
DA:12,1
DA:13,1
DA:14,1
DA:15,1
DA:16,1
DA:18,1
DA:19,1
DA:20,1
LF:12
LH:12
BRF:0
BRH:0
end_of_record
TN:
SF:src\controllers\licaoSalvaController.ts
FN:10,(anonymous_1)
FN:28,(anonymous_2)
FN:41,(anonymous_3)
FN:45,(anonymous_4)
FN:45,(anonymous_5)
FN:53,(anonymous_6)
FNF:6
FNH:6
FNDA:3,(anonymous_1)
FNDA:1,(anonymous_2)
FNDA:1,(anonymous_3)
FNDA:1,(anonymous_4)
FNDA:1,(anonymous_5)
FNDA:1,(anonymous_6)
DA:2,2
DA:3,2
DA:10,2
DA:11,3
DA:12,3
DA:13,3
DA:14,3
DA:15,2
DA:16,2
DA:17,2
DA:18,2
DA:19,1
DA:20,1
DA:22,0
DA:23,0
DA:24,0
DA:25,0
DA:28,2
DA:29,1
DA:30,1
DA:31,1
DA:32,1
DA:33,1
DA:34,0
DA:36,0
DA:37,0
DA:38,0
DA:41,2
DA:42,1
DA:43,1
DA:44,1
DA:45,1
DA:46,1
DA:48,0
DA:49,0
DA:50,0
DA:53,2
DA:54,1
DA:55,1
DA:56,1
DA:57,1
DA:58,1
DA:60,0
DA:61,0
DA:62,0
LF:45
LH:31
BRDA:14,0,0,1
BRDA:14,0,1,2
BRDA:16,1,0,0
BRDA:16,1,1,2
BRDA:18,2,0,1
BRDA:18,2,1,1
BRDA:23,3,0,0
BRDA:23,3,1,0
BRDA:33,4,0,1
BRDA:33,4,1,0
BRF:10
BRH:6
end_of_record
TN:
SF:src\controllers\perguntaController.ts
FN:10,(anonymous_1)
FN:23,(anonymous_2)
FN:45,(anonymous_3)
FN:78,(anonymous_4)
FNF:4
FNH:4
FNDA:2,(anonymous_1)
FNDA:4,(anonymous_2)
FNDA:3,(anonymous_3)
FNDA:3,(anonymous_4)
DA:2,2
DA:3,2
DA:10,2
DA:11,2
DA:12,2
DA:13,2
DA:14,1
DA:15,1
DA:16,1
DA:18,0
DA:19,0
DA:20,0
DA:23,2
DA:24,4
DA:25,4
DA:26,4
DA:27,4
DA:28,2
DA:29,2
DA:30,2
DA:31,2
DA:32,1
DA:33,1
DA:34,1
DA:35,0
DA:36,0
DA:37,0
DA:38,0
DA:40,0
DA:41,0
DA:42,0
DA:45,2
DA:46,3
DA:47,3
DA:48,3
DA:49,3
DA:50,3
DA:51,3
DA:52,2
DA:53,2
DA:54,1
DA:55,1
DA:56,0
DA:58,1
DA:59,1
DA:60,1
DA:61,1
DA:62,1
DA:63,1
DA:65,1
DA:66,1
DA:67,1
DA:68,1
DA:70,1
DA:71,1
DA:73,0
DA:74,0
DA:75,0
DA:78,2
DA:79,3
DA:80,3
DA:81,3
DA:82,3
DA:83,3
DA:84,2
DA:85,2
DA:86,1
DA:87,1
DA:88,0
DA:90,1
DA:91,1
DA:92,1
DA:93,1
DA:94,1
DA:96,0
DA:97,0
DA:98,0
LF:77
LH:59
BRDA:13,0,0,1
BRDA:13,0,1,1
BRDA:15,1,0,0
BRDA:15,1,1,1
BRDA:16,2,0,1
BRDA:16,2,1,0
BRDA:27,3,0,2
BRDA:27,3,1,2
BRDA:27,4,0,4
BRDA:27,4,1,3
BRDA:27,4,2,2
BRDA:27,4,3,2
BRDA:28,5,0,0
BRDA:28,5,1,2
BRDA:28,6,0,2
BRDA:28,6,1,2
BRDA:29,7,0,0
BRDA:29,7,1,2
BRDA:29,8,0,2
BRDA:29,8,1,2
BRDA:31,9,0,1
BRDA:31,9,1,1
BRDA:33,10,0,0
BRDA:33,10,1,1
BRDA:34,11,0,1
BRDA:34,11,1,0
BRDA:34,12,0,1
BRDA:34,12,1,1
BRDA:51,13,0,1
BRDA:51,13,1,2
BRDA:53,14,0,1
BRDA:53,14,1,1
BRDA:54,15,0,0
BRDA:54,15,1,1
BRDA:54,16,0,1
BRDA:54,16,1,0
BRDA:55,17,0,0
BRDA:55,17,1,1
BRDA:59,18,0,0
BRDA:59,18,1,1
BRDA:59,19,0,1
BRDA:59,19,1,1
BRDA:59,19,2,1
BRDA:59,19,3,1
BRDA:60,20,0,1
BRDA:60,20,1,0
BRDA:61,21,0,1
BRDA:61,21,1,0
BRDA:62,22,0,0
BRDA:62,22,1,1
BRDA:62,23,0,1
BRDA:62,23,1,1
BRDA:65,24,0,1
BRDA:65,24,1,0
BRDA:66,25,0,1
BRDA:66,25,1,0
BRDA:67,26,0,0
BRDA:67,26,1,1
BRDA:67,27,0,1
BRDA:67,27,1,1
BRDA:83,28,0,1
BRDA:83,28,1,2
BRDA:85,29,0,1
BRDA:85,29,1,1
BRDA:86,30,0,0
BRDA:86,30,1,1
BRDA:86,31,0,1
BRDA:86,31,1,0
BRDA:87,32,0,0
BRDA:87,32,1,1
BRDA:91,33,0,0
BRDA:91,33,1,1
BRDA:91,34,0,1
BRDA:91,34,1,1
BRDA:91,34,2,1
BRDA:91,34,3,1
BRF:76
BRH:56
end_of_record
TN:
SF:src\controllers\progressoController.ts
FN:45,(anonymous_1)
FN:49,(anonymous_2)
FN:52,(anonymous_3)
FN:71,(anonymous_4)
FN:89,(anonymous_5)
FN:92,(anonymous_6)
FN:104,(anonymous_7)
FN:119,(anonymous_8)
FN:133,(anonymous_9)
FN:146,(anonymous_10)
FN:152,(anonymous_11)
FN:163,(anonymous_12)
FNF:12
FNH:10
FNDA:3,(anonymous_1)
FNDA:1,(anonymous_2)
FNDA:0,(anonymous_3)
FNDA:4,(anonymous_4)
FNDA:1,(anonymous_5)
FNDA:0,(anonymous_6)
FNDA:3,(anonymous_7)
FNDA:1,(anonymous_8)
FNDA:1,(anonymous_9)
FNDA:2,(anonymous_10)
FNDA:1,(anonymous_11)
FNDA:1,(anonymous_12)
DA:2,2
DA:3,2
DA:4,2
DA:43,2
DA:45,2
DA:46,3
DA:49,2
DA:50,1
DA:51,1
DA:52,1
DA:53,1
DA:54,1
DA:55,1
DA:56,1
DA:57,1
DA:58,1
DA:59,0
DA:60,0
DA:62,1
DA:64,0
DA:65,0
DA:66,0
DA:67,0
DA:71,2
DA:72,4
DA:73,4
DA:74,4
DA:75,4
DA:76,3
DA:77,3
DA:78,2
DA:79,2
DA:80,2
DA:81,2
DA:82,1
DA:83,1
DA:84,1
DA:85,1
DA:86,1
DA:87,1
DA:88,1
DA:89,1
DA:90,1
DA:92,0
DA:94,1
DA:95,1
DA:96,1
DA:97,1
DA:99,0
DA:100,0
DA:101,0
DA:104,2
DA:105,3
DA:106,3
DA:107,3
DA:108,3
DA:109,2
DA:110,2
DA:111,1
DA:112,1
DA:113,1
DA:115,1
DA:116,1
DA:117,1
DA:118,1
DA:119,1
DA:120,1
DA:122,1
DA:123,1
DA:124,1
DA:126,1
DA:128,0
DA:129,0
DA:130,0
DA:133,2
DA:134,1
DA:135,1
DA:136,1
DA:137,1
DA:138,1
DA:139,0
DA:141,0
DA:142,0
DA:143,0
DA:146,2
DA:147,2
DA:148,2
DA:149,2
DA:150,2
DA:151,1
DA:152,1
DA:153,1
DA:154,1
DA:156,1
DA:158,0
DA:159,0
DA:160,0
DA:163,2
DA:164,1
DA:165,1
DA:166,1
DA:167,1
DA:168,0
DA:169,0
DA:170,0
DA:171,0
DA:173,0
DA:174,0
DA:175,0
LF:109
LH:82
BRDA:43,0,0,2
BRDA:43,0,1,2
BRDA:49,1,0,0
BRDA:49,2,0,0
BRDA:49,3,0,0
BRDA:54,4,0,0
BRDA:54,4,1,1
BRDA:54,5,0,0
BRDA:54,5,1,0
BRDA:55,6,0,1
BRDA:55,6,1,0
BRDA:55,7,0,1
BRDA:55,7,1,1
BRDA:55,7,2,0
BRDA:55,7,3,0
BRDA:58,8,0,0
BRDA:58,8,1,1
BRDA:65,9,0,0
BRDA:65,9,1,0
BRDA:65,10,0,0
BRDA:65,10,1,0
BRDA:75,11,0,1
BRDA:75,11,1,3
BRDA:75,12,0,4
BRDA:75,12,1,3
BRDA:75,12,2,3
BRDA:77,13,0,1
BRDA:77,13,1,2
BRDA:81,14,0,1
BRDA:81,14,1,1
BRDA:81,15,0,2
BRDA:81,15,1,2
BRDA:82,16,0,1
BRDA:82,16,1,0
BRDA:88,17,0,1
BRDA:88,17,1,1
BRDA:88,17,2,0
BRDA:92,18,0,0
BRDA:92,18,1,0
BRDA:94,19,0,1
BRDA:94,19,1,1
BRDA:97,20,0,1
BRDA:97,20,1,0
BRDA:97,21,0,1
BRDA:97,21,1,0
BRDA:97,22,0,1
BRDA:97,22,1,0
BRDA:108,23,0,1
BRDA:108,23,1,2
BRDA:108,24,0,3
BRDA:108,24,1,2
BRDA:108,24,2,2
BRDA:110,25,0,1
BRDA:110,25,1,1
BRDA:112,26,0,1
BRDA:112,26,1,0
BRDA:113,27,0,1
BRDA:113,27,1,0
BRDA:115,28,0,1
BRDA:115,28,1,0
BRDA:120,29,0,1
BRDA:120,29,1,0
BRDA:138,30,0,1
BRDA:138,30,1,0
BRDA:139,31,0,0
BRDA:139,31,1,0
BRDA:139,32,0,0
BRDA:139,32,1,0
BRDA:139,33,0,0
BRDA:139,33,1,0
BRDA:150,34,0,1
BRDA:150,34,1,1
BRDA:153,35,0,1
BRDA:153,35,1,0
BRDA:167,36,0,1
BRDA:167,36,1,0
BRDA:168,37,0,0
BRDA:168,37,1,0
BRDA:170,38,0,0
BRDA:170,38,1,0
BRDA:171,39,0,0
BRDA:171,39,1,0
BRDA:171,40,0,0
BRDA:171,40,1,0
BRDA:171,41,0,0
BRDA:171,41,1,0
BRDA:171,42,0,0
BRDA:171,42,1,0
BRDA:171,43,0,0
BRDA:171,43,1,0
BRF:90
BRH:42
end_of_record
TN:
SF:src\controllers\rankingController.ts
FN:17,(anonymous_1)
FN:20,(anonymous_2)
FN:39,(anonymous_3)
FN:50,(anonymous_4)
FN:58,(anonymous_5)
FN:63,(anonymous_6)
FN:65,(anonymous_7)
FN:66,(anonymous_8)
FN:69,(anonymous_9)
FN:70,(anonymous_10)
FNF:10
FNH:9
FNDA:2,(anonymous_1)
FNDA:0,(anonymous_2)
FNDA:3,(anonymous_3)
FNDA:3,(anonymous_4)
FNDA:4,(anonymous_5)
FNDA:3,(anonymous_6)
FNDA:2,(anonymous_7)
FNDA:3,(anonymous_8)
FNDA:1,(anonymous_9)
FNDA:3,(anonymous_10)
DA:2,2
DA:3,2
DA:15,2
DA:17,2
DA:18,2
DA:19,2
DA:20,2
DA:21,2
DA:22,2
DA:23,2
DA:24,2
DA:25,2
DA:26,2
DA:27,1
DA:28,1
DA:30,1
DA:32,0
DA:33,0
DA:34,0
DA:35,0
DA:39,2
DA:40,3
DA:41,3
DA:50,3
DA:51,3
DA:53,0
DA:54,0
DA:55,0
DA:58,2
DA:59,4
DA:60,4
DA:61,4
DA:62,2
DA:63,3
DA:64,2
DA:65,2
DA:66,2
DA:67,3
DA:68,3
DA:69,1
DA:70,3
DA:71,2
DA:73,0
DA:74,0
DA:75,0
LF:45
LH:35
BRDA:15,0,0,2
BRDA:15,0,1,2
BRDA:17,1,0,0
BRDA:17,2,0,0
BRDA:17,3,0,0
BRDA:22,4,0,0
BRDA:22,4,1,2
BRDA:22,5,0,0
BRDA:22,5,1,0
BRDA:23,6,0,2
BRDA:23,6,1,0
BRDA:23,7,0,2
BRDA:23,7,1,2
BRDA:26,8,0,1
BRDA:26,8,1,1
BRDA:33,9,0,0
BRDA:33,9,1,0
BRDA:33,10,0,0
BRDA:33,10,1,0
BRDA:50,11,0,3
BRDA:50,11,1,1
BRDA:50,11,2,0
BRDA:50,12,0,3
BRDA:50,12,1,1
BRDA:50,12,2,0
BRDA:61,13,0,2
BRDA:61,13,1,2
BRDA:62,14,0,2
BRDA:62,14,1,2
BRDA:64,15,0,2
BRDA:64,15,1,1
BRDA:67,16,0,3
BRDA:67,16,1,1
BRDA:68,17,0,3
BRDA:68,17,1,1
BRDA:68,17,2,0
BRDA:68,18,0,3
BRDA:68,18,1,1
BRDA:68,18,2,0
BRDA:68,19,0,3
BRDA:68,19,1,0
BRDA:68,20,0,3
BRDA:68,20,1,0
BRDA:68,21,0,3
BRDA:68,21,1,1
BRDA:68,22,0,3
BRDA:68,22,1,0
BRDA:69,23,0,1
BRDA:69,23,1,0
BRF:49
BRH:30
end_of_record
TN:
SF:src\controllers\secaoController.ts
FN:11,(anonymous_1)
FN:30,(anonymous_2)
FN:47,(anonymous_3)
FN:63,(anonymous_4)
FN:84,(anonymous_5)
FN:119,(anonymous_6)
FNF:6
FNH:6
FNDA:1,(anonymous_1)
FNDA:2,(anonymous_2)
FNDA:2,(anonymous_3)
FNDA:3,(anonymous_4)
FNDA:2,(anonymous_5)
FNDA:3,(anonymous_6)
DA:2,2
DA:3,2
DA:4,2
DA:11,2
DA:12,1
DA:13,1
DA:14,1
DA:15,1
DA:16,1
DA:17,1
DA:19,0
DA:21,0
DA:22,0
DA:24,0
DA:25,0
DA:26,0
DA:30,2
DA:31,2
DA:32,2
DA:33,2
DA:34,0
DA:36,2
DA:37,2
DA:38,1
DA:39,1
DA:41,0
DA:42,0
DA:43,0
DA:47,2
DA:48,2
DA:49,2
DA:50,2
DA:51,1
DA:53,1
DA:54,1
DA:55,0
DA:57,0
DA:58,0
DA:59,0
DA:63,2
DA:64,3
DA:65,3
DA:66,3
DA:67,3
DA:68,3
DA:69,2
DA:70,2
DA:71,2
DA:72,2
DA:73,1
DA:74,1
DA:75,1
DA:76,1
DA:78,0
DA:79,0
DA:80,0
DA:84,2
DA:85,2
DA:86,2
DA:87,2
DA:88,2
DA:89,2
DA:90,1
DA:92,1
DA:93,1
DA:94,1
DA:95,1
DA:96,1
DA:97,1
DA:98,1
DA:99,0
DA:101,1
DA:102,1
DA:103,1
DA:105,1
DA:106,1
DA:107,1
DA:108,1
DA:109,1
DA:110,1
DA:111,1
DA:113,0
DA:114,0
DA:115,0
DA:119,2
DA:120,3
DA:121,3
DA:122,3
DA:123,3
DA:124,3
DA:125,1
DA:127,2
DA:128,2
DA:129,2
DA:130,2
DA:131,0
DA:133,2
DA:135,1
DA:136,1
DA:138,0
DA:139,0
DA:140,0
LF:102
LH:77
BRDA:15,0,0,1
BRDA:15,0,1,0
BRDA:16,1,0,1
BRDA:16,1,1,0
BRDA:16,2,0,1
BRDA:16,2,1,1
BRDA:33,3,0,0
BRDA:33,3,1,2
BRDA:33,4,0,2
BRDA:33,4,1,2
BRDA:37,5,0,1
BRDA:37,5,1,1
BRDA:50,6,0,1
BRDA:50,6,1,1
BRDA:50,7,0,2
BRDA:50,7,1,2
BRDA:54,8,0,1
BRDA:54,8,1,0
BRDA:68,9,0,1
BRDA:68,9,1,2
BRDA:68,10,0,3
BRDA:68,10,1,2
BRDA:68,10,2,2
BRDA:69,11,0,0
BRDA:69,11,1,2
BRDA:71,12,0,0
BRDA:71,12,1,2
BRDA:72,13,0,1
BRDA:72,13,1,1
BRDA:72,14,0,2
BRDA:72,14,1,1
BRDA:74,15,0,0
BRDA:74,15,1,1
BRDA:75,16,0,1
BRDA:75,16,1,1
BRDA:89,17,0,1
BRDA:89,17,1,1
BRDA:89,18,0,2
BRDA:89,18,1,2
BRDA:94,19,0,0
BRDA:94,19,1,1
BRDA:96,20,0,0
BRDA:96,20,1,1
BRDA:97,21,0,0
BRDA:97,21,1,1
BRDA:97,22,0,1
BRDA:97,22,1,0
BRDA:98,23,0,0
BRDA:98,23,1,1
BRDA:98,24,0,1
BRDA:98,24,1,0
BRDA:98,24,2,0
BRDA:101,25,0,1
BRDA:101,25,1,0
BRDA:101,26,0,1
BRDA:101,26,1,1
BRDA:102,27,0,1
BRDA:102,27,1,1
BRDA:103,28,0,0
BRDA:103,28,1,1
BRDA:106,29,0,0
BRDA:106,29,1,1
BRDA:107,30,0,1
BRDA:107,30,1,0
BRDA:108,31,0,0
BRDA:108,31,1,1
BRDA:109,32,0,1
BRDA:109,32,1,0
BRDA:124,33,0,1
BRDA:124,33,1,2
BRDA:124,34,0,3
BRDA:124,34,1,3
BRDA:128,35,0,0
BRDA:128,35,1,2
BRDA:130,36,0,0
BRDA:130,36,1,2
BRDA:131,37,0,0
BRDA:131,37,1,0
BRDA:133,38,0,1
BRDA:133,38,1,1
BRDA:133,39,0,2
BRDA:133,39,1,1
BRF:82
BRH:58
end_of_record
TN:
SF:src\controllers\trilhaController.ts
FN:10,(anonymous_1)
FN:26,(anonymous_2)
FN:41,(anonymous_3)
FN:66,(anonymous_4)
FN:84,(anonymous_5)
FN:95,(anonymous_6)
FN:105,(anonymous_7)
FN:116,(anonymous_8)
FN:138,(anonymous_9)
FN:157,(anonymous_10)
FN:174,(anonymous_11)
FNF:11
FNH:11
FNDA:1,(anonymous_1)
FNDA:1,(anonymous_2)
FNDA:2,(anonymous_3)
FNDA:2,(anonymous_4)
FNDA:1,(anonymous_5)
FNDA:1,(anonymous_6)
FNDA:1,(anonymous_7)
FNDA:2,(anonymous_8)
FNDA:2,(anonymous_9)
FNDA:1,(anonymous_10)
FNDA:2,(anonymous_11)
DA:2,2
DA:3,2
DA:10,2
DA:11,1
DA:12,1
DA:13,1
DA:14,1
DA:15,1
DA:16,1
DA:17,1
DA:18,1
DA:19,1
DA:21,0
DA:22,0
DA:23,0
DA:26,2
DA:27,1
DA:28,1
DA:29,1
DA:30,1
DA:31,1
DA:32,1
DA:33,1
DA:34,1
DA:36,0
DA:37,0
DA:38,0
DA:41,2
DA:42,2
DA:43,2
DA:44,2
DA:45,2
DA:46,2
DA:47,1
DA:49,1
DA:50,1
DA:51,1
DA:52,1
DA:54,1
DA:55,1
DA:56,1
DA:57,0
DA:58,0
DA:59,0
DA:61,0
DA:62,0
DA:63,0
DA:66,2
DA:67,2
DA:68,2
DA:69,2
DA:70,2
DA:71,2
DA:72,1
DA:74,1
DA:75,1
DA:76,1
DA:77,0
DA:79,0
DA:80,0
DA:81,0
DA:84,2
DA:85,1
DA:86,1
DA:87,1
DA:88,1
DA:90,0
DA:91,0
DA:92,0
DA:95,2
DA:96,1
DA:97,1
DA:98,1
DA:100,0
DA:101,0
DA:102,0
DA:105,2
DA:106,1
DA:107,1
DA:108,1
DA:109,1
DA:111,0
DA:112,0
DA:113,0
DA:116,2
DA:117,2
DA:118,2
DA:119,2
DA:120,2
DA:121,1
DA:123,1
DA:124,1
DA:125,0
DA:126,0
DA:127,0
DA:129,0
DA:130,0
DA:131,0
DA:133,0
DA:134,0
DA:135,0
DA:138,2
DA:139,2
DA:140,2
DA:141,2
DA:142,2
DA:143,2
DA:144,2
DA:145,2
DA:146,2
DA:147,2
DA:148,2
DA:149,2
DA:150,2
DA:152,0
DA:153,0
DA:154,0
DA:157,2
DA:158,1
DA:159,1
DA:160,1
DA:161,1
DA:163,0
DA:164,0
DA:165,0
DA:166,0
DA:167,0
DA:169,0
DA:170,0
DA:171,0
DA:174,2
DA:175,2
DA:176,2
DA:177,2
DA:178,1
DA:180,1
DA:181,1
DA:182,1
DA:184,0
DA:185,0
DA:186,0
LF:141
LH:93
BRDA:14,0,0,1
BRDA:14,0,1,1
BRDA:30,1,0,0
BRDA:30,1,1,1
BRDA:32,2,0,0
BRDA:32,2,1,1
BRDA:46,3,0,1
BRDA:46,3,1,1
BRDA:46,4,0,2
BRDA:46,4,1,2
BRDA:50,5,0,1
BRDA:50,5,1,0
BRDA:52,6,0,1
BRDA:52,6,1,0
BRDA:54,7,0,0
BRDA:54,7,1,1
BRDA:56,8,0,1
BRDA:56,8,1,0
BRDA:71,9,0,1
BRDA:71,9,1,1
BRDA:71,10,0,2
BRDA:71,10,1,2
BRDA:74,11,0,0
BRDA:74,11,1,1
BRDA:76,12,0,1
BRDA:76,12,1,0
BRDA:120,13,0,1
BRDA:120,13,1,1
BRDA:120,14,0,2
BRDA:120,14,1,2
BRDA:124,15,0,1
BRDA:124,15,1,0
BRDA:125,16,0,0
BRDA:125,16,1,0
BRDA:143,17,0,0
BRDA:143,17,1,2
BRDA:144,18,0,2
BRDA:144,18,1,0
BRDA:145,19,0,1
BRDA:145,19,1,1
BRDA:145,20,0,2
BRDA:145,20,1,1
BRDA:145,20,2,1
BRDA:147,21,0,0
BRDA:147,21,1,2
BRDA:160,22,0,1
BRDA:160,22,1,0
BRDA:160,23,0,1
BRDA:160,23,1,1
BRDA:164,24,0,0
BRDA:164,24,1,0
BRDA:166,25,0,0
BRDA:166,25,1,0
BRDA:177,26,0,1
BRDA:177,26,1,1
BRDA:177,27,0,2
BRDA:177,27,1,2
BRDA:181,28,0,0
BRDA:181,28,1,1
BRF:59
BRH:39
end_of_record
TN:
SF:src\controllers\twoFactorController.ts
FN:15,issueSessionToken
FN:41,(anonymous_11)
FN:91,signTwoFactorPendingToken
FN:101,(anonymous_13)
FN:129,(anonymous_14)
FN:159,(anonymous_15)
FNF:6
FNH:0
FNDA:0,issueSessionToken
FNDA:0,(anonymous_11)
FNDA:0,signTwoFactorPendingToken
FNDA:0,(anonymous_13)
FNDA:0,(anonymous_14)
FNDA:0,(anonymous_15)
DA:2,2
DA:3,2
DA:4,2
DA:5,2
DA:6,2
DA:12,2
DA:13,2
DA:16,0
DA:17,0
DA:18,0
DA:20,0
DA:21,0
DA:23,0
DA:30,0
DA:41,2
DA:42,0
DA:44,0
DA:45,0
DA:48,0
DA:49,0
DA:50,0
DA:51,0
DA:54,0
DA:55,0
DA:60,0
DA:61,0
DA:64,0
DA:65,0
DA:66,0
DA:69,0
DA:70,0
DA:71,0
DA:74,0
DA:76,0
DA:77,0
DA:78,0
DA:80,0
DA:81,0
DA:83,0
DA:84,0
DA:91,2
DA:92,0
DA:93,0
DA:94,0
DA:96,0
DA:101,2
DA:102,0
DA:103,0
DA:104,0
DA:105,0
DA:107,0
DA:108,0
DA:109,0
DA:110,0
DA:112,0
DA:114,0
DA:121,0
DA:122,0
DA:129,2
DA:130,0
DA:131,0
DA:132,0
DA:135,0
DA:136,0
DA:137,0
DA:138,0
DA:141,0
DA:142,0
DA:143,0
DA:146,0
DA:147,0
DA:149,0
DA:151,0
DA:152,0
DA:159,2
DA:160,0
DA:161,0
DA:162,0
DA:165,0
DA:166,0
DA:167,0
DA:168,0
DA:171,0
DA:172,0
DA:173,0
DA:176,0
DA:177,0
DA:178,0
DA:181,0
DA:182,0
DA:183,0
DA:185,0
DA:187,0
DA:188,0
LF:94
LH:12
BRDA:17,0,0,0
BRDA:17,0,1,0
BRDA:44,1,0,0
BRDA:44,1,1,0
BRDA:44,2,0,0
BRDA:44,2,1,0
BRDA:49,3,0,0
BRDA:49,3,1,0
BRDA:60,4,0,0
BRDA:60,4,1,0
BRDA:60,5,0,0
BRDA:60,5,1,0
BRDA:65,6,0,0
BRDA:65,6,1,0
BRDA:65,7,0,0
BRDA:65,7,1,0
BRDA:65,7,2,0
BRDA:70,8,0,0
BRDA:70,8,1,0
BRDA:77,9,0,0
BRDA:77,9,1,0
BRDA:80,10,0,0
BRDA:80,10,1,0
BRDA:93,11,0,0
BRDA:93,11,1,0
BRDA:104,12,0,0
BRDA:104,12,1,0
BRDA:131,13,0,0
BRDA:131,13,1,0
BRDA:137,14,0,0
BRDA:137,14,1,0
BRDA:142,15,0,0
BRDA:142,15,1,0
BRDA:161,16,0,0
BRDA:161,16,1,0
BRDA:161,17,0,0
BRDA:161,17,1,0
BRDA:167,18,0,0
BRDA:167,18,1,0
BRDA:167,19,0,0
BRDA:167,19,1,0
BRDA:172,20,0,0
BRDA:172,20,1,0
BRDA:177,21,0,0
BRDA:177,21,1,0
BRF:45
BRH:0
end_of_record
TN:
SF:src\controllers\userController.ts
FN:20,(anonymous_10)
FN:81,(anonymous_11)
FN:146,(anonymous_12)
FN:188,(anonymous_13)
FN:200,(anonymous_14)
FN:226,(anonymous_15)
FN:249,(anonymous_16)
FN:276,(anonymous_17)
FN:301,(anonymous_18)
FN:317,(anonymous_19)
FN:324,(anonymous_20)
FN:335,(anonymous_21)
FN:342,(anonymous_22)
FN:358,(anonymous_23)
FN:363,(anonymous_24)
FN:367,(anonymous_25)
FN:375,(anonymous_26)
FNF:17
FNH:17
FNDA:6,(anonymous_10)
FNDA:6,(anonymous_11)
FNDA:3,(anonymous_12)
FNDA:3,(anonymous_13)
FNDA:2,(anonymous_14)
FNDA:5,(anonymous_15)
FNDA:1,(anonymous_16)
FNDA:1,(anonymous_17)
FNDA:1,(anonymous_18)
FNDA:1,(anonymous_19)
FNDA:2,(anonymous_20)
FNDA:1,(anonymous_21)
FNDA:2,(anonymous_22)
FNDA:1,(anonymous_23)
FNDA:2,(anonymous_24)
FNDA:1,(anonymous_25)
FNDA:3,(anonymous_26)
DA:2,2
DA:3,2
DA:4,2
DA:5,2
DA:6,2
DA:7,2
DA:8,2
DA:20,2
DA:21,6
DA:22,6
DA:23,5
DA:25,5
DA:26,5
DA:27,5
DA:29,4
DA:30,4
DA:32,3
DA:33,3
DA:34,0
DA:35,0
DA:38,3
DA:39,1
DA:44,2
DA:45,0
DA:46,0
DA:47,0
DA:53,0
DA:54,0
DA:58,2
DA:59,2
DA:61,2
DA:68,2
DA:75,0
DA:76,0
DA:77,0
DA:81,2
DA:82,6
DA:83,6
DA:85,6
DA:86,0
DA:88,6
DA:90,6
DA:91,1
DA:93,5
DA:94,1
DA:96,4
DA:97,0
DA:100,4
DA:101,4
DA:102,0
DA:104,4
DA:105,0
DA:108,4
DA:109,4
DA:111,2
DA:113,2
DA:114,2
DA:116,2
DA:126,2
DA:128,2
DA:129,2
DA:131,0
DA:134,2
DA:136,0
DA:137,0
DA:138,0
DA:146,2
DA:147,3
DA:148,3
DA:149,3
DA:151,3
DA:152,3
DA:153,0
DA:156,3
DA:157,1
DA:160,2
DA:161,2
DA:162,2
DA:163,0
DA:166,2
DA:167,2
DA:168,0
DA:171,2
DA:177,2
DA:179,2
DA:181,0
DA:182,0
DA:183,0
DA:184,0
DA:188,2
DA:189,3
DA:190,3
DA:191,3
DA:192,2
DA:194,0
DA:195,0
DA:196,0
DA:200,2
DA:201,2
DA:202,2
DA:204,2
DA:205,2
DA:206,2
DA:207,2
DA:208,2
DA:210,2
DA:211,2
DA:213,2
DA:215,0
DA:216,0
DA:217,0
DA:226,2
DA:227,5
DA:228,5
DA:229,5
DA:230,4
DA:232,4
DA:233,4
DA:235,3
DA:236,3
DA:238,2
DA:239,2
DA:241,2
DA:243,0
DA:244,0
DA:245,0
DA:249,2
DA:250,1
DA:251,1
DA:252,1
DA:253,1
DA:255,1
DA:256,1
DA:257,1
DA:258,1
DA:259,1
DA:261,1
DA:262,1
DA:264,0
DA:268,1
DA:270,0
DA:271,0
DA:272,0
DA:276,2
DA:277,1
DA:278,1
DA:279,1
DA:280,0
DA:282,0
DA:283,0
DA:285,0
DA:286,0
DA:288,0
DA:289,0
DA:290,0
DA:291,0
DA:293,0
DA:295,0
DA:296,0
DA:297,0
DA:301,2
DA:302,1
DA:303,1
DA:304,1
DA:305,1
DA:307,0
DA:308,0
DA:309,0
DA:317,2
DA:318,1
DA:319,1
DA:320,0
DA:321,0
DA:324,2
DA:325,2
DA:326,2
DA:328,1
DA:329,1
DA:331,1
DA:332,1
DA:335,2
DA:336,1
DA:337,1
DA:338,0
DA:339,0
DA:342,2
DA:343,2
DA:344,2
DA:345,1
DA:346,1
DA:347,0
DA:348,0
DA:349,0
DA:351,0
DA:358,2
DA:359,1
DA:360,1
DA:363,2
DA:364,2
DA:367,2
DA:368,1
DA:375,2
DA:376,3
DA:377,3
DA:379,3
DA:380,1
DA:381,1
DA:385,2
DA:390,2
DA:392,0
DA:393,0
DA:397,2
DA:398,2
DA:399,2
DA:401,2
DA:405,2
DA:406,2
DA:409,0
DA:410,0
LF:219
LH:153
BRDA:22,0,0,1
BRDA:22,0,1,5
BRDA:22,1,0,6
BRDA:22,1,1,5
BRDA:27,2,0,1
BRDA:27,2,1,4
BRDA:30,3,0,1
BRDA:30,3,1,3
BRDA:33,4,0,0
BRDA:33,4,1,3
BRDA:38,5,0,1
BRDA:38,5,1,2
BRDA:38,6,0,3
BRDA:38,6,1,3
BRDA:44,7,0,0
BRDA:44,7,1,2
BRDA:85,8,0,0
BRDA:85,8,1,6
BRDA:90,9,0,1
BRDA:90,9,1,5
BRDA:93,10,0,1
BRDA:93,10,1,4
BRDA:96,11,0,0
BRDA:96,11,1,4
BRDA:101,12,0,0
BRDA:101,12,1,4
BRDA:104,13,0,0
BRDA:104,13,1,4
BRDA:104,14,0,4
BRDA:104,14,1,4
BRDA:109,15,0,2
BRDA:109,15,1,2
BRDA:152,16,0,0
BRDA:152,16,1,3
BRDA:156,17,0,1
BRDA:156,17,1,2
BRDA:156,18,0,3
BRDA:156,18,1,2
BRDA:156,18,2,2
BRDA:162,19,0,0
BRDA:162,19,1,2
BRDA:167,20,0,0
BRDA:167,20,1,2
BRDA:177,21,0,0
BRDA:177,21,1,2
BRDA:183,22,0,0
BRDA:183,22,1,0
BRDA:191,23,0,1
BRDA:191,23,1,2
BRDA:205,24,0,2
BRDA:205,24,1,0
BRDA:206,25,0,0
BRDA:206,25,1,2
BRDA:207,26,0,0
BRDA:207,26,1,2
BRDA:208,27,0,0
BRDA:208,27,1,2
BRDA:211,28,0,0
BRDA:211,28,1,2
BRDA:229,29,0,1
BRDA:229,29,1,4
BRDA:229,30,0,5
BRDA:229,30,1,4
BRDA:230,31,0,0
BRDA:230,31,1,4
BRDA:233,32,0,1
BRDA:233,32,1,3
BRDA:236,33,0,1
BRDA:236,33,1,2
BRDA:252,34,0,0
BRDA:252,34,1,1
BRDA:256,35,0,1
BRDA:256,35,1,0
BRDA:279,36,0,1
BRDA:279,36,1,0
BRDA:279,37,0,1
BRDA:279,37,1,0
BRDA:280,38,0,0
BRDA:280,38,1,0
BRDA:283,39,0,0
BRDA:283,39,1,0
BRDA:286,40,0,0
BRDA:286,40,1,0
BRDA:319,41,0,1
BRDA:319,41,1,0
BRDA:319,42,0,1
BRDA:319,42,1,1
BRDA:326,43,0,1
BRDA:326,43,1,1
BRDA:326,44,0,2
BRDA:326,44,1,2
BRDA:329,45,0,1
BRDA:329,45,1,0
BRDA:337,46,0,1
BRDA:337,46,1,0
BRDA:337,47,0,1
BRDA:337,47,1,1
BRDA:344,48,0,1
BRDA:344,48,1,1
BRDA:346,49,0,1
BRDA:346,49,1,0
BRDA:348,50,0,0
BRDA:348,50,1,0
BRDA:379,51,0,1
BRDA:379,51,1,2
BRDA:390,52,0,0
BRDA:390,52,1,2
BRDA:405,53,0,2
BRDA:405,53,1,2
BRF:109
BRH:74
end_of_record
TN:
SF:src\middlewares\authMiddleware.ts
FN:14,(anonymous_10)
FN:50,(anonymous_11)
FN:63,(anonymous_12)
FN:76,(anonymous_13)
FNF:4
FNH:3
FNDA:6,(anonymous_10)
FNDA:1,(anonymous_11)
FNDA:1,(anonymous_12)
FNDA:0,(anonymous_13)
DA:2,2
DA:4,2
DA:14,2
DA:15,6
DA:16,6
DA:17,6
DA:18,6
DA:19,5
DA:20,1
DA:21,0
DA:24,6
DA:25,1
DA:28,5
DA:30,5
DA:32,5
DA:33,0
DA:36,5
DA:37,5
DA:39,0
DA:40,0
DA:41,0
DA:43,0
DA:50,2
DA:51,1
DA:52,0
DA:54,1
DA:55,1
DA:57,0
DA:63,2
DA:64,1
DA:65,0
DA:67,1
DA:68,1
DA:70,0
DA:76,2
DA:77,0
DA:78,0
DA:79,0
DA:80,0
DA:81,0
DA:82,0
DA:83,0
DA:84,0
DA:90,0
LF:44
LH:25
BRDA:18,0,0,5
BRDA:18,0,1,1
BRDA:20,1,0,0
BRDA:20,1,1,1
BRDA:24,2,0,1
BRDA:24,2,1,5
BRDA:32,3,0,0
BRDA:32,3,1,5
BRDA:40,4,0,0
BRDA:40,4,1,0
BRDA:51,5,0,0
BRDA:51,5,1,1
BRDA:54,6,0,1
BRDA:54,6,1,0
BRDA:54,7,0,1
BRDA:54,7,1,1
BRDA:64,8,0,0
BRDA:64,8,1,1
BRDA:67,9,0,1
BRDA:67,9,1,0
BRDA:79,10,0,0
BRDA:79,10,1,0
BRDA:83,11,0,0
BRDA:83,11,1,0
BRF:24
BRH:12
end_of_record
TN:
SF:src\middlewares\errorHandler.ts
FN:13,(anonymous_0)
FN:22,(anonymous_1)
FNF:2
FNH:2
FNDA:2,(anonymous_0)
FNDA:1,(anonymous_1)
DA:13,1
DA:14,2
DA:16,2
DA:19,2
DA:20,1
DA:22,1
DA:24,1
DA:28,1
DA:29,1
DA:30,1
DA:32,0
DA:33,0
DA:34,0
DA:38,0
LF:14
LH:10
BRDA:16,0,0,2
BRDA:16,0,1,2
BRDA:19,1,0,1
BRDA:19,1,1,1
BRDA:22,2,0,1
BRDA:22,2,1,0
BRDA:28,3,0,1
BRDA:28,3,1,0
BRDA:32,4,0,0
BRDA:32,4,1,0
BRDA:39,5,0,0
BRDA:39,5,1,0
BRDA:41,6,0,0
BRDA:41,6,1,0
BRF:14
BRH:6
end_of_record
TN:
SF:src\models\fase.ts
FNF:0
FNH:0
DA:1,2
DA:19,2
DA:25,2
DA:46,2
LF:4
LH:4
BRF:0
BRH:0
end_of_record
TN:
SF:src\models\feedback.ts
FNF:0
FNH:0
DA:1,2
DA:11,2
DA:41,2
LF:3
LH:3
BRDA:41,0,0,2
BRDA:41,0,1,2
BRF:2
BRH:2
end_of_record
TN:
SF:src\models\licaoSalva.ts
FNF:0
FNH:0
DA:1,2
DA:8,2
DA:25,2
DA:27,2
LF:4
LH:4
BRF:0
BRH:0
end_of_record
TN:
SF:src\models\progresso.ts
FNF:0
FNH:0
DA:1,2
DA:16,2
DA:71,2
DA:73,2
LF:4
LH:4
BRF:0
BRH:0
end_of_record
TN:
SF:src\models\resetToken.ts
FN:25,(anonymous_1)
FNF:1
FNH:1
FNDA:1,(anonymous_1)
DA:1,2
DA:10,2
DA:25,1
DA:36,2
LF:4
LH:4
BRF:0
BRH:0
end_of_record
TN:
SF:src\models\secao.ts
FNF:0
FNH:0
DA:2,2
DA:11,2
DA:35,2
DA:37,2
LF:4
LH:4
BRF:0
BRH:0
end_of_record
TN:
SF:src\models\trilha.ts
FNF:0
FNH:0
DA:1,2
DA:19,2
DA:42,2
DA:43,2
LF:4
LH:4
BRF:0
BRH:0
end_of_record
TN:
SF:src\models\user.ts
FNF:0
FNH:0
DA:1,2
DA:32,2
DA:102,2
DA:112,2
LF:4
LH:4
BRDA:112,0,0,2
BRDA:112,0,1,2
BRF:2
BRH:2
end_of_record
TN:
SF:src\routes\authRoutes.ts
FN:24,(anonymous_1)
FN:25,(anonymous_2)
FNF:2
FNH:0
FNDA:0,(anonymous_1)
FNDA:0,(anonymous_2)
DA:1,1
DA:2,1
DA:9,1
DA:10,1
DA:11,1
DA:12,1
DA:15,1
DA:18,1
DA:19,1
DA:20,1
DA:23,1
DA:24,0
DA:26,0
DA:27,0
DA:28,0
DA:31,1
DA:34,1
DA:35,1
DA:36,1
DA:37,1
DA:69,1
DA:71,1
LF:22
LH:18
BRDA:19,0,0,1
BRDA:19,0,1,0
BRF:2
BRH:1
end_of_record
TN:
SF:src\routes\faseRoutes.ts
FNF:0
FNH:0
DA:1,1
DA:2,1
DA:12,1
DA:14,1
DA:17,1
DA:18,1
DA:19,1
DA:20,1
DA:23,1
DA:26,1
DA:27,1
DA:28,1
DA:30,1
LF:13
LH:13
BRF:0
BRH:0
end_of_record
TN:
SF:src\routes\feedbackRoutes.ts
FNF:0
FNH:0
DA:1,1
DA:2,1
DA:3,1
DA:5,1
DA:8,1
DA:11,1
DA:13,1
LF:7
LH:7
BRF:0
BRH:0
end_of_record
TN:
SF:src\routes\homeRoutes.ts
FNF:0
FNH:0
DA:1,1
DA:2,1
DA:3,1
DA:5,1
DA:7,1
DA:9,1
LF:6
LH:6
BRF:0
BRH:0
end_of_record
TN:
SF:src\routes\licaoSalvaRoutes.ts
FNF:0
FNH:0
DA:1,1
DA:2,1
DA:3,1
DA:10,1
DA:13,1
DA:15,1
DA:16,1
DA:17,1
DA:18,1
DA:20,1
LF:10
LH:10
BRF:0
BRH:0
end_of_record
TN:
SF:src\routes\perguntaRoutes.ts
FNF:0
FNH:0
DA:1,1
DA:2,1
DA:8,1
DA:10,1
DA:13,1
DA:15,1
DA:16,1
DA:17,1
DA:18,1
DA:20,1
LF:10
LH:10
BRF:0
BRH:0
end_of_record
TN:
SF:src\routes\progressoRoutes.ts
FNF:0
FNH:0
DA:1,1
DA:2,1
DA:9,1
DA:11,1
DA:14,1
DA:16,1
DA:17,1
DA:18,1
DA:19,1
DA:20,1
DA:22,1
LF:11
LH:11
BRF:0
BRH:0
end_of_record
TN:
SF:src\routes\rankingRoutes.ts
FNF:0
FNH:0
DA:1,1
DA:2,1
DA:3,1
DA:5,1
DA:8,1
DA:10,1
DA:11,1
DA:13,1
LF:8
LH:8
BRF:0
BRH:0
end_of_record
TN:
SF:src\routes\secoesRoutes.ts
FNF:0
FNH:0
DA:1,1
DA:2,1
DA:10,1
DA:12,1
DA:14,1
DA:15,1
DA:16,1
DA:19,1
DA:20,1
DA:21,1
DA:23,1
LF:11
LH:11
BRF:0
BRH:0
end_of_record
TN:
SF:src\routes\trilhaRoutes.ts
FNF:0
FNH:0
DA:1,1
DA:2,1
DA:3,1
DA:17,1
DA:20,1
DA:21,1
DA:22,1
DA:23,1
DA:26,1
DA:27,1
DA:28,1
DA:29,1
DA:32,1
DA:33,1
DA:34,1
DA:36,1
LF:16
LH:16
BRF:0
BRH:0
end_of_record
TN:
SF:src\routes\userRoutes.ts
FN:40,(anonymous_1)
FN:41,(anonymous_2)
FNF:2
FNH:0
FNDA:0,(anonymous_1)
FNDA:0,(anonymous_2)
DA:1,1
DA:2,1
DA:20,1
DA:26,1
DA:27,1
DA:28,1
DA:29,1
DA:31,1
DA:34,1
DA:35,1
DA:36,0
DA:39,1
DA:40,0
DA:42,0
DA:43,0
DA:44,0
DA:47,1
DA:50,1
DA:51,1
DA:52,1
DA:55,1
DA:56,1
DA:57,1
DA:58,1
DA:61,1
DA:62,1
DA:63,1
DA:64,1
DA:65,1
DA:68,1
DA:69,1
DA:72,1
DA:73,1
DA:74,1
DA:77,1
DA:78,1
DA:79,1
DA:81,1
LF:38
LH:33
BRDA:35,0,0,0
BRDA:35,0,1,1
BRF:2
BRH:1
end_of_record
TN:
SF:src\services\emailVerificationService.ts
FN:3,(anonymous_0)
FN:9,(anonymous_1)
FN:12,(anonymous_2)
FN:55,(anonymous_3)
FNF:4
FNH:3
FNDA:2,(anonymous_0)
FNDA:0,(anonymous_1)
FNDA:1,(anonymous_2)
FNDA:1,(anonymous_3)
DA:1,1
DA:3,1
DA:4,2
DA:9,1
DA:10,0
DA:12,1
DA:17,1
DA:18,1
DA:19,0
DA:22,1
DA:23,0
DA:26,1
DA:27,1
DA:28,1
DA:31,0
DA:32,0
DA:34,0
DA:36,0
DA:55,1
DA:59,1
DA:60,0
DA:63,1
DA:64,0
DA:67,1
DA:68,1
DA:69,1
DA:72,0
DA:73,0
DA:75,0
DA:77,0
DA:96,0
LF:31
LH:17
BRDA:4,0,0,2
BRDA:4,0,1,0
BRDA:4,0,2,0
BRDA:4,0,3,0
BRDA:10,1,0,0
BRDA:10,1,1,0
BRDA:10,1,2,0
BRDA:17,2,0,1
BRDA:17,2,1,0
BRDA:18,3,0,0
BRDA:18,3,1,1
BRDA:22,4,0,0
BRDA:22,4,1,1
BRDA:22,5,0,1
BRDA:22,5,1,1
BRDA:26,6,0,1
BRDA:26,6,1,0
BRDA:31,7,0,0
BRDA:31,7,1,0
BRDA:31,8,0,0
BRDA:31,8,1,0
BRDA:59,9,0,0
BRDA:59,9,1,1
BRDA:59,10,0,1
BRDA:59,10,1,1
BRDA:63,11,0,0
BRDA:63,11,1,1
BRDA:63,12,0,1
BRDA:63,12,1,1
BRDA:67,13,0,1
BRDA:67,13,1,0
BRDA:72,14,0,0
BRDA:72,14,1,0
BRF:33
BRH:14
end_of_record
TN:
SF:src\services\twoFactorservice.ts
FN:3,(anonymous_1)
FN:6,(anonymous_2)
FN:15,(anonymous_3)
FNF:3
FNH:0
FNDA:0,(anonymous_1)
FNDA:0,(anonymous_2)
FNDA:0,(anonymous_3)
DA:1,2
DA:3,2
DA:4,0
DA:6,2
DA:7,0
DA:8,0
DA:15,2
DA:16,0
LF:8
LH:4
BRDA:4,0,0,0
BRDA:4,0,1,0
BRDA:4,0,2,0
BRF:3
BRH:0
end_of_record
TN:
SF:src\services\userService.ts
FN:4,listarUsuarios
FN:8,criarUsuario
FN:17,loginUsuario
FNF:3
FNH:0
FNDA:0,listarUsuarios
FNDA:0,criarUsuario
FNDA:0,loginUsuario
DA:1,0
DA:2,0
DA:4,0
DA:5,0
DA:8,0
DA:9,0
DA:10,0
DA:12,0
DA:13,0
DA:14,0
DA:17,0
DA:18,0
DA:19,0
DA:20,0
DA:23,0
DA:24,0
DA:25,0
DA:28,0
LF:18
LH:0
BRDA:9,0,0,0
BRDA:9,0,1,0
BRDA:19,1,0,0
BRDA:19,1,1,0
BRDA:24,2,0,0
BRDA:24,2,1,0
BRF:6
BRH:0
end_of_record
TN:
SF:src\utils\tokenHelper.ts
FN:13,(anonymous_9)
FNF:1
FNH:0
FNDA:0,(anonymous_9)
DA:1,1
DA:13,1
DA:14,0
DA:16,0
DA:17,0
DA:18,0
DA:21,0
LF:7
LH:2
BRDA:16,0,0,0
BRDA:16,0,1,0
BRF:2
BRH:0
end_of_record
