TN:
SF:src\config\db.ts
FN:12,(anonymous_1)
FN:23,(anonymous_2)
FN:27,(anonymous_3)
FNF:3
FNH:1
FNDA:1,(anonymous_1)
FNDA:0,(anonymous_2)
FNDA:0,(anonymous_3)
DA:1,2
DA:2,2
DA:7,2
DA:8,2
DA:12,2
DA:13,1
DA:14,1
DA:15,1
DA:19,0
DA:21,0
DA:23,0
DA:24,0
DA:27,0
DA:28,0
DA:31,1
DA:32,1
DA:34,1
LF:17
LH:11
BRDA:14,0,0,1
BRDA:14,0,1,0
BRF:2
BRH:1
end_of_record
TN:
SF:src\config\mail.ts
FN:8,hasSmtpConfig
FN:17,getSmtpTransporter
FNF:2
FNH:2
FNDA:3,hasSmtpConfig
FNDA:2,getSmtpTransporter
DA:1,2
DA:3,2
DA:4,2
DA:5,2
DA:6,2
DA:8,2
DA:9,3
DA:17,2
DA:18,2
DA:19,0
DA:21,2
DA:22,0
DA:23,0
DA:25,2
DA:34,2
LF:15
LH:12
BRDA:4,0,0,2
BRDA:4,0,1,0
BRDA:9,1,0,3
BRDA:9,1,1,3
BRDA:9,1,2,3
BRDA:9,1,3,3
BRDA:18,2,0,0
BRDA:18,2,1,2
BRDA:21,3,0,0
BRDA:21,3,1,2
BRF:10
BRH:7
end_of_record
TN:
SF:src\config\publicUrls.ts
FN:5,getPublicApiBaseUrl
FN:12,getFrontendBaseUrl
FNF:2
FNH:1
FNDA:0,getPublicApiBaseUrl
FNDA:2,getFrontendBaseUrl
DA:5,3
DA:6,0
DA:7,0
DA:8,0
DA:9,0
DA:12,3
DA:13,2
LF:7
LH:3
BRDA:6,0,0,0
BRDA:6,0,1,0
BRDA:6,0,2,0
BRDA:7,1,0,0
BRDA:7,1,1,0
BRDA:8,2,0,0
BRDA:8,2,1,0
BRDA:13,3,0,2
BRDA:13,3,1,1
BRF:9
BRH:2
end_of_record
TN:
SF:src\config\resend.ts
FN:7,getResendFromEmail
FN:12,hasResendConfig
FN:18,getResend
FNF:3
FNH:2
FNDA:0,getResendFromEmail
FNDA:2,hasResendConfig
FNDA:2,getResend
DA:1,2
DA:7,2
DA:8,0
DA:9,0
DA:12,2
DA:13,2
DA:18,2
DA:19,2
DA:20,2
DA:21,0
DA:23,2
DA:24,1
DA:26,2
LF:13
LH:10
BRDA:9,0,0,0
BRDA:9,0,1,0
BRDA:13,1,0,2
BRDA:13,1,1,0
BRDA:20,2,0,0
BRDA:20,2,1,2
BRDA:23,3,0,1
BRDA:23,3,1,1
BRF:8
BRH:4
end_of_record
TN:
SF:src\controllers\authController.ts
FN:7,(anonymous_1)
FNF:1
FNH:1
FNDA:6,(anonymous_1)
DA:2,2
DA:3,2
DA:4,2
DA:5,2
DA:7,2
DA:8,6
DA:10,6
DA:11,1
DA:14,5
DA:15,5
DA:16,5
DA:17,2
DA:20,3
DA:21,3
DA:22,1
DA:26,2
DA:27,0
DA:34,2
DA:41,2
DA:47,2
DA:54,2
DA:55,2
DA:66,0
DA:67,0
LF:24
LH:21
BRDA:10,0,0,1
BRDA:10,0,1,5
BRDA:10,1,0,6
BRDA:10,1,1,5
BRDA:16,2,0,2
BRDA:16,2,1,3
BRDA:21,3,0,1
BRDA:21,3,1,2
BRDA:26,4,0,0
BRDA:26,4,1,2
BRF:10
BRH:9
end_of_record
TN:
SF:src\controllers\faseController.ts
FN:13,(anonymous_1)
FN:38,(anonymous_2)
FN:51,(anonymous_3)
FN:63,(anonymous_4)
FN:76,(anonymous_5)
FN:102,(anonymous_6)
FN:123,(anonymous_7)
FN:139,(anonymous_8)
FNF:8
FNH:8
FNDA:3,(anonymous_1)
FNDA:1,(anonymous_2)
FNDA:2,(anonymous_3)
FNDA:1,(anonymous_4)
FNDA:2,(anonymous_5)
FNDA:2,(anonymous_6)
FNDA:2,(anonymous_7)
FNDA:2,(anonymous_8)
DA:2,2
DA:3,2
DA:4,2
DA:5,2
DA:6,2
DA:13,2
DA:14,3
DA:15,3
DA:16,3
DA:17,2
DA:18,2
DA:19,1
DA:20,0
DA:22,1
DA:23,1
DA:24,1
DA:25,1
DA:26,1
DA:28,1
DA:29,1
DA:30,1
DA:31,1
DA:33,0
DA:34,0
DA:35,0
DA:38,2
DA:39,1
DA:40,1
DA:41,1
DA:42,1
DA:43,1
DA:44,1
DA:46,0
DA:47,0
DA:48,0
DA:51,2
DA:52,2
DA:53,2
DA:54,2
DA:55,2
DA:56,1
DA:58,0
DA:59,0
DA:60,0
DA:63,2
DA:64,1
DA:65,1
DA:66,1
DA:67,1
DA:68,0
DA:69,0
DA:71,0
DA:72,0
DA:73,0
DA:76,2
DA:77,2
DA:78,2
DA:79,2
DA:80,2
DA:81,2
DA:82,2
DA:83,2
DA:84,1
DA:85,1
DA:86,1
DA:88,0
DA:89,0
DA:90,0
DA:91,0
DA:93,0
DA:94,0
DA:95,0
DA:97,0
DA:98,0
DA:99,0
DA:102,2
DA:103,2
DA:104,2
DA:105,2
DA:106,2
DA:107,2
DA:108,2
DA:109,1
DA:110,1
DA:111,1
DA:113,1
DA:114,1
DA:115,1
DA:116,1
DA:118,0
DA:119,0
DA:120,0
DA:123,2
DA:124,2
DA:125,2
DA:126,2
DA:127,1
DA:129,1
DA:130,1
DA:131,0
DA:132,0
DA:134,0
DA:135,0
DA:136,0
DA:139,2
DA:140,2
DA:141,2
DA:142,2
DA:143,2
DA:144,1
DA:145,0
DA:146,0
DA:147,0
DA:148,0
DA:149,0
DA:150,0
DA:151,0
DA:152,0
DA:153,0
DA:155,0
DA:156,0
DA:157,0
DA:158,0
DA:159,0
DA:160,0
DA:162,0
DA:164,0
DA:165,0
DA:166,0
LF:129
LH:77
BRDA:16,0,0,1
BRDA:16,0,1,2
BRDA:18,1,0,1
BRDA:18,1,1,1
BRDA:19,2,0,0
BRDA:19,2,1,1
BRDA:19,3,0,1
BRDA:19,3,1,0
BRDA:22,4,0,1
BRDA:22,4,1,0
BRDA:23,5,0,0
BRDA:23,5,1,1
BRDA:25,6,0,0
BRDA:25,6,1,1
BRDA:26,7,0,0
BRDA:26,7,1,1
BRDA:28,8,0,0
BRDA:28,8,1,1
BRDA:29,9,0,1
BRDA:29,9,1,0
BRDA:29,10,0,1
BRDA:29,10,1,1
BRDA:29,11,0,1
BRDA:29,11,1,1
BRDA:42,12,0,0
BRDA:42,12,1,1
BRDA:42,13,0,1
BRDA:42,13,1,0
BRDA:55,14,0,1
BRDA:55,14,1,1
BRDA:67,15,0,1
BRDA:67,15,1,0
BRDA:83,16,0,1
BRDA:83,16,1,1
BRDA:84,17,0,1
BRDA:84,17,1,0
BRDA:86,18,0,1
BRDA:86,18,1,0
BRDA:86,19,0,1
BRDA:86,19,1,1
BRDA:88,20,0,0
BRDA:88,20,1,0
BRDA:90,21,0,0
BRDA:90,21,1,0
BRDA:91,22,0,0
BRDA:91,22,1,0
BRDA:91,23,0,0
BRDA:91,23,1,0
BRDA:94,24,0,0
BRDA:94,24,1,0
BRDA:108,25,0,1
BRDA:108,25,1,1
BRDA:109,26,0,1
BRDA:109,26,1,0
BRDA:111,27,0,0
BRDA:111,27,1,1
BRDA:111,28,0,1
BRDA:111,28,1,1
BRDA:114,29,0,0
BRDA:114,29,1,1
BRDA:126,30,0,1
BRDA:126,30,1,1
BRDA:126,31,0,2
BRDA:126,31,1,2
BRDA:130,32,0,1
BRDA:130,32,1,0
BRDA:143,33,0,1
BRDA:143,33,1,1
BRDA:144,34,0,1
BRDA:144,34,1,0
BRDA:146,35,0,0
BRDA:146,35,1,0
BRDA:148,36,0,0
BRDA:148,36,1,0
BRDA:149,37,0,0
BRDA:149,37,1,0
BRDA:150,38,0,0
BRDA:150,38,1,0
BRDA:152,39,0,0
BRDA:152,39,1,0
BRF:80
BRH:42
end_of_record
TN:
SF:src\controllers\feedbackController.ts
FN:8,(anonymous_1)
FN:24,(anonymous_2)
FNF:2
FNH:2
FNDA:3,(anonymous_1)
FNDA:2,(anonymous_2)
DA:2,2
DA:8,2
DA:9,3
DA:10,3
DA:11,3
DA:12,3
DA:13,3
DA:14,3
DA:15,2
DA:16,2
DA:17,2
DA:19,0
DA:20,0
DA:21,0
DA:24,2
DA:25,2
DA:26,2
DA:27,1
DA:28,1
DA:30,0
DA:31,0
DA:32,0
LF:22
LH:16
BRDA:11,0,0,3
BRDA:11,0,1,2
BRDA:12,1,0,0
BRDA:12,1,1,3
BRDA:12,2,0,3
BRDA:12,2,1,3
BRDA:14,3,0,1
BRDA:14,3,1,2
BRDA:15,4,0,0
BRDA:15,4,1,2
BRDA:15,5,0,2
BRDA:15,5,1,2
BRDA:16,6,0,2
BRDA:16,6,1,2
BRDA:26,7,0,1
BRDA:26,7,1,1
BRF:16
BRH:14
end_of_record
TN:
SF:src\controllers\geminiController.ts
FN:7,(anonymous_0)
FN:8,(anonymous_1)
FNF:2
FNH:1
FNDA:1,(anonymous_0)
FNDA:0,(anonymous_1)
DA:8,1
DA:9,0
DA:10,0
DA:11,0
DA:17,0
DA:18,0
DA:27,0
DA:29,0
DA:30,0
DA:32,0
DA:34,0
DA:35,0
DA:37,0
DA:39,0
DA:40,0
DA:41,0
DA:46,1
LF:17
LH:2
BRDA:10,0,0,0
BRDA:10,0,1,0
BRDA:23,1,0,0
BRDA:23,1,1,0
BRDA:30,2,0,0
BRDA:30,2,1,0
BRDA:34,3,0,0
BRDA:34,3,1,0
BRF:8
BRH:0
end_of_record
TN:
SF:src\controllers\homeController.ts
FN:10,(anonymous_1)
FNF:1
FNH:1
FNDA:4,(anonymous_1)
DA:2,3
DA:4,3
DA:10,3
DA:11,4
DA:12,4
DA:13,3
DA:14,3
DA:15,2
DA:16,2
DA:17,2
DA:19,2
DA:20,2
DA:21,2
LF:13
LH:13
BRF:0
BRH:0
end_of_record
TN:
SF:src\controllers\licaoSalvaController.ts
FN:10,(anonymous_1)
FN:28,(anonymous_2)
FN:41,(anonymous_3)
FN:45,(anonymous_4)
FN:45,(anonymous_5)
FN:53,(anonymous_6)
FNF:6
FNH:6
FNDA:3,(anonymous_1)
FNDA:1,(anonymous_2)
FNDA:1,(anonymous_3)
FNDA:1,(anonymous_4)
FNDA:1,(anonymous_5)
FNDA:1,(anonymous_6)
DA:2,2
DA:3,2
DA:10,2
DA:11,3
DA:12,3
DA:13,3
DA:14,3
DA:15,2
DA:16,2
DA:17,2
DA:18,2
DA:19,1
DA:20,1
DA:22,0
DA:23,0
DA:24,0
DA:25,0
DA:28,2
DA:29,1
DA:30,1
DA:31,1
DA:32,1
DA:33,1
DA:34,0
DA:36,0
DA:37,0
DA:38,0
DA:41,2
DA:42,1
DA:43,1
DA:44,1
DA:45,1
DA:46,1
DA:48,0
DA:49,0
DA:50,0
DA:53,2
DA:54,1
DA:55,1
DA:56,1
DA:57,1
DA:58,1
DA:60,0
DA:61,0
DA:62,0
LF:45
LH:31
BRDA:14,0,0,1
BRDA:14,0,1,2
BRDA:16,1,0,0
BRDA:16,1,1,2
BRDA:18,2,0,1
BRDA:18,2,1,1
BRDA:23,3,0,0
BRDA:23,3,1,0
BRDA:33,4,0,1
BRDA:33,4,1,0
BRF:10
BRH:6
end_of_record
TN:
SF:src\controllers\perguntaController.ts
FN:10,(anonymous_1)
FN:23,(anonymous_2)
FN:45,(anonymous_3)
FN:78,(anonymous_4)
FNF:4
FNH:4
FNDA:2,(anonymous_1)
FNDA:4,(anonymous_2)
FNDA:3,(anonymous_3)
FNDA:3,(anonymous_4)
DA:2,2
DA:3,2
DA:10,2
DA:11,2
DA:12,2
DA:13,2
DA:14,1
DA:15,1
DA:16,1
DA:18,0
DA:19,0
DA:20,0
DA:23,2
DA:24,4
DA:25,4
DA:26,4
DA:27,4
DA:28,2
DA:29,2
DA:30,2
DA:31,2
DA:32,1
DA:33,1
DA:34,1
DA:35,0
DA:36,0
DA:37,0
DA:38,0
DA:40,0
DA:41,0
DA:42,0
DA:45,2
DA:46,3
DA:47,3
DA:48,3
DA:49,3
DA:50,3
DA:51,3
DA:52,2
DA:53,2
DA:54,1
DA:55,1
DA:56,0
DA:58,1
DA:59,1
DA:60,1
DA:61,1
DA:62,1
DA:63,1
DA:65,1
DA:66,1
DA:67,1
DA:68,1
DA:70,1
DA:71,1
DA:73,0
DA:74,0
DA:75,0
DA:78,2
DA:79,3
DA:80,3
DA:81,3
DA:82,3
DA:83,3
DA:84,2
DA:85,2
DA:86,1
DA:87,1
DA:88,0
DA:90,1
DA:91,1
DA:92,1
DA:93,1
DA:94,1
DA:96,0
DA:97,0
DA:98,0
LF:77
LH:59
BRDA:13,0,0,1
BRDA:13,0,1,1
BRDA:15,1,0,0
BRDA:15,1,1,1
BRDA:16,2,0,1
BRDA:16,2,1,0
BRDA:27,3,0,2
BRDA:27,3,1,2
BRDA:27,4,0,4
BRDA:27,4,1,3
BRDA:27,4,2,2
BRDA:27,4,3,2
BRDA:28,5,0,0
BRDA:28,5,1,2
BRDA:28,6,0,2
BRDA:28,6,1,2
BRDA:29,7,0,0
BRDA:29,7,1,2
BRDA:29,8,0,2
BRDA:29,8,1,2
BRDA:31,9,0,1
BRDA:31,9,1,1
BRDA:33,10,0,0
BRDA:33,10,1,1
BRDA:34,11,0,1
BRDA:34,11,1,0
BRDA:34,12,0,1
BRDA:34,12,1,1
BRDA:51,13,0,1
BRDA:51,13,1,2
BRDA:53,14,0,1
BRDA:53,14,1,1
BRDA:54,15,0,0
BRDA:54,15,1,1
BRDA:54,16,0,1
BRDA:54,16,1,0
BRDA:55,17,0,0
BRDA:55,17,1,1
BRDA:59,18,0,0
BRDA:59,18,1,1
BRDA:59,19,0,1
BRDA:59,19,1,1
BRDA:59,19,2,1
BRDA:59,19,3,1
BRDA:60,20,0,1
BRDA:60,20,1,0
BRDA:61,21,0,1
BRDA:61,21,1,0
BRDA:62,22,0,0
BRDA:62,22,1,1
BRDA:62,23,0,1
BRDA:62,23,1,1
BRDA:65,24,0,1
BRDA:65,24,1,0
BRDA:66,25,0,1
BRDA:66,25,1,0
BRDA:67,26,0,0
BRDA:67,26,1,1
BRDA:67,27,0,1
BRDA:67,27,1,1
BRDA:83,28,0,1
BRDA:83,28,1,2
BRDA:85,29,0,1
BRDA:85,29,1,1
BRDA:86,30,0,0
BRDA:86,30,1,1
BRDA:86,31,0,1
BRDA:86,31,1,0
BRDA:87,32,0,0
BRDA:87,32,1,1
BRDA:91,33,0,0
BRDA:91,33,1,1
BRDA:91,34,0,1
BRDA:91,34,1,1
BRDA:91,34,2,1
BRDA:91,34,3,1
BRF:76
BRH:56
end_of_record
TN:
SF:src\controllers\progressoController.ts
FN:45,(anonymous_1)
FN:49,(anonymous_2)
FN:52,(anonymous_3)
FN:71,(anonymous_4)
FN:89,(anonymous_5)
FN:92,(anonymous_6)
FN:104,(anonymous_7)
FN:119,(anonymous_8)
FN:133,(anonymous_9)
FN:146,(anonymous_10)
FN:152,(anonymous_11)
FN:163,(anonymous_12)
FNF:12
FNH:10
FNDA:3,(anonymous_1)
FNDA:1,(anonymous_2)
FNDA:0,(anonymous_3)
FNDA:4,(anonymous_4)
FNDA:1,(anonymous_5)
FNDA:0,(anonymous_6)
FNDA:3,(anonymous_7)
FNDA:1,(anonymous_8)
FNDA:1,(anonymous_9)
FNDA:2,(anonymous_10)
FNDA:1,(anonymous_11)
FNDA:1,(anonymous_12)
DA:2,2
DA:3,2
DA:4,2
DA:43,2
DA:45,2
DA:46,3
DA:49,2
DA:50,1
DA:51,1
DA:52,1
DA:53,1
DA:54,1
DA:55,1
DA:56,1
DA:57,1
DA:58,1
DA:59,0
DA:60,0
DA:62,1
DA:64,0
DA:65,0
DA:66,0
DA:67,0
DA:71,2
DA:72,4
DA:73,4
DA:74,4
DA:75,4
DA:76,3
DA:77,3
DA:78,2
DA:79,2
DA:80,2
DA:81,2
DA:82,1
DA:83,1
DA:84,1
DA:85,1
DA:86,1
DA:87,1
DA:88,1
DA:89,1
DA:90,1
DA:92,0
DA:94,1
DA:95,1
DA:96,1
DA:97,1
DA:99,0
DA:100,0
DA:101,0
DA:104,2
DA:105,3
DA:106,3
DA:107,3
DA:108,3
DA:109,2
DA:110,2
DA:111,1
DA:112,1
DA:113,1
DA:115,1
DA:116,1
DA:117,1
DA:118,1
DA:119,1
DA:120,1
DA:122,1
DA:123,1
DA:124,1
DA:126,1
DA:128,0
DA:129,0
DA:130,0
DA:133,2
DA:134,1
DA:135,1
DA:136,1
DA:137,1
DA:138,1
DA:139,0
DA:141,0
DA:142,0
DA:143,0
DA:146,2
DA:147,2
DA:148,2
DA:149,2
DA:150,2
DA:151,1
DA:152,1
DA:153,1
DA:154,1
DA:156,1
DA:158,0
DA:159,0
DA:160,0
DA:163,2
DA:164,1
DA:165,1
DA:166,1
DA:167,1
DA:168,0
DA:169,0
DA:170,0
DA:171,0
DA:173,0
DA:174,0
DA:175,0
LF:109
LH:82
BRDA:43,0,0,2
BRDA:43,0,1,1
BRDA:49,1,0,0
BRDA:49,2,0,0
BRDA:49,3,0,0
BRDA:54,4,0,0
BRDA:54,4,1,1
BRDA:54,5,0,0
BRDA:54,5,1,0
BRDA:55,6,0,1
BRDA:55,6,1,0
BRDA:55,7,0,1
BRDA:55,7,1,1
BRDA:55,7,2,0
BRDA:55,7,3,0
BRDA:58,8,0,0
BRDA:58,8,1,1
BRDA:65,9,0,0
BRDA:65,9,1,0
BRDA:65,10,0,0
BRDA:65,10,1,0
BRDA:75,11,0,1
BRDA:75,11,1,3
BRDA:75,12,0,4
BRDA:75,12,1,3
BRDA:75,12,2,3
BRDA:77,13,0,1
BRDA:77,13,1,2
BRDA:81,14,0,1
BRDA:81,14,1,1
BRDA:81,15,0,2
BRDA:81,15,1,2
BRDA:82,16,0,1
BRDA:82,16,1,0
BRDA:88,17,0,1
BRDA:88,17,1,1
BRDA:88,17,2,0
BRDA:92,18,0,0
BRDA:92,18,1,0
BRDA:94,19,0,1
BRDA:94,19,1,1
BRDA:97,20,0,1
BRDA:97,20,1,0
BRDA:97,21,0,1
BRDA:97,21,1,0
BRDA:97,22,0,1
BRDA:97,22,1,0
BRDA:108,23,0,1
BRDA:108,23,1,2
BRDA:108,24,0,3
BRDA:108,24,1,2
BRDA:108,24,2,2
BRDA:110,25,0,1
BRDA:110,25,1,1
BRDA:112,26,0,1
BRDA:112,26,1,0
BRDA:113,27,0,1
BRDA:113,27,1,0
BRDA:115,28,0,1
BRDA:115,28,1,0
BRDA:120,29,0,1
BRDA:120,29,1,0
BRDA:138,30,0,1
BRDA:138,30,1,0
BRDA:139,31,0,0
BRDA:139,31,1,0
BRDA:139,32,0,0
BRDA:139,32,1,0
BRDA:139,33,0,0
BRDA:139,33,1,0
BRDA:150,34,0,1
BRDA:150,34,1,1
BRDA:153,35,0,1
BRDA:153,35,1,0
BRDA:167,36,0,1
BRDA:167,36,1,0
BRDA:168,37,0,0
BRDA:168,37,1,0
BRDA:170,38,0,0
BRDA:170,38,1,0
BRDA:171,39,0,0
BRDA:171,39,1,0
BRDA:171,40,0,0
BRDA:171,40,1,0
BRDA:171,41,0,0
BRDA:171,41,1,0
BRDA:171,42,0,0
BRDA:171,42,1,0
BRDA:171,43,0,0
BRDA:171,43,1,0
BRF:90
BRH:42
end_of_record
TN:
SF:src\controllers\rankingController.ts
FN:17,(anonymous_1)
FN:20,(anonymous_2)
FN:39,(anonymous_3)
FN:50,(anonymous_4)
FN:58,(anonymous_5)
FN:63,(anonymous_6)
FN:65,(anonymous_7)
FN:66,(anonymous_8)
FN:69,(anonymous_9)
FN:70,(anonymous_10)
FNF:10
FNH:9
FNDA:2,(anonymous_1)
FNDA:0,(anonymous_2)
FNDA:3,(anonymous_3)
FNDA:3,(anonymous_4)
FNDA:4,(anonymous_5)
FNDA:3,(anonymous_6)
FNDA:2,(anonymous_7)
FNDA:3,(anonymous_8)
FNDA:1,(anonymous_9)
FNDA:3,(anonymous_10)
DA:2,2
DA:3,2
DA:15,2
DA:17,2
DA:18,2
DA:19,2
DA:20,2
DA:21,2
DA:22,2
DA:23,2
DA:24,2
DA:25,2
DA:26,2
DA:27,1
DA:28,1
DA:30,1
DA:32,0
DA:33,0
DA:34,0
DA:35,0
DA:39,2
DA:40,3
DA:41,3
DA:50,3
DA:51,3
DA:53,0
DA:54,0
DA:55,0
DA:58,2
DA:59,4
DA:60,4
DA:61,4
DA:62,2
DA:63,3
DA:64,2
DA:65,2
DA:66,2
DA:67,3
DA:68,3
DA:69,1
DA:70,3
DA:71,2
DA:73,0
DA:74,0
DA:75,0
LF:45
LH:35
BRDA:15,0,0,2
BRDA:15,0,1,1
BRDA:17,1,0,0
BRDA:17,2,0,0
BRDA:17,3,0,0
BRDA:22,4,0,0
BRDA:22,4,1,2
BRDA:22,5,0,0
BRDA:22,5,1,0
BRDA:23,6,0,2
BRDA:23,6,1,0
BRDA:23,7,0,2
BRDA:23,7,1,2
BRDA:26,8,0,1
BRDA:26,8,1,1
BRDA:33,9,0,0
BRDA:33,9,1,0
BRDA:33,10,0,0
BRDA:33,10,1,0
BRDA:50,11,0,3
BRDA:50,11,1,1
BRDA:50,11,2,0
BRDA:50,12,0,3
BRDA:50,12,1,1
BRDA:50,12,2,0
BRDA:61,13,0,2
BRDA:61,13,1,2
BRDA:62,14,0,2
BRDA:62,14,1,2
BRDA:64,15,0,2
BRDA:64,15,1,1
BRDA:67,16,0,3
BRDA:67,16,1,1
BRDA:68,17,0,3
BRDA:68,17,1,1
BRDA:68,17,2,0
BRDA:68,18,0,3
BRDA:68,18,1,1
BRDA:68,18,2,0
BRDA:68,19,0,3
BRDA:68,19,1,0
BRDA:68,20,0,3
BRDA:68,20,1,0
BRDA:68,21,0,3
BRDA:68,21,1,1
BRDA:68,22,0,3
BRDA:68,22,1,0
BRDA:69,23,0,1
BRDA:69,23,1,0
BRF:49
BRH:30
end_of_record
TN:
SF:src\controllers\secaoController.ts
FN:11,(anonymous_1)
FN:30,(anonymous_2)
FN:47,(anonymous_3)
FN:63,(anonymous_4)
FN:84,(anonymous_5)
FN:119,(anonymous_6)
FNF:6
FNH:6
FNDA:1,(anonymous_1)
FNDA:2,(anonymous_2)
FNDA:2,(anonymous_3)
FNDA:3,(anonymous_4)
FNDA:2,(anonymous_5)
FNDA:3,(anonymous_6)
DA:2,2
DA:3,2
DA:4,2
DA:11,2
DA:12,1
DA:13,1
DA:14,1
DA:15,1
DA:16,1
DA:17,1
DA:19,0
DA:21,0
DA:22,0
DA:24,0
DA:25,0
DA:26,0
DA:30,2
DA:31,2
DA:32,2
DA:33,2
DA:34,0
DA:36,2
DA:37,2
DA:38,1
DA:39,1
DA:41,0
DA:42,0
DA:43,0
DA:47,2
DA:48,2
DA:49,2
DA:50,2
DA:51,1
DA:53,1
DA:54,1
DA:55,0
DA:57,0
DA:58,0
DA:59,0
DA:63,2
DA:64,3
DA:65,3
DA:66,3
DA:67,3
DA:68,3
DA:69,2
DA:70,2
DA:71,2
DA:72,2
DA:73,1
DA:74,1
DA:75,1
DA:76,1
DA:78,0
DA:79,0
DA:80,0
DA:84,2
DA:85,2
DA:86,2
DA:87,2
DA:88,2
DA:89,2
DA:90,1
DA:92,1
DA:93,1
DA:94,1
DA:95,1
DA:96,1
DA:97,1
DA:98,1
DA:99,0
DA:101,1
DA:102,1
DA:103,1
DA:105,1
DA:106,1
DA:107,1
DA:108,1
DA:109,1
DA:110,1
DA:111,1
DA:113,0
DA:114,0
DA:115,0
DA:119,2
DA:120,3
DA:121,3
DA:122,3
DA:123,3
DA:124,3
DA:125,1
DA:127,2
DA:128,2
DA:129,2
DA:130,2
DA:131,0
DA:133,2
DA:135,1
DA:136,1
DA:138,0
DA:139,0
DA:140,0
LF:102
LH:77
BRDA:15,0,0,1
BRDA:15,0,1,0
BRDA:16,1,0,1
BRDA:16,1,1,0
BRDA:16,2,0,1
BRDA:16,2,1,1
BRDA:33,3,0,0
BRDA:33,3,1,2
BRDA:33,4,0,2
BRDA:33,4,1,2
BRDA:37,5,0,1
BRDA:37,5,1,1
BRDA:50,6,0,1
BRDA:50,6,1,1
BRDA:50,7,0,2
BRDA:50,7,1,2
BRDA:54,8,0,1
BRDA:54,8,1,0
BRDA:68,9,0,1
BRDA:68,9,1,2
BRDA:68,10,0,3
BRDA:68,10,1,2
BRDA:68,10,2,2
BRDA:69,11,0,0
BRDA:69,11,1,2
BRDA:71,12,0,0
BRDA:71,12,1,2
BRDA:72,13,0,1
BRDA:72,13,1,1
BRDA:72,14,0,2
BRDA:72,14,1,1
BRDA:74,15,0,0
BRDA:74,15,1,1
BRDA:75,16,0,1
BRDA:75,16,1,1
BRDA:89,17,0,1
BRDA:89,17,1,1
BRDA:89,18,0,2
BRDA:89,18,1,2
BRDA:94,19,0,0
BRDA:94,19,1,1
BRDA:96,20,0,0
BRDA:96,20,1,1
BRDA:97,21,0,0
BRDA:97,21,1,1
BRDA:97,22,0,1
BRDA:97,22,1,0
BRDA:98,23,0,0
BRDA:98,23,1,1
BRDA:98,24,0,1
BRDA:98,24,1,0
BRDA:98,24,2,0
BRDA:101,25,0,1
BRDA:101,25,1,0
BRDA:101,26,0,1
BRDA:101,26,1,1
BRDA:102,27,0,1
BRDA:102,27,1,1
BRDA:103,28,0,0
BRDA:103,28,1,1
BRDA:106,29,0,0
BRDA:106,29,1,1
BRDA:107,30,0,1
BRDA:107,30,1,0
BRDA:108,31,0,0
BRDA:108,31,1,1
BRDA:109,32,0,1
BRDA:109,32,1,0
BRDA:124,33,0,1
BRDA:124,33,1,2
BRDA:124,34,0,3
BRDA:124,34,1,3
BRDA:128,35,0,0
BRDA:128,35,1,2
BRDA:130,36,0,0
BRDA:130,36,1,2
BRDA:131,37,0,0
BRDA:131,37,1,0
BRDA:133,38,0,1
BRDA:133,38,1,1
BRDA:133,39,0,2
BRDA:133,39,1,1
BRF:82
BRH:58
end_of_record
TN:
SF:src\controllers\trilhaController.ts
FN:11,(anonymous_1)
FN:27,(anonymous_2)
FN:43,(anonymous_3)
FN:68,(anonymous_4)
FN:86,(anonymous_5)
FN:97,(anonymous_6)
FN:107,(anonymous_7)
FN:118,(anonymous_8)
FN:140,(anonymous_9)
FN:159,(anonymous_10)
FN:176,(anonymous_11)
FNF:11
FNH:11
FNDA:1,(anonymous_1)
FNDA:1,(anonymous_2)
FNDA:2,(anonymous_3)
FNDA:2,(anonymous_4)
FNDA:1,(anonymous_5)
FNDA:1,(anonymous_6)
FNDA:1,(anonymous_7)
FNDA:2,(anonymous_8)
FNDA:2,(anonymous_9)
FNDA:1,(anonymous_10)
FNDA:2,(anonymous_11)
DA:2,2
DA:3,2
DA:5,2
DA:11,2
DA:12,1
DA:13,1
DA:14,1
DA:15,1
DA:16,1
DA:17,1
DA:18,1
DA:19,1
DA:20,1
DA:22,0
DA:23,0
DA:24,0
DA:27,2
DA:28,1
DA:29,1
DA:30,1
DA:31,1
DA:32,1
DA:33,1
DA:34,1
DA:35,1
DA:36,1
DA:38,0
DA:39,0
DA:40,0
DA:43,2
DA:44,2
DA:45,2
DA:46,2
DA:47,2
DA:48,2
DA:49,1
DA:51,1
DA:52,1
DA:53,1
DA:54,1
DA:56,1
DA:57,1
DA:58,1
DA:59,0
DA:60,0
DA:61,0
DA:63,0
DA:64,0
DA:65,0
DA:68,2
DA:69,2
DA:70,2
DA:71,2
DA:72,2
DA:73,2
DA:74,1
DA:76,1
DA:77,1
DA:78,1
DA:79,0
DA:81,0
DA:82,0
DA:83,0
DA:86,2
DA:87,1
DA:88,1
DA:89,1
DA:90,1
DA:92,0
DA:93,0
DA:94,0
DA:97,2
DA:98,1
DA:99,1
DA:100,1
DA:102,0
DA:103,0
DA:104,0
DA:107,2
DA:108,1
DA:109,1
DA:110,1
DA:111,1
DA:113,0
DA:114,0
DA:115,0
DA:118,2
DA:119,2
DA:120,2
DA:121,2
DA:122,2
DA:123,1
DA:125,1
DA:126,1
DA:127,0
DA:128,0
DA:129,0
DA:131,0
DA:132,0
DA:133,0
DA:135,0
DA:136,0
DA:137,0
DA:140,2
DA:141,2
DA:142,2
DA:143,2
DA:144,2
DA:145,2
DA:146,2
DA:147,2
DA:148,2
DA:149,2
DA:150,2
DA:151,2
DA:152,2
DA:154,0
DA:155,0
DA:156,0
DA:159,2
DA:160,1
DA:161,1
DA:162,1
DA:163,1
DA:165,0
DA:166,0
DA:167,0
DA:168,0
DA:169,0
DA:171,0
DA:172,0
DA:173,0
DA:176,2
DA:177,2
DA:178,2
DA:179,2
DA:180,1
DA:182,1
DA:183,1
DA:184,1
DA:186,0
DA:187,0
DA:188,0
LF:143
LH:95
BRDA:15,0,0,1
BRDA:15,0,1,1
BRDA:31,1,0,0
BRDA:31,1,1,1
BRDA:33,2,0,0
BRDA:33,2,1,1
BRDA:48,3,0,1
BRDA:48,3,1,1
BRDA:48,4,0,2
BRDA:48,4,1,2
BRDA:52,5,0,1
BRDA:52,5,1,0
BRDA:54,6,0,1
BRDA:54,6,1,0
BRDA:56,7,0,0
BRDA:56,7,1,1
BRDA:58,8,0,1
BRDA:58,8,1,0
BRDA:73,9,0,1
BRDA:73,9,1,1
BRDA:73,10,0,2
BRDA:73,10,1,2
BRDA:76,11,0,0
BRDA:76,11,1,1
BRDA:78,12,0,1
BRDA:78,12,1,0
BRDA:122,13,0,1
BRDA:122,13,1,1
BRDA:122,14,0,2
BRDA:122,14,1,2
BRDA:126,15,0,1
BRDA:126,15,1,0
BRDA:127,16,0,0
BRDA:127,16,1,0
BRDA:145,17,0,0
BRDA:145,17,1,2
BRDA:146,18,0,2
BRDA:146,18,1,0
BRDA:147,19,0,1
BRDA:147,19,1,1
BRDA:147,20,0,2
BRDA:147,20,1,1
BRDA:147,20,2,1
BRDA:149,21,0,0
BRDA:149,21,1,2
BRDA:162,22,0,1
BRDA:162,22,1,0
BRDA:162,23,0,1
BRDA:162,23,1,1
BRDA:166,24,0,0
BRDA:166,24,1,0
BRDA:168,25,0,0
BRDA:168,25,1,0
BRDA:179,26,0,1
BRDA:179,26,1,1
BRDA:179,27,0,2
BRDA:179,27,1,2
BRDA:183,28,0,0
BRDA:183,28,1,1
BRF:59
BRH:39
end_of_record
TN:
SF:src\controllers\trilhaIaController.ts
FN:16,(anonymous_0)
FNF:1
FNH:0
FNDA:0,(anonymous_0)
DA:3,1
DA:9,1
DA:16,1
DA:17,0
DA:18,0
DA:19,0
DA:35,0
DA:37,0
DA:38,0
DA:42,0
DA:43,0
DA:44,0
DA:46,0
DA:49,0
DA:59,0
DA:61,0
DA:62,0
DA:63,0
LF:18
LH:3
BRDA:18,0,0,0
BRDA:18,0,1,0
BRDA:37,1,0,0
BRDA:37,1,1,0
BRDA:37,2,0,0
BRDA:37,2,1,0
BRDA:42,3,0,0
BRDA:42,3,1,0
BRDA:42,4,0,0
BRDA:42,4,1,0
BRDA:42,4,2,0
BRDA:43,5,0,0
BRDA:43,5,1,0
BRDA:43,6,0,0
BRDA:43,6,1,0
BRDA:51,7,0,0
BRDA:51,7,1,0
BRDA:53,8,0,0
BRDA:53,8,1,0
BRDA:54,9,0,0
BRDA:54,9,1,0
BRDA:55,10,0,0
BRDA:55,10,1,0
BRDA:56,11,0,0
BRDA:56,11,1,0
BRF:25
BRH:0
end_of_record
TN:
SF:src\controllers\twoFactorController.ts
FN:20,envInt
FN:25,(anonymous_11)
FN:26,(anonymous_12)
FN:28,looksLikeTotpInput
FN:41,verifySecondFactor
FN:71,issueSessionToken
FN:97,(anonymous_16)
FN:180,(anonymous_17)
FN:216,(anonymous_18)
FN:257,(anonymous_19)
FN:300,(anonymous_20)
FNF:11
FNH:0
FNDA:0,envInt
FNDA:0,(anonymous_11)
FNDA:0,(anonymous_12)
FNDA:0,looksLikeTotpInput
FNDA:0,verifySecondFactor
FNDA:0,issueSessionToken
FNDA:0,(anonymous_16)
FNDA:0,(anonymous_17)
FNDA:0,(anonymous_18)
FNDA:0,(anonymous_19)
FNDA:0,(anonymous_20)
DA:2,1
DA:3,1
DA:4,1
DA:5,1
DA:6,1
DA:7,1
DA:14,1
DA:21,0
DA:22,0
DA:25,1
DA:26,1
DA:29,0
DA:30,0
DA:45,0
DA:46,0
DA:47,0
DA:50,0
DA:51,0
DA:55,0
DA:56,0
DA:60,0
DA:61,0
DA:62,0
DA:63,0
DA:64,0
DA:68,0
DA:72,0
DA:73,0
DA:74,0
DA:76,0
DA:77,0
DA:79,0
DA:86,0
DA:97,1
DA:98,0
DA:100,0
DA:101,0
DA:104,0
DA:105,0
DA:106,0
DA:107,0
DA:110,0
DA:111,0
DA:116,0
DA:117,0
DA:120,0
DA:123,0
DA:124,0
DA:127,0
DA:128,0
DA:129,0
DA:132,0
DA:138,0
DA:139,0
DA:140,0
DA:143,0
DA:144,0
DA:145,0
DA:146,0
DA:147,0
DA:150,0
DA:152,0
DA:153,0
DA:156,0
DA:157,0
DA:159,0
DA:160,0
DA:161,0
DA:163,0
DA:165,0
DA:166,0
DA:167,0
DA:169,0
DA:170,0
DA:172,0
DA:173,0
DA:180,1
DA:181,0
DA:182,0
DA:183,0
DA:184,0
DA:186,0
DA:187,0
DA:191,0
DA:192,0
DA:193,0
DA:194,0
DA:195,0
DA:196,0
DA:197,0
DA:199,0
DA:201,0
DA:208,0
DA:209,0
DA:216,1
DA:217,0
DA:218,0
DA:219,0
DA:222,0
DA:223,0
DA:224,0
DA:225,0
DA:228,0
DA:229,0
DA:230,0
DA:233,0
DA:234,0
DA:236,0
DA:237,0
DA:238,0
DA:239,0
DA:240,0
DA:242,0
DA:249,0
DA:250,0
DA:257,1
DA:258,0
DA:259,0
DA:260,0
DA:265,0
DA:266,0
DA:269,0
DA:270,0
DA:273,0
DA:274,0
DA:275,0
DA:278,0
DA:279,0
DA:280,0
DA:283,0
DA:284,0
DA:285,0
DA:286,0
DA:287,0
DA:288,0
DA:290,0
DA:292,0
DA:293,0
DA:300,1
DA:304,0
DA:305,0
DA:306,0
DA:311,0
DA:312,0
DA:315,0
DA:316,0
DA:319,0
DA:320,0
DA:321,0
DA:324,0
DA:325,0
DA:326,0
DA:329,0
DA:330,0
DA:331,0
DA:333,0
DA:340,0
DA:341,0
LF:158
LH:14
BRDA:22,0,0,0
BRDA:22,0,1,0
BRDA:22,1,0,0
BRDA:22,1,1,0
BRDA:45,2,0,0
BRDA:45,2,1,0
BRDA:46,3,0,0
BRDA:46,3,1,0
BRDA:50,4,0,0
BRDA:50,4,1,0
BRDA:50,5,0,0
BRDA:50,5,1,0
BRDA:55,6,0,0
BRDA:55,6,1,0
BRDA:61,7,0,0
BRDA:61,7,1,0
BRDA:61,8,0,0
BRDA:61,8,1,0
BRDA:63,9,0,0
BRDA:63,9,1,0
BRDA:73,10,0,0
BRDA:73,10,1,0
BRDA:100,11,0,0
BRDA:100,11,1,0
BRDA:100,12,0,0
BRDA:100,12,1,0
BRDA:105,13,0,0
BRDA:105,13,1,0
BRDA:116,14,0,0
BRDA:116,14,1,0
BRDA:116,15,0,0
BRDA:116,15,1,0
BRDA:123,16,0,0
BRDA:123,16,1,0
BRDA:123,17,0,0
BRDA:123,17,1,0
BRDA:123,17,2,0
BRDA:128,18,0,0
BRDA:128,18,1,0
BRDA:128,19,0,0
BRDA:128,19,1,0
BRDA:138,20,0,0
BRDA:138,20,1,0
BRDA:138,21,0,0
BRDA:138,21,1,0
BRDA:144,22,0,0
BRDA:144,22,1,0
BRDA:145,23,0,0
BRDA:145,23,1,0
BRDA:146,24,0,0
BRDA:146,24,1,0
BRDA:156,25,0,0
BRDA:156,25,1,0
BRDA:166,26,0,0
BRDA:166,26,1,0
BRDA:169,27,0,0
BRDA:169,27,1,0
BRDA:183,28,0,0
BRDA:183,28,1,0
BRDA:186,29,0,0
BRDA:186,29,1,0
BRDA:218,30,0,0
BRDA:218,30,1,0
BRDA:224,31,0,0
BRDA:224,31,1,0
BRDA:229,32,0,0
BRDA:229,32,1,0
BRDA:259,33,0,0
BRDA:259,33,1,0
BRDA:259,34,0,0
BRDA:259,34,1,0
BRDA:269,35,0,0
BRDA:269,35,1,0
BRDA:269,36,0,0
BRDA:269,36,1,0
BRDA:274,37,0,0
BRDA:274,37,1,0
BRDA:279,38,0,0
BRDA:279,38,1,0
BRDA:305,39,0,0
BRDA:305,39,1,0
BRDA:305,40,0,0
BRDA:305,40,1,0
BRDA:315,41,0,0
BRDA:315,41,1,0
BRDA:315,42,0,0
BRDA:315,42,1,0
BRDA:320,43,0,0
BRDA:320,43,1,0
BRDA:325,44,0,0
BRDA:325,44,1,0
BRF:91
BRH:0
end_of_record
TN:
SF:src\controllers\userController.ts
FN:28,(anonymous_10)
FN:90,(anonymous_11)
FN:166,(anonymous_12)
FN:208,(anonymous_13)
FN:220,(anonymous_14)
FN:246,(anonymous_15)
FN:269,(anonymous_16)
FN:296,(anonymous_17)
FN:321,(anonymous_18)
FN:337,(anonymous_19)
FN:344,(anonymous_20)
FN:355,(anonymous_21)
FN:362,(anonymous_22)
FN:378,(anonymous_23)
FN:383,(anonymous_24)
FN:387,(anonymous_25)
FN:395,(anonymous_26)
FNF:17
FNH:17
FNDA:6,(anonymous_10)
FNDA:6,(anonymous_11)
FNDA:3,(anonymous_12)
FNDA:3,(anonymous_13)
FNDA:2,(anonymous_14)
FNDA:5,(anonymous_15)
FNDA:1,(anonymous_16)
FNDA:1,(anonymous_17)
FNDA:1,(anonymous_18)
FNDA:1,(anonymous_19)
FNDA:2,(anonymous_20)
FNDA:1,(anonymous_21)
FNDA:2,(anonymous_22)
FNDA:1,(anonymous_23)
FNDA:2,(anonymous_24)
FNDA:1,(anonymous_25)
FNDA:2,(anonymous_26)
DA:2,2
DA:3,2
DA:4,2
DA:5,2
DA:6,2
DA:7,2
DA:8,2
DA:9,2
DA:10,2
DA:16,2
DA:28,2
DA:29,6
DA:30,6
DA:31,5
DA:33,5
DA:34,5
DA:35,5
DA:37,4
DA:38,4
DA:40,3
DA:41,3
DA:42,0
DA:43,0
DA:46,3
DA:47,0
DA:52,3
DA:53,0
DA:54,0
DA:55,0
DA:61,0
DA:62,0
DA:66,3
DA:67,3
DA:69,3
DA:76,3
DA:77,3
DA:84,0
DA:85,0
DA:86,0
DA:90,2
DA:91,6
DA:92,6
DA:94,6
DA:95,0
DA:97,6
DA:99,6
DA:100,1
DA:102,5
DA:103,1
DA:105,4
DA:106,0
DA:109,4
DA:110,4
DA:111,0
DA:113,4
DA:114,0
DA:117,4
DA:118,4
DA:120,2
DA:124,2
DA:125,0
DA:126,0
DA:129,2
DA:140,2
DA:142,2
DA:143,0
DA:144,0
DA:146,0
DA:150,2
DA:151,2
DA:154,2
DA:156,0
DA:157,0
DA:158,0
DA:166,2
DA:167,3
DA:168,3
DA:169,3
DA:171,3
DA:172,3
DA:173,0
DA:176,3
DA:177,1
DA:180,2
DA:181,2
DA:182,2
DA:183,0
DA:186,2
DA:187,2
DA:188,0
DA:191,2
DA:197,2
DA:199,2
DA:201,0
DA:202,0
DA:203,0
DA:204,0
DA:208,2
DA:209,3
DA:210,3
DA:211,3
DA:212,2
DA:214,0
DA:215,0
DA:216,0
DA:220,2
DA:221,2
DA:222,2
DA:224,2
DA:225,2
DA:226,2
DA:227,2
DA:228,2
DA:230,2
DA:231,2
DA:233,2
DA:235,0
DA:236,0
DA:237,0
DA:246,2
DA:247,5
DA:248,5
DA:249,5
DA:250,4
DA:252,4
DA:253,4
DA:255,3
DA:256,3
DA:258,2
DA:259,2
DA:261,2
DA:263,0
DA:264,0
DA:265,0
DA:269,2
DA:270,1
DA:271,1
DA:272,1
DA:273,1
DA:275,1
DA:276,1
DA:277,1
DA:278,1
DA:279,1
DA:281,1
DA:282,1
DA:284,0
DA:288,1
DA:290,0
DA:291,0
DA:292,0
DA:296,2
DA:297,1
DA:298,1
DA:299,1
DA:300,0
DA:302,0
DA:303,0
DA:305,0
DA:306,0
DA:308,0
DA:309,0
DA:310,0
DA:311,0
DA:313,0
DA:315,0
DA:316,0
DA:317,0
DA:321,2
DA:322,1
DA:323,1
DA:324,1
DA:325,1
DA:327,0
DA:328,0
DA:329,0
DA:337,2
DA:338,1
DA:339,1
DA:340,0
DA:341,0
DA:344,2
DA:345,2
DA:346,2
DA:348,1
DA:349,1
DA:351,1
DA:352,1
DA:355,2
DA:356,1
DA:357,1
DA:358,0
DA:359,0
DA:362,2
DA:363,2
DA:364,2
DA:365,1
DA:366,1
DA:367,0
DA:368,0
DA:369,0
DA:371,0
DA:378,2
DA:379,1
DA:380,1
DA:383,2
DA:384,2
DA:387,2
DA:388,1
DA:395,2
DA:396,2
DA:397,2
DA:399,2
DA:400,1
DA:401,1
DA:405,1
DA:410,1
DA:412,0
DA:413,0
DA:417,1
DA:418,1
DA:419,1
DA:421,1
DA:426,1
DA:427,1
DA:428,1
DA:431,0
DA:432,0
LF:228
LH:157
BRDA:30,0,0,1
BRDA:30,0,1,5
BRDA:30,1,0,6
BRDA:30,1,1,5
BRDA:35,2,0,1
BRDA:35,2,1,4
BRDA:38,3,0,1
BRDA:38,3,1,3
BRDA:41,4,0,0
BRDA:41,4,1,3
BRDA:46,5,0,0
BRDA:46,5,1,3
BRDA:46,6,0,3
BRDA:46,6,1,0
BRDA:52,7,0,0
BRDA:52,7,1,3
BRDA:94,8,0,0
BRDA:94,8,1,6
BRDA:99,9,0,1
BRDA:99,9,1,5
BRDA:102,10,0,1
BRDA:102,10,1,4
BRDA:105,11,0,0
BRDA:105,11,1,4
BRDA:110,12,0,0
BRDA:110,12,1,4
BRDA:113,13,0,0
BRDA:113,13,1,4
BRDA:113,14,0,4
BRDA:113,14,1,4
BRDA:118,15,0,2
BRDA:118,15,1,2
BRDA:124,16,0,0
BRDA:124,16,1,2
BRDA:136,17,0,0
BRDA:136,17,1,2
BRDA:136,18,0,2
BRDA:136,18,1,0
BRDA:136,18,2,0
BRDA:142,19,0,0
BRDA:142,19,1,2
BRDA:142,20,0,2
BRDA:142,20,1,0
BRDA:151,21,0,0
BRDA:151,21,1,2
BRDA:172,22,0,0
BRDA:172,22,1,3
BRDA:176,23,0,1
BRDA:176,23,1,2
BRDA:176,24,0,3
BRDA:176,24,1,2
BRDA:176,24,2,2
BRDA:182,25,0,0
BRDA:182,25,1,2
BRDA:187,26,0,0
BRDA:187,26,1,2
BRDA:197,27,0,0
BRDA:197,27,1,2
BRDA:203,28,0,0
BRDA:203,28,1,0
BRDA:211,29,0,1
BRDA:211,29,1,2
BRDA:225,30,0,2
BRDA:225,30,1,0
BRDA:226,31,0,0
BRDA:226,31,1,2
BRDA:227,32,0,0
BRDA:227,32,1,2
BRDA:228,33,0,0
BRDA:228,33,1,2
BRDA:231,34,0,0
BRDA:231,34,1,2
BRDA:249,35,0,1
BRDA:249,35,1,4
BRDA:249,36,0,5
BRDA:249,36,1,4
BRDA:250,37,0,0
BRDA:250,37,1,4
BRDA:253,38,0,1
BRDA:253,38,1,3
BRDA:256,39,0,1
BRDA:256,39,1,2
BRDA:272,40,0,0
BRDA:272,40,1,1
BRDA:276,41,0,1
BRDA:276,41,1,0
BRDA:299,42,0,1
BRDA:299,42,1,0
BRDA:299,43,0,1
BRDA:299,43,1,0
BRDA:300,44,0,0
BRDA:300,44,1,0
BRDA:303,45,0,0
BRDA:303,45,1,0
BRDA:306,46,0,0
BRDA:306,46,1,0
BRDA:339,47,0,1
BRDA:339,47,1,0
BRDA:339,48,0,1
BRDA:339,48,1,1
BRDA:346,49,0,1
BRDA:346,49,1,1
BRDA:346,50,0,2
BRDA:346,50,1,2
BRDA:349,51,0,1
BRDA:349,51,1,0
BRDA:357,52,0,1
BRDA:357,52,1,0
BRDA:357,53,0,1
BRDA:357,53,1,1
BRDA:364,54,0,1
BRDA:364,54,1,1
BRDA:366,55,0,1
BRDA:366,55,1,0
BRDA:368,56,0,0
BRDA:368,56,1,0
BRDA:399,57,0,1
BRDA:399,57,1,1
BRDA:410,58,0,0
BRDA:410,58,1,1
BRDA:426,59,0,1
BRDA:426,59,1,1
BRDA:427,60,0,1
BRDA:427,60,1,0
BRF:124
BRH:79
end_of_record
TN:
SF:src\logging\BetterStackLogSink.ts
FN:19,(anonymous_0)
FN:26,(anonymous_1)
FN:33,(anonymous_2)
FN:48,(anonymous_3)
FN:71,(anonymous_4)
FNF:5
FNH:1
FNDA:4,(anonymous_0)
FNDA:0,(anonymous_1)
FNDA:0,(anonymous_2)
FNDA:0,(anonymous_3)
FNDA:0,(anonymous_4)
DA:1,4
DA:2,4
DA:14,4
DA:20,4
DA:21,4
DA:27,0
DA:34,0
DA:35,0
DA:36,0
DA:38,0
DA:49,0
DA:51,0
DA:52,0
DA:54,0
DA:55,0
DA:63,0
DA:64,0
DA:67,0
DA:72,0
DA:73,0
DA:74,0
DA:75,0
DA:76,0
DA:77,0
DA:78,0
DA:79,0
DA:80,0
DA:81,0
DA:83,0
DA:86,0
LF:30
LH:5
BRDA:22,0,0,4
BRDA:22,0,1,4
BRDA:27,1,0,0
BRDA:27,1,1,0
BRDA:33,2,0,0
BRDA:35,3,0,0
BRDA:35,3,1,0
BRDA:36,4,0,0
BRDA:36,4,1,0
BRDA:48,5,0,0
BRDA:49,6,0,0
BRDA:49,6,1,0
BRDA:63,7,0,0
BRDA:63,7,1,0
BRDA:63,8,0,0
BRDA:63,8,1,0
BRDA:74,9,0,0
BRDA:74,9,1,0
BRDA:74,10,0,0
BRDA:74,10,1,0
BRDA:74,10,2,0
BRDA:76,11,0,0
BRDA:76,11,1,0
BRDA:76,12,0,0
BRDA:76,12,1,0
BRDA:76,12,2,0
BRDA:78,13,0,0
BRDA:78,13,1,0
BRDA:80,14,0,0
BRDA:80,14,1,0
BRDA:80,15,0,0
BRDA:80,15,1,0
BRDA:80,15,2,0
BRF:33
BRH:2
end_of_record
TN:
SF:src\logging\appLogger.ts
FN:6,consoleLine
FN:13,emit
FN:22,(anonymous_2)
FN:23,(anonymous_3)
FN:24,(anonymous_4)
FN:25,(anonymous_5)
FN:31,logHandledError
FNF:7
FNH:4
FNDA:0,consoleLine
FNDA:33,emit
FNDA:0,(anonymous_2)
FNDA:28,(anonymous_3)
FNDA:0,(anonymous_4)
FNDA:5,(anonymous_5)
FNDA:3,logHandledError
DA:1,4
DA:2,4
DA:4,4
DA:7,0
DA:8,0
DA:9,0
DA:10,0
DA:14,33
DA:15,33
DA:17,0
DA:18,0
DA:21,4
DA:22,0
DA:23,28
DA:24,0
DA:25,5
DA:31,4
DA:32,3
DA:33,3
LF:19
LH:11
BRDA:7,0,0,0
BRDA:7,0,1,0
BRDA:8,1,0,0
BRDA:8,1,1,0
BRDA:9,2,0,0
BRDA:9,2,1,0
BRDA:13,3,0,0
BRDA:14,4,0,33
BRDA:14,4,1,0
BRDA:22,5,0,0
BRDA:23,6,0,0
BRDA:24,7,0,0
BRDA:25,8,0,0
BRDA:31,9,0,3
BRDA:32,10,0,3
BRDA:32,10,1,0
BRF:16
BRH:3
end_of_record
TN:
SF:src\logging\installConsolePatch.ts
FN:7,shouldSkipPatch
FN:11,formatConsoleArgs
FN:14,(anonymous_3)
FN:32,installConsolePatch
FN:38,(anonymous_5)
FN:44,(anonymous_6)
FN:50,(anonymous_7)
FN:56,(anonymous_8)
FN:62,(anonymous_9)
FNF:9
FNH:2
FNDA:1,shouldSkipPatch
FNDA:0,formatConsoleArgs
FNDA:0,(anonymous_3)
FNDA:1,installConsolePatch
FNDA:0,(anonymous_5)
FNDA:0,(anonymous_6)
FNDA:0,(anonymous_7)
FNDA:0,(anonymous_8)
FNDA:0,(anonymous_9)
DA:1,1
DA:2,1
DA:3,1
DA:5,1
DA:8,1
DA:12,0
DA:13,0
DA:15,0
DA:16,0
DA:17,0
DA:18,0
DA:19,0
DA:20,0
DA:21,0
DA:23,0
DA:32,1
DA:33,1
DA:34,0
DA:35,0
DA:36,0
DA:38,0
DA:39,0
DA:40,0
DA:41,0
DA:44,0
DA:45,0
DA:46,0
DA:47,0
DA:50,0
DA:51,0
DA:52,0
DA:53,0
DA:56,0
DA:57,0
DA:58,0
DA:59,0
DA:62,0
DA:63,0
DA:64,0
DA:65,0
DA:69,1
LF:41
LH:8
BRDA:8,0,0,1
BRDA:8,0,1,0
BRDA:12,1,0,0
BRDA:12,1,1,0
BRDA:15,2,0,0
BRDA:15,2,1,0
BRDA:16,3,0,0
BRDA:16,3,1,0
BRDA:17,4,0,0
BRDA:17,4,1,0
BRDA:18,5,0,0
BRDA:18,5,1,0
BRDA:18,6,0,0
BRDA:18,6,1,0
BRDA:18,6,2,0
BRDA:19,7,0,0
BRDA:19,7,1,0
BRDA:19,8,0,0
BRDA:19,8,1,0
BRDA:33,9,0,1
BRDA:33,9,1,0
BRDA:35,10,0,0
BRDA:35,10,1,0
BRF:23
BRH:2
end_of_record
TN:
SF:src\logging\internalConsole.ts
FNF:0
FNH:0
DA:5,4
LF:1
LH:1
BRDA:7,0,0,4
BRDA:7,0,1,0
BRDA:10,1,0,4
BRDA:10,1,1,0
BRF:4
BRH:2
end_of_record
TN:
SF:src\logging\sanitizeForLog.ts
FN:18,sanitizeHeaders
FN:32,sanitizeBody
FN:35,(anonymous_2)
FNF:3
FNH:2
FNDA:10,sanitizeHeaders
FNDA:30,sanitizeBody
FNDA:0,(anonymous_2)
DA:1,4
DA:8,4
DA:18,4
DA:19,10
DA:20,10
DA:21,10
DA:22,51
DA:23,51
DA:24,5
DA:26,46
DA:29,10
DA:32,4
DA:33,30
DA:34,28
DA:35,0
DA:37,28
DA:38,28
DA:39,28
DA:40,28
DA:41,23
DA:42,23
DA:43,4
DA:44,19
DA:45,0
DA:47,19
DA:50,28
DA:52,0
LF:27
LH:24
BRDA:19,0,0,0
BRDA:19,0,1,10
BRDA:19,1,0,10
BRDA:19,1,1,10
BRDA:23,2,0,5
BRDA:23,2,1,46
BRDA:33,3,0,2
BRDA:33,3,1,28
BRDA:33,4,0,30
BRDA:33,4,1,30
BRDA:34,5,0,0
BRDA:34,5,1,28
BRDA:37,6,0,28
BRDA:37,6,1,0
BRDA:42,7,0,4
BRDA:42,7,1,19
BRDA:44,8,0,0
BRDA:44,8,1,19
BRDA:44,9,0,19
BRDA:44,9,1,0
BRF:20
BRH:15
end_of_record
TN:
SF:src\middlewares\authMiddleware.ts
FN:15,(anonymous_10)
FN:56,(anonymous_11)
FN:69,(anonymous_12)
FN:82,(anonymous_13)
FNF:4
FNH:3
FNDA:6,(anonymous_10)
FNDA:1,(anonymous_11)
FNDA:1,(anonymous_12)
FNDA:0,(anonymous_13)
DA:2,2
DA:4,2
DA:5,2
DA:15,2
DA:16,6
DA:17,6
DA:18,6
DA:19,6
DA:20,5
DA:21,1
DA:22,0
DA:25,6
DA:26,1
DA:29,5
DA:31,5
DA:33,5
DA:34,0
DA:37,5
DA:38,5
DA:40,0
DA:41,0
DA:42,0
DA:44,0
DA:46,0
DA:47,0
DA:49,0
DA:56,2
DA:57,1
DA:58,0
DA:60,1
DA:61,1
DA:63,0
DA:69,2
DA:70,1
DA:71,0
DA:73,1
DA:74,1
DA:76,0
DA:82,2
DA:83,0
DA:84,0
DA:85,0
DA:86,0
DA:87,0
DA:88,0
DA:89,0
DA:90,0
DA:96,0
LF:48
LH:26
BRDA:19,0,0,5
BRDA:19,0,1,1
BRDA:21,1,0,0
BRDA:21,1,1,1
BRDA:25,2,0,1
BRDA:25,2,1,5
BRDA:33,3,0,0
BRDA:33,3,1,5
BRDA:41,4,0,0
BRDA:41,4,1,0
BRDA:41,5,0,0
BRDA:41,5,1,0
BRDA:46,6,0,0
BRDA:46,6,1,0
BRDA:57,7,0,0
BRDA:57,7,1,1
BRDA:60,8,0,1
BRDA:60,8,1,0
BRDA:60,9,0,1
BRDA:60,9,1,1
BRDA:70,10,0,0
BRDA:70,10,1,1
BRDA:73,11,0,1
BRDA:73,11,1,0
BRDA:85,12,0,0
BRDA:85,12,1,0
BRDA:89,13,0,0
BRDA:89,13,1,0
BRF:28
BRH:12
end_of_record
TN:
SF:src\middlewares\authRateLimit.ts
FN:3,(anonymous_1)
FN:5,(anonymous_2)
FN:7,numEnv
FNF:3
FNH:3
FNDA:4,(anonymous_1)
FNDA:4,(anonymous_2)
FNDA:4,numEnv
DA:1,1
DA:3,4
DA:5,4
DA:8,4
DA:9,4
DA:16,1
DA:25,1
DA:37,1
DA:49,1
LF:9
LH:9
BRDA:9,0,0,0
BRDA:9,0,1,4
BRDA:9,1,0,4
BRDA:9,1,1,0
BRF:4
BRH:2
end_of_record
TN:
SF:src\middlewares\errorHandler.ts
FN:14,(anonymous_0)
FN:30,(anonymous_1)
FNF:2
FNH:2
FNDA:2,(anonymous_0)
FNDA:1,(anonymous_1)
DA:2,2
DA:14,2
DA:15,2
DA:16,2
DA:27,2
DA:28,1
DA:30,1
DA:32,1
DA:36,1
DA:37,1
DA:38,1
DA:40,0
DA:41,0
DA:42,0
DA:46,0
LF:15
LH:11
BRDA:15,0,0,2
BRDA:15,0,1,2
BRDA:23,1,0,0
BRDA:23,1,1,2
BRDA:27,2,0,1
BRDA:27,2,1,1
BRDA:30,3,0,1
BRDA:30,3,1,0
BRDA:36,4,0,1
BRDA:36,4,1,0
BRDA:40,5,0,0
BRDA:40,5,1,0
BRDA:47,6,0,0
BRDA:47,6,1,0
BRDA:49,7,0,0
BRDA:49,7,1,0
BRF:16
BRH:7
end_of_record
TN:
SF:src\middlewares\httpLogMiddleware.ts
FN:6,clientIp
FN:18,httpLogMiddleware
FN:41,(anonymous_2)
FNF:3
FNH:3
FNDA:10,clientIp
FNDA:10,httpLogMiddleware
FNDA:10,(anonymous_2)
DA:1,1
DA:3,1
DA:4,1
DA:7,10
DA:8,10
DA:9,0
DA:11,10
DA:12,10
DA:18,1
DA:19,10
DA:20,10
DA:21,10
DA:23,10
DA:24,10
DA:26,10
DA:41,10
DA:42,10
DA:43,10
DA:54,10
LF:19
LH:18
BRDA:8,0,0,0
BRDA:8,0,1,10
BRDA:8,1,0,10
BRDA:8,1,1,0
BRDA:11,2,0,0
BRDA:11,2,1,10
BRDA:11,3,0,10
BRDA:11,3,1,0
BRDA:23,4,0,10
BRDA:23,4,1,10
BRF:10
BRH:6
end_of_record
TN:
SF:src\middlewares\unhandledProcessHandlers.ts
FN:6,registerUnhandledProcessHandlers
FN:9,(anonymous_1)
FN:18,(anonymous_2)
FNF:3
FNH:0
FNDA:0,registerUnhandledProcessHandlers
FNDA:0,(anonymous_1)
FNDA:0,(anonymous_2)
DA:1,1
DA:6,1
DA:7,0
DA:9,0
DA:10,0
DA:11,0
DA:18,0
DA:19,0
LF:8
LH:2
BRDA:7,0,0,0
BRDA:7,0,1,0
BRDA:10,1,0,0
BRDA:10,1,1,0
BRF:4
BRH:0
end_of_record
TN:
SF:src\models\fase.ts
FNF:0
FNH:0
DA:1,2
DA:19,2
DA:25,2
DA:46,2
LF:4
LH:4
BRF:0
BRH:0
end_of_record
TN:
SF:src\models\feedback.ts
FNF:0
FNH:0
DA:1,2
DA:11,2
DA:41,2
LF:3
LH:3
BRDA:41,0,0,2
BRDA:41,0,1,2
BRF:2
BRH:2
end_of_record
TN:
SF:src\models\licaoSalva.ts
FNF:0
FNH:0
DA:1,2
DA:8,2
DA:25,2
DA:27,2
LF:4
LH:4
BRF:0
BRH:0
end_of_record
TN:
SF:src\models\progresso.ts
FNF:0
FNH:0
DA:1,2
DA:16,2
DA:71,2
DA:73,2
LF:4
LH:4
BRF:0
BRH:0
end_of_record
TN:
SF:src\models\resetToken.ts
FN:25,(anonymous_1)
FNF:1
FNH:1
FNDA:1,(anonymous_1)
DA:1,2
DA:10,2
DA:25,1
DA:36,2
LF:4
LH:4
BRF:0
BRH:0
end_of_record
TN:
SF:src\models\secao.ts
FNF:0
FNH:0
DA:2,2
DA:11,2
DA:35,2
DA:37,2
LF:4
LH:4
BRF:0
BRH:0
end_of_record
TN:
SF:src\models\trilha.ts
FNF:0
FNH:0
DA:1,2
DA:19,2
DA:42,2
DA:43,2
LF:4
LH:4
BRF:0
BRH:0
end_of_record
TN:
SF:src\models\user.ts
FNF:0
FNH:0
DA:1,2
DA:38,2
DA:111,2
DA:121,2
LF:4
LH:4
BRDA:121,0,0,2
BRDA:121,0,1,2
BRF:2
BRH:2
end_of_record
TN:
SF:src\routes\authRoutes.ts
FN:23,(anonymous_1)
FN:24,(anonymous_2)
FNF:2
FNH:0
FNDA:0,(anonymous_1)
FNDA:0,(anonymous_2)
DA:1,1
DA:2,1
DA:9,1
DA:10,1
DA:11,1
DA:12,1
DA:14,1
DA:17,1
DA:18,1
DA:19,0
DA:22,1
DA:23,0
DA:25,0
DA:26,0
DA:27,0
DA:30,1
DA:33,1
DA:34,1
DA:35,1
DA:36,1
DA:69,1
DA:71,1
LF:22
LH:17
BRDA:18,0,0,0
BRDA:18,0,1,1
BRF:2
BRH:1
end_of_record
TN:
SF:src\routes\faseRoutes.ts
FNF:0
FNH:0
DA:1,1
DA:2,1
DA:12,1
DA:14,1
DA:17,1
DA:18,1
DA:19,1
DA:20,1
DA:23,1
DA:26,1
DA:27,1
DA:28,1
DA:30,1
LF:13
LH:13
BRF:0
BRH:0
end_of_record
TN:
SF:src\routes\feedbackRoutes.ts
FNF:0
FNH:0
DA:1,1
DA:2,1
DA:3,1
DA:5,1
DA:8,1
DA:11,1
DA:13,1
LF:7
LH:7
BRF:0
BRH:0
end_of_record
TN:
SF:src\routes\homeRoutes.ts
FNF:0
FNH:0
DA:1,1
DA:2,1
DA:3,1
DA:4,1
DA:6,1
DA:8,1
DA:10,1
DA:12,1
LF:8
LH:8
BRF:0
BRH:0
end_of_record
TN:
SF:src\routes\licaoSalvaRoutes.ts
FNF:0
FNH:0
DA:1,1
DA:2,1
DA:3,1
DA:10,1
DA:13,1
DA:15,1
DA:16,1
DA:17,1
DA:18,1
DA:20,1
LF:10
LH:10
BRF:0
BRH:0
end_of_record
TN:
SF:src\routes\perguntaRoutes.ts
FNF:0
FNH:0
DA:1,1
DA:2,1
DA:8,1
DA:10,1
DA:13,1
DA:15,1
DA:16,1
DA:17,1
DA:18,1
DA:20,1
LF:10
LH:10
BRF:0
BRH:0
end_of_record
TN:
SF:src\routes\progressoRoutes.ts
FNF:0
FNH:0
DA:1,1
DA:2,1
DA:9,1
DA:11,1
DA:14,1
DA:16,1
DA:17,1
DA:18,1
DA:19,1
DA:20,1
DA:22,1
LF:11
LH:11
BRF:0
BRH:0
end_of_record
TN:
SF:src\routes\rankingRoutes.ts
FNF:0
FNH:0
DA:1,1
DA:2,1
DA:3,1
DA:5,1
DA:8,1
DA:10,1
DA:11,1
DA:13,1
LF:8
LH:8
BRF:0
BRH:0
end_of_record
TN:
SF:src\routes\secoesRoutes.ts
FNF:0
FNH:0
DA:1,1
DA:2,1
DA:10,1
DA:12,1
DA:14,1
DA:15,1
DA:16,1
DA:19,1
DA:20,1
DA:21,1
DA:23,1
LF:11
LH:11
BRF:0
BRH:0
end_of_record
TN:
SF:src\routes\trilhaRoutes.ts
FNF:0
FNH:0
DA:1,1
DA:2,1
DA:3,1
DA:16,1
DA:18,1
DA:21,1
DA:22,1
DA:23,1
DA:24,1
DA:25,1
DA:28,1
DA:29,1
DA:30,1
DA:31,1
DA:34,1
DA:35,1
DA:36,1
DA:38,1
LF:18
LH:18
BRF:0
BRH:0
end_of_record
TN:
SF:src\routes\userRoutes.ts
FN:47,(anonymous_1)
FN:48,(anonymous_2)
FNF:2
FNH:0
FNDA:0,(anonymous_1)
FNDA:0,(anonymous_2)
DA:1,1
DA:2,1
DA:20,1
DA:27,1
DA:28,1
DA:34,1
DA:35,1
DA:36,1
DA:38,1
DA:41,1
DA:42,1
DA:43,0
DA:46,1
DA:47,0
DA:49,0
DA:50,0
DA:51,0
DA:54,1
DA:57,1
DA:58,1
DA:59,1
DA:62,1
DA:63,1
DA:64,1
DA:65,1
DA:66,1
DA:74,1
DA:75,1
DA:76,1
DA:77,1
DA:78,1
DA:81,1
DA:82,1
DA:85,1
DA:86,1
DA:87,1
DA:90,1
DA:91,1
DA:92,1
DA:94,1
LF:40
LH:35
BRDA:42,0,0,0
BRDA:42,0,1,1
BRF:2
BRH:1
end_of_record
TN:
SF:src\services\emailVerificationService.ts
FN:5,isTransactionalEmailConfigured
FN:9,escapeHtml
FN:16,smtpFromAddress
FN:24,deliverHtmlEmail
FN:70,(anonymous_4)
FN:114,(anonymous_5)
FNF:6
FNH:5
FNDA:1,isTransactionalEmailConfigured
FNDA:0,escapeHtml
FNDA:1,smtpFromAddress
FNDA:1,deliverHtmlEmail
FNDA:1,(anonymous_4)
FNDA:1,(anonymous_5)
DA:1,2
DA:2,2
DA:3,2
DA:5,2
DA:6,1
DA:10,0
DA:17,1
DA:29,1
DA:30,0
DA:31,0
DA:32,0
DA:33,0
DA:35,0
DA:41,0
DA:42,0
DA:44,0
DA:45,0
DA:47,0
DA:50,1
DA:51,1
DA:52,1
DA:53,1
DA:62,1
DA:65,0
DA:70,2
DA:75,1
DA:76,1
DA:77,0
DA:80,1
DA:81,1
DA:84,0
DA:85,0
DA:88,0
DA:91,0
DA:92,0
DA:93,0
DA:95,0
DA:114,2
DA:118,1
DA:119,0
DA:122,1
DA:123,0
DA:126,1
DA:127,0
DA:130,0
DA:133,1
DA:134,1
DA:135,1
DA:136,1
DA:137,1
DA:139,1
LF:51
LH:27
BRDA:6,0,0,1
BRDA:6,0,1,1
BRDA:18,1,0,1
BRDA:18,1,1,1
BRDA:18,1,2,0
BRDA:29,2,0,0
BRDA:29,2,1,1
BRDA:32,3,0,0
BRDA:32,3,1,0
BRDA:32,4,0,0
BRDA:32,4,1,0
BRDA:41,5,0,0
BRDA:41,5,1,0
BRDA:42,6,0,0
BRDA:42,6,1,0
BRDA:44,7,0,0
BRDA:44,7,1,0
BRDA:51,8,0,1
BRDA:51,8,1,0
BRDA:58,9,0,0
BRDA:58,9,1,1
BRDA:75,10,0,1
BRDA:75,10,1,0
BRDA:76,11,0,0
BRDA:76,11,1,1
BRDA:80,12,0,1
BRDA:80,12,1,0
BRDA:80,13,0,1
BRDA:80,13,1,0
BRDA:84,14,0,0
BRDA:84,14,1,0
BRDA:93,15,0,0
BRDA:93,15,1,0
BRDA:118,16,0,0
BRDA:118,16,1,1
BRDA:118,17,0,1
BRDA:118,17,1,1
BRDA:122,18,0,0
BRDA:122,18,1,1
BRDA:122,19,0,1
BRDA:122,19,1,1
BRDA:126,20,0,0
BRDA:126,20,1,1
BRDA:134,21,0,1
BRDA:134,21,1,1
BRDA:135,22,0,1
BRDA:135,22,1,0
BRDA:136,23,0,0
BRDA:136,23,1,1
BRF:49
BRH:22
end_of_record
TN:
SF:src\services\geminiTrilhaSugestaoService.ts
FN:74,resolveTrilhaIaPostUrl
FN:83,dificuldadeParaNivel
FN:91,perguntaIntegraParaSugestao
FN:96,(anonymous_3)
FN:111,mapIntegraResponseToSugestao
FN:139,(anonymous_5)
FN:157,(anonymous_6)
FN:172,isIntegraTrilhaShape
FN:178,normalizarSugestao
FN:183,(anonymous_9)
FN:185,(anonymous_10)
FN:187,(anonymous_11)
FN:188,(anonymous_12)
FN:196,(anonymous_13)
FN:207,extrairCorpoSugestao
FN:224,gerarSugestaoTrilhaViaServicoIa
FN:264,(anonymous_16)
FNF:17
FNH:0
FNDA:0,resolveTrilhaIaPostUrl
FNDA:0,dificuldadeParaNivel
FNDA:0,perguntaIntegraParaSugestao
FNDA:0,(anonymous_3)
FNDA:0,mapIntegraResponseToSugestao
FNDA:0,(anonymous_5)
FNDA:0,(anonymous_6)
FNDA:0,isIntegraTrilhaShape
FNDA:0,normalizarSugestao
FNDA:0,(anonymous_9)
FNDA:0,(anonymous_10)
FNDA:0,(anonymous_11)
FNDA:0,(anonymous_12)
FNDA:0,(anonymous_13)
FNDA:0,extrairCorpoSugestao
FNDA:0,gerarSugestaoTrilhaViaServicoIa
FNDA:0,(anonymous_16)
DA:1,1
DA:75,0
DA:76,0
DA:77,0
DA:78,0
DA:79,0
DA:80,0
DA:86,0
DA:87,0
DA:88,0
DA:96,0
DA:97,0
DA:98,0
DA:99,0
DA:100,0
DA:101,0
DA:102,0
DA:103,0
DA:104,0
DA:119,0
DA:120,0
DA:121,0
DA:122,0
DA:123,0
DA:124,0
DA:125,0
DA:126,0
DA:134,0
DA:137,0
DA:138,0
DA:139,0
DA:144,0
DA:153,0
DA:157,0
DA:159,0
DA:173,0
DA:174,0
DA:175,0
DA:179,0
DA:180,0
DA:183,0
DA:185,0
DA:188,0
DA:189,0
DA:190,0
DA:191,0
DA:196,0
DA:198,0
DA:208,0
DA:209,0
DA:211,0
DA:212,0
DA:214,0
DA:215,0
DA:217,0
DA:224,1
DA:225,0
DA:226,0
DA:228,0
DA:229,0
DA:230,0
DA:231,0
DA:233,0
DA:235,0
DA:237,0
DA:244,0
DA:253,0
DA:254,0
DA:255,0
DA:257,0
DA:261,0
DA:263,0
DA:264,0
DA:267,0
DA:268,0
DA:275,0
DA:276,0
DA:277,0
DA:279,0
DA:282,0
DA:284,0
DA:285,0
DA:287,0
DA:290,0
DA:292,0
DA:297,0
DA:300,0
DA:301,0
DA:308,0
DA:311,0
DA:312,0
DA:316,1
LF:92
LH:3
BRDA:76,0,0,0
BRDA:76,0,1,0
BRDA:78,1,0,0
BRDA:78,1,1,0
BRDA:79,2,0,0
BRDA:79,2,1,0
BRDA:86,3,0,0
BRDA:86,3,1,0
BRDA:87,4,0,0
BRDA:87,4,1,0
BRDA:96,5,0,0
BRDA:96,5,1,0
BRDA:100,6,0,0
BRDA:100,6,1,0
BRDA:102,7,0,0
BRDA:102,7,1,0
BRDA:103,8,0,0
BRDA:103,8,1,0
BRDA:103,9,0,0
BRDA:103,9,1,0
BRDA:104,10,0,0
BRDA:104,10,1,0
BRDA:119,11,0,0
BRDA:119,11,1,0
BRDA:124,12,0,0
BRDA:124,12,1,0
BRDA:128,13,0,0
BRDA:128,13,1,0
BRDA:129,14,0,0
BRDA:129,14,1,0
BRDA:130,15,0,0
BRDA:130,15,1,0
BRDA:131,16,0,0
BRDA:131,16,1,0
BRDA:134,17,0,0
BRDA:134,17,1,0
BRDA:137,18,0,0
BRDA:137,18,1,0
BRDA:137,19,0,0
BRDA:137,19,1,0
BRDA:147,20,0,0
BRDA:147,20,1,0
BRDA:153,21,0,0
BRDA:153,21,1,0
BRDA:153,21,2,0
BRDA:154,22,0,0
BRDA:154,22,1,0
BRDA:162,23,0,0
BRDA:162,23,1,0
BRDA:166,24,0,0
BRDA:166,24,1,0
BRDA:173,25,0,0
BRDA:173,25,1,0
BRDA:173,26,0,0
BRDA:173,26,1,0
BRDA:179,27,0,0
BRDA:179,27,1,0
BRDA:179,28,0,0
BRDA:179,28,1,0
BRDA:183,29,0,0
BRDA:183,29,1,0
BRDA:185,30,0,0
BRDA:185,30,1,0
BRDA:187,31,0,0
BRDA:187,31,1,0
BRDA:188,32,0,0
BRDA:188,32,1,0
BRDA:189,33,0,0
BRDA:189,33,1,0
BRDA:190,34,0,0
BRDA:190,34,1,0
BRDA:190,35,0,0
BRDA:190,35,1,0
BRDA:196,36,0,0
BRDA:196,36,1,0
BRDA:201,37,0,0
BRDA:201,37,1,0
BRDA:208,38,0,0
BRDA:208,38,1,0
BRDA:208,39,0,0
BRDA:208,39,1,0
BRDA:208,39,2,0
BRDA:208,39,3,0
BRDA:211,40,0,0
BRDA:211,40,1,0
BRDA:211,41,0,0
BRDA:211,41,1,0
BRDA:211,41,2,0
BRDA:214,42,0,0
BRDA:214,42,1,0
BRDA:214,43,0,0
BRDA:214,43,1,0
BRDA:214,43,2,0
BRDA:226,44,0,0
BRDA:226,44,1,0
BRDA:228,45,0,0
BRDA:228,45,1,0
BRDA:229,46,0,0
BRDA:229,46,1,0
BRDA:230,47,0,0
BRDA:230,47,1,0
BRDA:231,48,0,0
BRDA:231,48,1,0
BRDA:239,49,0,0
BRDA:239,49,1,0
BRDA:245,50,0,0
BRDA:245,50,1,0
BRDA:248,51,0,0
BRDA:248,51,1,0
BRDA:254,52,0,0
BRDA:254,52,1,0
BRDA:261,53,0,0
BRDA:261,53,1,0
BRDA:276,54,0,0
BRDA:276,54,1,0
BRDA:285,55,0,0
BRDA:285,55,1,0
BRDA:290,56,0,0
BRDA:290,56,1,0
BRDA:292,57,0,0
BRDA:292,57,1,0
BRDA:292,58,0,0
BRDA:292,58,1,0
BRDA:292,58,2,0
BRDA:294,59,0,0
BRDA:294,59,1,0
BRDA:294,60,0,0
BRDA:294,60,1,0
BRDA:294,60,2,0
BRDA:296,61,0,0
BRDA:296,61,1,0
BRDA:300,62,0,0
BRDA:300,62,1,0
BRF:133
BRH:0
end_of_record
TN:
SF:src\services\ragTrilhaContext.ts
FN:5,(anonymous_1)
FN:7,formatarFaseResumo
FN:21,(anonymous_3)
FN:34,buscarContextoRagTrilha
FNF:4
FNH:0
FNDA:0,(anonymous_1)
FNDA:0,formatarFaseResumo
FNDA:0,(anonymous_3)
FNDA:0,buscarContextoRagTrilha
DA:2,1
DA:3,1
DA:5,1
DA:14,0
DA:15,0
DA:16,0
DA:17,0
DA:18,0
DA:19,0
DA:20,0
DA:21,0
DA:22,0
DA:23,0
DA:24,0
DA:27,0
DA:34,1
DA:38,0
DA:39,0
DA:41,0
DA:42,0
DA:44,0
DA:45,0
DA:51,0
DA:52,0
DA:59,0
DA:60,0
DA:61,0
DA:62,0
DA:68,0
DA:69,0
DA:71,0
DA:72,0
DA:75,0
DA:76,0
DA:79,0
LF:35
LH:4
BRDA:15,0,0,0
BRDA:15,0,1,0
BRDA:16,1,0,0
BRDA:16,1,1,0
BRDA:17,2,0,0
BRDA:17,2,1,0
BRDA:18,3,0,0
BRDA:18,3,1,0
BRDA:18,4,0,0
BRDA:18,4,1,0
BRDA:18,5,0,0
BRDA:18,5,1,0
BRDA:19,6,0,0
BRDA:19,6,1,0
BRDA:38,7,0,0
BRDA:38,7,1,0
BRDA:39,8,0,0
BRDA:39,8,1,0
BRDA:42,9,0,0
BRDA:42,9,1,0
BRDA:51,10,0,0
BRDA:51,10,1,0
BRDA:69,11,0,0
BRDA:69,11,1,0
BRDA:75,12,0,0
BRDA:75,12,1,0
BRF:26
BRH:0
end_of_record
TN:
SF:src\services\twoFactorBackupCodes.ts
FN:10,generatePlainBackupCodes
FN:18,normalizeBackupCodeInput
FN:22,formatBackupCodeForUser
FN:27,hashBackupCodes
FN:39,tryConsumeBackupCode
FN:51,(anonymous_6)
FNF:6
FNH:6
FNDA:2,generatePlainBackupCodes
FNDA:7,normalizeBackupCodeInput
FNDA:2,formatBackupCodeForUser
FNDA:1,hashBackupCodes
FNDA:2,tryConsumeBackupCode
FNDA:2,(anonymous_6)
DA:1,2
DA:2,2
DA:5,2
DA:10,2
DA:11,2
DA:12,2
DA:13,5
DA:15,2
DA:18,2
DA:19,7
DA:22,2
DA:23,2
DA:24,2
DA:27,2
DA:28,1
DA:29,1
DA:30,2
DA:31,2
DA:33,1
DA:39,2
DA:43,2
DA:45,2
DA:46,0
DA:48,2
DA:49,2
DA:50,2
DA:51,2
DA:54,1
LF:28
LH:27
BRDA:10,0,0,0
BRDA:24,1,0,2
BRDA:24,1,1,0
BRDA:45,2,0,0
BRDA:45,2,1,2
BRDA:45,3,0,2
BRDA:45,3,1,2
BRDA:50,4,0,1
BRDA:50,4,1,1
BRF:9
BRH:6
end_of_record
TN:
SF:src\services\twoFactorservice.ts
FN:3,(anonymous_1)
FN:6,(anonymous_2)
FN:15,(anonymous_3)
FNF:3
FNH:0
FNDA:0,(anonymous_1)
FNDA:0,(anonymous_2)
FNDA:0,(anonymous_3)
DA:1,1
DA:3,1
DA:4,0
DA:6,1
DA:7,0
DA:8,0
DA:15,1
DA:16,0
LF:8
LH:4
BRDA:4,0,0,0
BRDA:4,0,1,0
BRDA:4,0,2,0
BRF:3
BRH:0
end_of_record
TN:
SF:src\services\userService.ts
FN:4,listarUsuarios
FN:8,criarUsuario
FN:17,loginUsuario
FNF:3
FNH:3
FNDA:1,listarUsuarios
FNDA:1,criarUsuario
FNDA:2,loginUsuario
DA:1,4
DA:2,4
DA:4,4
DA:5,1
DA:8,4
DA:9,1
DA:10,1
DA:12,0
DA:13,0
DA:14,0
DA:17,4
DA:18,2
DA:19,2
DA:20,1
DA:23,1
DA:24,1
DA:25,1
DA:28,0
LF:18
LH:14
BRDA:9,0,0,1
BRDA:9,0,1,0
BRDA:19,1,0,1
BRDA:19,1,1,1
BRDA:24,2,0,1
BRDA:24,2,1,0
BRF:6
BRH:4
end_of_record
TN:
SF:src\utils\tokenHelper.ts
FN:13,(anonymous_9)
FNF:1
FNH:1
FNDA:6,(anonymous_9)
DA:1,1
DA:13,1
DA:14,6
DA:16,6
DA:17,1
DA:18,1
DA:21,5
LF:7
LH:7
BRDA:16,0,0,1
BRDA:16,0,1,5
BRF:2
BRH:2
end_of_record
TN:
SF:src\utils\twoFactorPendingToken.ts
FN:7,pendingTokenExpires
FN:12,signTwoFactorPendingToken
FNF:2
FNH:0
FNDA:0,pendingTokenExpires
FNDA:0,signTwoFactorPendingToken
DA:1,2
DA:4,2
DA:8,0
DA:9,0
DA:12,2
DA:13,0
DA:14,0
DA:15,0
DA:17,0
LF:9
LH:3
BRDA:9,0,0,0
BRDA:9,0,1,0
BRDA:9,1,0,0
BRDA:9,1,1,0
BRDA:14,2,0,0
BRDA:14,2,1,0
BRF:6
BRH:0
end_of_record
